<?xml version="1.0" encoding="utf-8"?>
<CoverageSession xmlns:xsd="http://www.w3.org/2001/XMLSchema" xmlns:xsi="http://www.w3.org/2001/XMLSchema-instance" Version="0.0.0.0">
  <Summary numSequencePoints="2431" visitedSequencePoints="2312" numBranchPoints="0" visitedBranchPoints="0" sequenceCoverage="95.10" branchCoverage="0.0" maxCyclomaticComplexity="0" minCyclomaticComplexity="0" maxCrapScore="0" minCrapScore="0" visitedClasses="80" numClasses="81" visitedMethods="288" numMethods="290" />
  <Modules>
    <Module>
      <Summary numSequencePoints="1324" visitedSequencePoints="1247" numBranchPoints="0" visitedBranchPoints="0" sequenceCoverage="94.18" branchCoverage="0.0" maxCyclomaticComplexity="0" minCyclomaticComplexity="0" maxCrapScore="0" minCrapScore="0" visitedClasses="45" numClasses="46" visitedMethods="175" numMethods="177" />
      <ModuleTime>0001-01-01T00:00:00</ModuleTime>
      <ModuleName>PuzzleGameScripts</ModuleName>
      <Files>
        <File uid="36" fullPath="C:/Users/josep/VRPuzzleGame/Assets/Scripts/Chunk.cs" />
        <File uid="37" fullPath="C:/Users/josep/VRPuzzleGame/Assets/Scripts/HintManager.cs" />
        <File uid="38" fullPath="C:/Users/josep/VRPuzzleGame/Assets/Scripts/Piece.cs" />
        <File uid="39" fullPath="C:/Users/josep/VRPuzzleGame/Assets/Scripts/PieceMissingConnections.cs" />
        <File uid="40" fullPath="C:/Users/josep/VRPuzzleGame/Assets/Scripts/PieceResponse.cs" />
        <File uid="41" fullPath="C:/Users/josep/VRPuzzleGame/Assets/Scripts/Puzzle.cs" />
        <File uid="42" fullPath="C:/Users/josep/VRPuzzleGame/Assets/Scripts/PuzzleGenerationData.cs" />
        <File uid="43" fullPath="C:/Users/josep/VRPuzzleGame/Assets/Scripts/PuzzleManager.cs" />
        <File uid="44" fullPath="C:/Users/josep/VRPuzzleGame/Assets/Scripts/PuzzlePlacement.cs" />
        <File uid="45" fullPath="C:/Users/josep/VRPuzzleGame/Assets/Scripts/PuzzleResponse.cs" />
        <File uid="46" fullPath="C:/Users/josep/VRPuzzleGame/Assets/Scripts/Util.cs" />
        <File uid="47" fullPath="C:/Users/josep/VRPuzzleGame/Assets/Scripts/UI/CompletionDialog.cs" />
        <File uid="48" fullPath="C:/Users/josep/VRPuzzleGame/Assets/Scripts/UI/FileBrowserTest.cs" />
        <File uid="49" fullPath="C:/Users/josep/VRPuzzleGame/Assets/Scripts/UI/FollowCamera.cs" />
        <File uid="50" fullPath="C:/Users/josep/VRPuzzleGame/Assets/Scripts/UI/HUD.cs" />
        <File uid="51" fullPath="C:/Users/josep/VRPuzzleGame/Assets/Scripts/UI/LeaderboardRow.cs" />
        <File uid="52" fullPath="C:/Users/josep/VRPuzzleGame/Assets/Scripts/UI/PuzzleCreation.cs" />
        <File uid="53" fullPath="C:/Users/josep/VRPuzzleGame/Assets/Scripts/UI/PuzzleForm.cs" />
        <File uid="54" fullPath="C:/Users/josep/VRPuzzleGame/Assets/Scripts/UI/PuzzleFormBehaviour.cs" />
        <File uid="55" fullPath="C:/Users/josep/VRPuzzleGame/Assets/Scripts/UI/PuzzleGallery.cs" />
        <File uid="56" fullPath="C:/Users/josep/VRPuzzleGame/Assets/Scripts/UI/PuzzleGalleryTile.cs" />
        <File uid="57" fullPath="C:/Users/josep/VRPuzzleGame/Assets/Scripts/UI/PuzzleInfo.cs" />
        <File uid="58" fullPath="C:/Users/josep/VRPuzzleGame/Assets/Scripts/UI/PuzzleLeaderboard.cs" />
        <File uid="59" fullPath="C:/Users/josep/VRPuzzleGame/Assets/Scripts/UI/PuzzleOnlineGalleryTile.cs" />
        <File uid="60" fullPath="C:/Users/josep/VRPuzzleGame/Assets/Scripts/UI/PuzzleSettings.cs" />
        <File uid="61" fullPath="C:/Users/josep/VRPuzzleGame/Assets/Scripts/UI/RealPuzzleDetectionReport.cs" />
        <File uid="62" fullPath="C:/Users/josep/VRPuzzleGame/Assets/Scripts/UI/UIManager.cs" />
        <File uid="63" fullPath="C:/Users/josep/VRPuzzleGame/Assets/Scripts/UI/UIUtils.cs" />
        <File uid="64" fullPath="C:/Users/josep/VRPuzzleGame/Assets/Scripts/Seeders/PuzzleSeeder.cs" />
        <File uid="65" fullPath="C:/Users/josep/VRPuzzleGame/Assets/Scripts/PuzzleGeneration/PieceCut.cs" />
        <File uid="66" fullPath="C:/Users/josep/VRPuzzleGame/Assets/Scripts/PuzzleGeneration/PieceMeshGenerator.cs" />
        <File uid="67" fullPath="C:/Users/josep/VRPuzzleGame/Assets/Scripts/PuzzleGeneration/PieceShape.cs" />
        <File uid="68" fullPath="C:/Users/josep/VRPuzzleGame/Assets/Scripts/PuzzleGeneration/PuzzleGenerationDimensions.cs" />
        <File uid="69" fullPath="C:/Users/josep/VRPuzzleGame/Assets/Scripts/PuzzleGeneration/PuzzleLayout.cs" />
        <File uid="70" fullPath="C:/Users/josep/VRPuzzleGame/Assets/Scripts/PuzzleGeneration/Triangle/TrianglePair.cs" />
        <File uid="71" fullPath="C:/Users/josep/VRPuzzleGame/Assets/Scripts/PuzzleGeneration/Triangle/TrianglePuzzleGenerator.cs" />
        <File uid="72" fullPath="C:/Users/josep/VRPuzzleGame/Assets/Scripts/PuzzleGeneration/Rectangle/RectanglePuzzleGenerator.cs" />
        <File uid="73" fullPath="C:/Users/josep/VRPuzzleGame/Assets/Scripts/PuzzleGeneration/Jigsaw/JigsawPieceBorder.cs" />
        <File uid="74" fullPath="C:/Users/josep/VRPuzzleGame/Assets/Scripts/PuzzleGeneration/Jigsaw/JigsawPieceEdgeType.cs" />
        <File uid="75" fullPath="C:/Users/josep/VRPuzzleGame/Assets/Scripts/PuzzleGeneration/Jigsaw/JigsawPuzzleGenerator.cs" />
        <File uid="76" fullPath="C:/Users/josep/VRPuzzleGame/Assets/Scripts/PuzzleGeneration/Hexagon/HexagonPuzzleGenerator.cs" />
        <File uid="77" fullPath="C:/Users/josep/VRPuzzleGame/Assets/Scripts/Persistence/LocalSave.cs" />
        <File uid="78" fullPath="C:/Users/josep/VRPuzzleGame/Assets/Scripts/Persistence/LocalSaveInitializer.cs" />
        <File uid="79" fullPath="C:/Users/josep/VRPuzzleGame/Assets/Scripts/Persistence/PuzzleMetadata.cs" />
        <File uid="80" fullPath="C:/Users/josep/VRPuzzleGame/Assets/Scripts/Persistence/PuzzleSaveData.cs" />
        <File uid="81" fullPath="C:/Users/josep/VRPuzzleGame/Assets/Scripts/Networking/API/LeaderboardApi.cs" />
        <File uid="82" fullPath="C:/Users/josep/VRPuzzleGame/Assets/Scripts/Networking/API/PuzzleServerApiInitializer.cs" />
        <File uid="83" fullPath="C:/Users/josep/VRPuzzleGame/Assets/Scripts/Networking/Request/CreatePuzzleRequest.cs" />
        <File uid="84" fullPath="C:/Users/josep/VRPuzzleGame/Assets/Scripts/Networking/DTO/JsonArray.cs" />
        <File uid="85" fullPath="C:/Users/josep/VRPuzzleGame/Assets/Scripts/Networking/API/ContentApi.cs" />
        <File uid="86" fullPath="C:/Users/josep/VRPuzzleGame/Assets/Scripts/Networking/API/MetaQuestAuthenticationManager.cs" />
        <File uid="87" fullPath="C:/Users/josep/VRPuzzleGame/Assets/Scripts/Networking/API/PuzzleMetadataApi.cs" />
        <File uid="88" fullPath="C:/Users/josep/VRPuzzleGame/Assets/Scripts/Networking/API/PuzzleServerApi.cs" />
        <File uid="89" fullPath="C:/Users/josep/VRPuzzleGame/Assets/Scripts/PuzzleGeneration/Real/RealPuzzleGenerator.cs" />
      </Files>
      <Classes>
        <Class>
          <Summary numSequencePoints="72" visitedSequencePoints="72" numBranchPoints="0" visitedBranchPoints="0" sequenceCoverage="100.0" branchCoverage="0.0" maxCyclomaticComplexity="0" minCyclomaticComplexity="0" maxCrapScore="0" minCrapScore="0" visitedClasses="1" numClasses="1" visitedMethods="11" numMethods="11" />
          <FullName>Chunk</FullName>
          <Methods>
            <Method visited="true" cyclomaticComplexity="0" nPathComplexity="0" sequenceCoverage="100.0" branchCoverage="0" crapScore="0" isConstructor="false" isStatic="false" isGetter="true" isSetter="false">
              <Summary numSequencePoints="1" visitedSequencePoints="1" numBranchPoints="0" visitedBranchPoints="0" sequenceCoverage="100.0" branchCoverage="0" maxCyclomaticComplexity="0" minCyclomaticComplexity="0" maxCrapScore="0" minCrapScore="0" visitedClasses="0" numClasses="0" visitedMethods="1" numMethods="1" />
              <MetadataToken>100663303</MetadataToken>
              <Name>Piece[] Chunk::get_Pieces()</Name>
              <FileRef uid="36" />
              <SequencePoints>
                <SequencePoint vc="69" uspid="19808" ordinal="0" offset="0" sl="22" sc="30" el="22" ec="30" bec="0" bev="0" fileid="36" />
              </SequencePoints>
              <BranchPoints />
            </Method>
            <Method visited="true" cyclomaticComplexity="0" nPathComplexity="0" sequenceCoverage="100.0" branchCoverage="0" crapScore="0" isConstructor="false" isStatic="false" isGetter="true" isSetter="false">
              <Summary numSequencePoints="1" visitedSequencePoints="1" numBranchPoints="0" visitedBranchPoints="0" sequenceCoverage="100.0" branchCoverage="0" maxCyclomaticComplexity="0" minCyclomaticComplexity="0" maxCrapScore="0" minCrapScore="0" visitedClasses="0" numClasses="0" visitedMethods="1" numMethods="1" />
              <MetadataToken>100663304</MetadataToken>
              <Name>System.Int32 Chunk::get_PieceCount()</Name>
              <FileRef uid="36" />
              <SequencePoints>
                <SequencePoint vc="8" uspid="19809" ordinal="0" offset="0" sl="23" sc="30" el="23" ec="30" bec="0" bev="0" fileid="36" />
              </SequencePoints>
              <BranchPoints />
            </Method>
            <Method visited="true" cyclomaticComplexity="0" nPathComplexity="0" sequenceCoverage="100.0" branchCoverage="0" crapScore="0" isConstructor="false" isStatic="false" isGetter="false" isSetter="false">
              <Summary numSequencePoints="6" visitedSequencePoints="6" numBranchPoints="0" visitedBranchPoints="0" sequenceCoverage="100.0" branchCoverage="0" maxCyclomaticComplexity="0" minCyclomaticComplexity="0" maxCrapScore="0" minCrapScore="0" visitedClasses="0" numClasses="0" visitedMethods="1" numMethods="1" />
              <MetadataToken>100663305</MetadataToken>
              <Name>System.Void Chunk::InitializeSinglePieceChunk(PuzzleGeneration.PieceCut, Persistence.PuzzleSaveData)</Name>
              <FileRef uid="36" />
              <SequencePoints>
                <SequencePoint vc="40" uspid="19810" ordinal="0" offset="0" sl="31" sc="5" el="31" ec="5" bec="0" bev="0" fileid="36" />
                <SequencePoint vc="40" uspid="19811" ordinal="0" offset="1" sl="32" sc="9" el="32" ec="9" bec="0" bev="0" fileid="36" />
                <SequencePoint vc="40" uspid="19812" ordinal="0" offset="14" sl="34" sc="9" el="34" ec="9" bec="0" bev="0" fileid="36" />
                <SequencePoint vc="40" uspid="19813" ordinal="0" offset="32" sl="35" sc="9" el="35" ec="9" bec="0" bev="0" fileid="36" />
                <SequencePoint vc="40" uspid="19814" ordinal="0" offset="41" sl="37" sc="9" el="37" ec="9" bec="0" bev="0" fileid="36" />
                <SequencePoint vc="40" uspid="19815" ordinal="0" offset="60" sl="38" sc="5" el="38" ec="5" bec="0" bev="0" fileid="36" />
              </SequencePoints>
              <BranchPoints />
            </Method>
            <Method visited="true" cyclomaticComplexity="0" nPathComplexity="0" sequenceCoverage="100.0" branchCoverage="0" crapScore="0" isConstructor="false" isStatic="false" isGetter="false" isSetter="false">
              <Summary numSequencePoints="16" visitedSequencePoints="16" numBranchPoints="0" visitedBranchPoints="0" sequenceCoverage="100.0" branchCoverage="0" maxCyclomaticComplexity="0" minCyclomaticComplexity="0" maxCrapScore="0" minCrapScore="0" visitedClasses="0" numClasses="0" visitedMethods="1" numMethods="1" />
              <MetadataToken>100663306</MetadataToken>
              <Name>System.Void Chunk::InitializeMultiplePieceChunk(Persistence.ChunkSaveData, Persistence.PuzzleSaveData)</Name>
              <FileRef uid="36" />
              <SequencePoints>
                <SequencePoint vc="5" uspid="19816" ordinal="0" offset="0" sl="43" sc="7" el="43" ec="7" bec="0" bev="0" fileid="36" />
                <SequencePoint vc="5" uspid="19817" ordinal="0" offset="1" sl="44" sc="9" el="44" ec="9" bec="0" bev="0" fileid="36" />
                <SequencePoint vc="5" uspid="19818" ordinal="0" offset="14" sl="46" sc="9" el="46" ec="9" bec="0" bev="0" fileid="36" />
                <SequencePoint vc="5" uspid="19819" ordinal="0" offset="21" sl="47" sc="9" el="47" ec="9" bec="0" bev="0" fileid="36" />
                <SequencePoint vc="5" uspid="19820" ordinal="0" offset="33" sl="49" sc="9" el="49" ec="9" bec="0" bev="0" fileid="36" />
                <SequencePoint vc="5" uspid="19821" ordinal="0" offset="63" sl="51" sc="9" el="51" ec="9" bec="0" bev="0" fileid="36" />
                <SequencePoint vc="5" uspid="19822" ordinal="0" offset="64" sl="51" sc="35" el="51" ec="35" bec="0" bev="0" fileid="36" />
                <SequencePoint vc="10" uspid="19823" ordinal="0" offset="73" sl="51" sc="18" el="51" ec="18" bec="0" bev="0" fileid="36" />
                <SequencePoint vc="10" uspid="19824" ordinal="0" offset="82" sl="52" sc="9" el="52" ec="9" bec="0" bev="0" fileid="36" />
                <SequencePoint vc="10" uspid="19825" ordinal="0" offset="83" sl="53" sc="13" el="53" ec="13" bec="0" bev="0" fileid="36" />
                <SequencePoint vc="10" uspid="19826" ordinal="0" offset="98" sl="55" sc="13" el="55" ec="13" bec="0" bev="0" fileid="36" />
                <SequencePoint vc="10" uspid="19827" ordinal="0" offset="131" sl="56" sc="13" el="56" ec="13" bec="0" bev="0" fileid="36" />
                <SequencePoint vc="10" uspid="19828" ordinal="0" offset="142" sl="58" sc="13" el="58" ec="13" bec="0" bev="0" fileid="36" />
                <SequencePoint vc="10" uspid="19829" ordinal="0" offset="162" sl="59" sc="9" el="59" ec="9" bec="0" bev="0" fileid="36" />
                <SequencePoint vc="15" uspid="19830" ordinal="0" offset="163" sl="51" sc="32" el="51" ec="32" bec="0" bev="0" fileid="36" />
                <SequencePoint vc="5" uspid="19831" ordinal="0" offset="189" sl="60" sc="5" el="60" ec="5" bec="0" bev="0" fileid="36" />
              </SequencePoints>
              <BranchPoints />
            </Method>
            <Method visited="true" cyclomaticComplexity="0" nPathComplexity="0" sequenceCoverage="100.0" branchCoverage="0" crapScore="0" isConstructor="false" isStatic="false" isGetter="false" isSetter="false">
              <Summary numSequencePoints="3" visitedSequencePoints="3" numBranchPoints="0" visitedBranchPoints="0" sequenceCoverage="100.0" branchCoverage="0" maxCyclomaticComplexity="0" minCyclomaticComplexity="0" maxCrapScore="0" minCrapScore="0" visitedClasses="0" numClasses="0" visitedMethods="1" numMethods="1" />
              <MetadataToken>100663307</MetadataToken>
              <Name>Piece Chunk::FirstPiece()</Name>
              <FileRef uid="36" />
              <SequencePoints>
                <SequencePoint vc="37" uspid="19832" ordinal="0" offset="0" sl="63" sc="5" el="63" ec="5" bec="0" bev="0" fileid="36" />
                <SequencePoint vc="37" uspid="19833" ordinal="0" offset="1" sl="64" sc="9" el="64" ec="9" bec="0" bev="0" fileid="36" />
                <SequencePoint vc="37" uspid="19834" ordinal="0" offset="12" sl="65" sc="5" el="65" ec="5" bec="0" bev="0" fileid="36" />
              </SequencePoints>
              <BranchPoints />
            </Method>
            <Method visited="true" cyclomaticComplexity="0" nPathComplexity="0" sequenceCoverage="100.0" branchCoverage="0" crapScore="0" isConstructor="false" isStatic="false" isGetter="false" isSetter="false">
              <Summary numSequencePoints="18" visitedSequencePoints="18" numBranchPoints="0" visitedBranchPoints="0" sequenceCoverage="100.0" branchCoverage="0" maxCyclomaticComplexity="0" minCyclomaticComplexity="0" maxCrapScore="0" minCrapScore="0" visitedClasses="0" numClasses="0" visitedMethods="1" numMethods="1" />
              <MetadataToken>100663308</MetadataToken>
              <Name>System.Collections.Generic.List[PieceMissingConnections] Chunk::MissingConnections()</Name>
              <FileRef uid="36" />
              <SequencePoints>
                <SequencePoint vc="2" uspid="19835" ordinal="0" offset="6" sl="68" sc="5" el="68" ec="5" bec="0" bev="0" fileid="36" />
                <SequencePoint vc="2" uspid="19836" ordinal="0" offset="7" sl="69" sc="9" el="69" ec="9" bec="0" bev="0" fileid="36" />
                <SequencePoint vc="2" uspid="19837" ordinal="0" offset="27" sl="71" sc="9" el="71" ec="9" bec="0" bev="0" fileid="36" />
                <SequencePoint vc="2" uspid="19838" ordinal="0" offset="80" sl="72" sc="9" el="72" ec="9" bec="0" bev="0" fileid="36" />
                <SequencePoint vc="2" uspid="19839" ordinal="0" offset="86" sl="74" sc="9" el="74" ec="9" bec="0" bev="0" fileid="36" />
                <SequencePoint vc="2" uspid="19840" ordinal="0" offset="87" sl="74" sc="31" el="74" ec="31" bec="0" bev="0" fileid="36" />
                <SequencePoint vc="3" uspid="19841" ordinal="0" offset="101" sl="74" sc="18" el="74" ec="18" bec="0" bev="0" fileid="36" />
                <SequencePoint vc="3" uspid="19842" ordinal="0" offset="106" sl="75" sc="9" el="75" ec="9" bec="0" bev="0" fileid="36" />
                <SequencePoint vc="3" uspid="19843" ordinal="0" offset="107" sl="76" sc="13" el="76" ec="13" bec="0" bev="0" fileid="36" />
                <SequencePoint vc="3" uspid="19844" ordinal="0" offset="140" sl="78" sc="13" el="78" ec="13" bec="0" bev="0" fileid="36" />
                <SequencePoint vc="3" uspid="19845" ordinal="0" offset="192" sl="81" sc="13" el="81" ec="13" bec="0" bev="0" fileid="36" />
                <SequencePoint vc="2" uspid="19846" ordinal="0" offset="208" sl="81" sc="50" el="81" ec="50" bec="0" bev="0" fileid="36" />
                <SequencePoint vc="1" uspid="19847" ordinal="0" offset="210" sl="83" sc="13" el="83" ec="13" bec="0" bev="0" fileid="36" />
                <SequencePoint vc="1" uspid="19848" ordinal="0" offset="221" sl="84" sc="13" el="84" ec="13" bec="0" bev="0" fileid="36" />
                <SequencePoint vc="1" uspid="19849" ordinal="0" offset="230" sl="85" sc="9" el="85" ec="9" bec="0" bev="0" fileid="36" />
                <SequencePoint vc="5" uspid="19850" ordinal="0" offset="235" sl="74" sc="28" el="74" ec="28" bec="0" bev="0" fileid="36" />
                <SequencePoint vc="2" uspid="19851" ordinal="0" offset="244" sl="87" sc="9" el="87" ec="9" bec="0" bev="0" fileid="36" />
                <SequencePoint vc="2" uspid="19852" ordinal="0" offset="249" sl="88" sc="5" el="88" ec="5" bec="0" bev="0" fileid="36" />
              </SequencePoints>
              <BranchPoints />
            </Method>
            <Method visited="true" cyclomaticComplexity="0" nPathComplexity="0" sequenceCoverage="100.0" branchCoverage="0" crapScore="0" isConstructor="false" isStatic="false" isGetter="false" isSetter="false">
              <Summary numSequencePoints="4" visitedSequencePoints="4" numBranchPoints="0" visitedBranchPoints="0" sequenceCoverage="100.0" branchCoverage="0" maxCyclomaticComplexity="0" minCyclomaticComplexity="0" maxCrapScore="0" minCrapScore="0" visitedClasses="0" numClasses="0" visitedMethods="1" numMethods="1" />
              <MetadataToken>100663309</MetadataToken>
              <Name>System.Boolean Chunk::TryLookupPiece(System.Int32, Piece&amp;)</Name>
              <FileRef uid="36" />
              <SequencePoints>
                <SequencePoint vc="4" uspid="19853" ordinal="0" offset="13" sl="91" sc="5" el="91" ec="5" bec="0" bev="0" fileid="36" />
                <SequencePoint vc="4" uspid="19854" ordinal="0" offset="14" sl="92" sc="9" el="92" ec="9" bec="0" bev="0" fileid="36" />
                <SequencePoint vc="4" uspid="19855" ordinal="0" offset="39" sl="93" sc="9" el="93" ec="9" bec="0" bev="0" fileid="36" />
                <SequencePoint vc="4" uspid="19856" ordinal="0" offset="50" sl="94" sc="5" el="94" ec="5" bec="0" bev="0" fileid="36" />
              </SequencePoints>
              <BranchPoints />
            </Method>
            <Method visited="true" cyclomaticComplexity="0" nPathComplexity="0" sequenceCoverage="100.0" branchCoverage="0" crapScore="0" isConstructor="false" isStatic="false" isGetter="false" isSetter="false">
              <Summary numSequencePoints="13" visitedSequencePoints="13" numBranchPoints="0" visitedBranchPoints="0" sequenceCoverage="100.0" branchCoverage="0" maxCyclomaticComplexity="0" minCyclomaticComplexity="0" maxCrapScore="0" minCrapScore="0" visitedClasses="0" numClasses="0" visitedMethods="1" numMethods="1" />
              <MetadataToken>100663310</MetadataToken>
              <Name>System.Void Chunk::Merge(Chunk)</Name>
              <FileRef uid="36" />
              <SequencePoints>
                <SequencePoint vc="2" uspid="19857" ordinal="0" offset="0" sl="97" sc="5" el="97" ec="5" bec="0" bev="0" fileid="36" />
                <SequencePoint vc="2" uspid="19858" ordinal="0" offset="1" sl="98" sc="9" el="98" ec="9" bec="0" bev="0" fileid="36" />
                <SequencePoint vc="2" uspid="19859" ordinal="0" offset="10" sl="100" sc="9" el="100" ec="9" bec="0" bev="0" fileid="36" />
                <SequencePoint vc="2" uspid="19860" ordinal="0" offset="11" sl="100" sc="36" el="100" ec="36" bec="0" bev="0" fileid="36" />
                <SequencePoint vc="2" uspid="19861" ordinal="0" offset="27" sl="100" sc="18" el="100" ec="18" bec="0" bev="0" fileid="36" />
                <SequencePoint vc="2" uspid="19862" ordinal="0" offset="31" sl="101" sc="9" el="101" ec="9" bec="0" bev="0" fileid="36" />
                <SequencePoint vc="2" uspid="19863" ordinal="0" offset="32" sl="102" sc="13" el="102" ec="13" bec="0" bev="0" fileid="36" />
                <SequencePoint vc="2" uspid="19864" ordinal="0" offset="40" sl="103" sc="13" el="103" ec="13" bec="0" bev="0" fileid="36" />
                <SequencePoint vc="2" uspid="19865" ordinal="0" offset="58" sl="105" sc="13" el="105" ec="13" bec="0" bev="0" fileid="36" />
                <SequencePoint vc="2" uspid="19866" ordinal="0" offset="77" sl="106" sc="13" el="106" ec="13" bec="0" bev="0" fileid="36" />
                <SequencePoint vc="2" uspid="19867" ordinal="0" offset="96" sl="107" sc="9" el="107" ec="9" bec="0" bev="0" fileid="36" />
                <SequencePoint vc="4" uspid="19868" ordinal="0" offset="101" sl="100" sc="33" el="100" ec="33" bec="0" bev="0" fileid="36" />
                <SequencePoint vc="2" uspid="19869" ordinal="0" offset="107" sl="108" sc="5" el="108" ec="5" bec="0" bev="0" fileid="36" />
              </SequencePoints>
              <BranchPoints />
            </Method>
            <Method visited="true" cyclomaticComplexity="0" nPathComplexity="0" sequenceCoverage="100.0" branchCoverage="0" crapScore="0" isConstructor="false" isStatic="false" isGetter="false" isSetter="false">
              <Summary numSequencePoints="4" visitedSequencePoints="4" numBranchPoints="0" visitedBranchPoints="0" sequenceCoverage="100.0" branchCoverage="0" maxCyclomaticComplexity="0" minCyclomaticComplexity="0" maxCrapScore="0" minCrapScore="0" visitedClasses="0" numClasses="0" visitedMethods="1" numMethods="1" />
              <MetadataToken>100663311</MetadataToken>
              <Name>System.Void Chunk::OnPieceDropped()</Name>
              <FileRef uid="36" />
              <SequencePoints>
                <SequencePoint vc="1" uspid="19870" ordinal="0" offset="0" sl="111" sc="5" el="111" ec="5" bec="0" bev="0" fileid="36" />
                <SequencePoint vc="1" uspid="19871" ordinal="0" offset="1" sl="112" sc="9" el="112" ec="9" bec="0" bev="0" fileid="36" />
                <SequencePoint vc="1" uspid="19872" ordinal="0" offset="12" sl="114" sc="9" el="114" ec="9" bec="0" bev="0" fileid="36" />
                <SequencePoint vc="1" uspid="19873" ordinal="0" offset="25" sl="115" sc="5" el="115" ec="5" bec="0" bev="0" fileid="36" />
              </SequencePoints>
              <BranchPoints />
            </Method>
            <Method visited="true" cyclomaticComplexity="0" nPathComplexity="0" sequenceCoverage="100.0" branchCoverage="0" crapScore="0" isConstructor="false" isStatic="false" isGetter="false" isSetter="false">
              <Summary numSequencePoints="3" visitedSequencePoints="3" numBranchPoints="0" visitedBranchPoints="0" sequenceCoverage="100.0" branchCoverage="0" maxCyclomaticComplexity="0" minCyclomaticComplexity="0" maxCrapScore="0" minCrapScore="0" visitedClasses="0" numClasses="0" visitedMethods="1" numMethods="1" />
              <MetadataToken>100663312</MetadataToken>
              <Name>System.Boolean Chunk::IsCloseEnough(Chunk)</Name>
              <FileRef uid="36" />
              <SequencePoints>
                <SequencePoint vc="1" uspid="19874" ordinal="0" offset="13" sl="118" sc="5" el="118" ec="5" bec="0" bev="0" fileid="36" />
                <SequencePoint vc="1" uspid="19875" ordinal="0" offset="14" sl="119" sc="9" el="119" ec="9" bec="0" bev="0" fileid="36" />
                <SequencePoint vc="1" uspid="19876" ordinal="0" offset="40" sl="120" sc="5" el="120" ec="5" bec="0" bev="0" fileid="36" />
              </SequencePoints>
              <BranchPoints />
            </Method>
            <Method visited="true" cyclomaticComplexity="0" nPathComplexity="0" sequenceCoverage="100.0" branchCoverage="0" crapScore="0" isConstructor="false" isStatic="false" isGetter="false" isSetter="false">
              <Summary numSequencePoints="3" visitedSequencePoints="3" numBranchPoints="0" visitedBranchPoints="0" sequenceCoverage="100.0" branchCoverage="0" maxCyclomaticComplexity="0" minCyclomaticComplexity="0" maxCrapScore="0" minCrapScore="0" visitedClasses="0" numClasses="0" visitedMethods="1" numMethods="1" />
              <MetadataToken>100663313</MetadataToken>
              <Name>Persistence.ChunkSaveData Chunk::ToData()</Name>
              <FileRef uid="36" />
              <SequencePoints>
                <SequencePoint vc="10" uspid="19877" ordinal="0" offset="0" sl="123" sc="5" el="123" ec="5" bec="0" bev="0" fileid="36" />
                <SequencePoint vc="10" uspid="19878" ordinal="0" offset="1" sl="124" sc="9" el="124" ec="9" bec="0" bev="0" fileid="36" />
                <SequencePoint vc="10" uspid="19879" ordinal="0" offset="96" sl="130" sc="5" el="130" ec="5" bec="0" bev="0" fileid="36" />
              </SequencePoints>
              <BranchPoints />
            </Method>
          </Methods>
        </Class>
        <Class>
          <Summary numSequencePoints="5" visitedSequencePoints="5" numBranchPoints="0" visitedBranchPoints="0" sequenceCoverage="100.0" branchCoverage="0.0" maxCyclomaticComplexity="0" minCyclomaticComplexity="0" maxCrapScore="0" minCrapScore="0" visitedClasses="1" numClasses="1" visitedMethods="1" numMethods="1" />
          <FullName>HintManager</FullName>
          <Methods>
            <Method visited="true" cyclomaticComplexity="0" nPathComplexity="0" sequenceCoverage="100.0" branchCoverage="0" crapScore="0" isConstructor="true" isStatic="false" isGetter="false" isSetter="false">
              <Summary numSequencePoints="5" visitedSequencePoints="5" numBranchPoints="0" visitedBranchPoints="0" sequenceCoverage="100.0" branchCoverage="0" maxCyclomaticComplexity="0" minCyclomaticComplexity="0" maxCrapScore="0" minCrapScore="0" visitedClasses="0" numClasses="0" visitedMethods="1" numMethods="1" />
              <MetadataToken>100663316</MetadataToken>
              <Name>HintManager::HintManager(UnityEngine.Material, UnityEngine.Material)</Name>
              <FileRef uid="37" />
              <SequencePoints>
                <SequencePoint vc="5" uspid="19936" ordinal="0" offset="0" sl="15" sc="5" el="15" ec="5" bec="0" bev="0" fileid="37" />
                <SequencePoint vc="5" uspid="19937" ordinal="0" offset="7" sl="16" sc="5" el="16" ec="5" bec="0" bev="0" fileid="37" />
                <SequencePoint vc="5" uspid="19938" ordinal="0" offset="8" sl="17" sc="9" el="17" ec="9" bec="0" bev="0" fileid="37" />
                <SequencePoint vc="5" uspid="19939" ordinal="0" offset="15" sl="18" sc="9" el="18" ec="9" bec="0" bev="0" fileid="37" />
                <SequencePoint vc="5" uspid="19940" ordinal="0" offset="22" sl="19" sc="5" el="19" ec="5" bec="0" bev="0" fileid="37" />
              </SequencePoints>
              <BranchPoints />
            </Method>
          </Methods>
        </Class>
        <Class>
          <Summary numSequencePoints="85" visitedSequencePoints="83" numBranchPoints="0" visitedBranchPoints="0" sequenceCoverage="97.65" branchCoverage="0.0" maxCyclomaticComplexity="0" minCyclomaticComplexity="0" maxCrapScore="0" minCrapScore="0" visitedClasses="1" numClasses="1" visitedMethods="17" numMethods="17" />
          <FullName>Piece</FullName>
          <Methods>
            <Method visited="true" cyclomaticComplexity="0" nPathComplexity="0" sequenceCoverage="100.0" branchCoverage="0" crapScore="0" isConstructor="false" isStatic="false" isGetter="true" isSetter="false">
              <Summary numSequencePoints="1" visitedSequencePoints="1" numBranchPoints="0" visitedBranchPoints="0" sequenceCoverage="100.0" branchCoverage="0" maxCyclomaticComplexity="0" minCyclomaticComplexity="0" maxCrapScore="0" minCrapScore="0" visitedClasses="0" numClasses="0" visitedMethods="1" numMethods="1" />
              <MetadataToken>100663322</MetadataToken>
              <Name>UnityEngine.MeshRenderer Piece::get__meshRenderer()</Name>
              <FileRef uid="38" />
              <SequencePoints>
                <SequencePoint vc="77" uspid="19942" ordinal="0" offset="0" sl="22" sc="43" el="22" ec="43" bec="0" bev="0" fileid="38" />
              </SequencePoints>
              <BranchPoints />
            </Method>
            <Method visited="true" cyclomaticComplexity="0" nPathComplexity="0" sequenceCoverage="100.0" branchCoverage="0" crapScore="0" isConstructor="false" isStatic="false" isGetter="true" isSetter="false">
              <Summary numSequencePoints="1" visitedSequencePoints="1" numBranchPoints="0" visitedBranchPoints="0" sequenceCoverage="100.0" branchCoverage="0" maxCyclomaticComplexity="0" minCyclomaticComplexity="0" maxCrapScore="0" minCrapScore="0" visitedClasses="0" numClasses="0" visitedMethods="1" numMethods="1" />
              <MetadataToken>100663323</MetadataToken>
              <Name>UnityEngine.MeshFilter Piece::get__meshFilter()</Name>
              <FileRef uid="38" />
              <SequencePoints>
                <SequencePoint vc="111" uspid="19943" ordinal="0" offset="0" sl="23" sc="39" el="23" ec="39" bec="0" bev="0" fileid="38" />
              </SequencePoints>
              <BranchPoints />
            </Method>
            <Method visited="true" cyclomaticComplexity="0" nPathComplexity="0" sequenceCoverage="100.0" branchCoverage="0" crapScore="0" isConstructor="false" isStatic="false" isGetter="true" isSetter="false">
              <Summary numSequencePoints="1" visitedSequencePoints="1" numBranchPoints="0" visitedBranchPoints="0" sequenceCoverage="100.0" branchCoverage="0" maxCyclomaticComplexity="0" minCyclomaticComplexity="0" maxCrapScore="0" minCrapScore="0" visitedClasses="0" numClasses="0" visitedMethods="1" numMethods="1" />
              <MetadataToken>100663325</MetadataToken>
              <Name>UnityEngine.Vector2 Piece::get_SolutionLocation()</Name>
              <FileRef uid="38" />
              <SequencePoints>
                <SequencePoint vc="32" uspid="19945" ordinal="0" offset="0" sl="30" sc="41" el="30" ec="41" bec="0" bev="0" fileid="38" />
              </SequencePoints>
              <BranchPoints />
            </Method>
            <Method visited="true" cyclomaticComplexity="0" nPathComplexity="0" sequenceCoverage="100.0" branchCoverage="0" crapScore="0" isConstructor="false" isStatic="false" isGetter="true" isSetter="false">
              <Summary numSequencePoints="1" visitedSequencePoints="1" numBranchPoints="0" visitedBranchPoints="0" sequenceCoverage="100.0" branchCoverage="0" maxCyclomaticComplexity="0" minCyclomaticComplexity="0" maxCrapScore="0" minCrapScore="0" visitedClasses="0" numClasses="0" visitedMethods="1" numMethods="1" />
              <MetadataToken>100663326</MetadataToken>
              <Name>System.Int32 Piece::get_PieceIndex()</Name>
              <FileRef uid="38" />
              <SequencePoints>
                <SequencePoint vc="10" uspid="19946" ordinal="0" offset="0" sl="31" sc="30" el="31" ec="30" bec="0" bev="0" fileid="38" />
              </SequencePoints>
              <BranchPoints />
            </Method>
            <Method visited="true" cyclomaticComplexity="0" nPathComplexity="0" sequenceCoverage="100.0" branchCoverage="0" crapScore="0" isConstructor="false" isStatic="false" isGetter="true" isSetter="false">
              <Summary numSequencePoints="1" visitedSequencePoints="1" numBranchPoints="0" visitedBranchPoints="0" sequenceCoverage="100.0" branchCoverage="0" maxCyclomaticComplexity="0" minCyclomaticComplexity="0" maxCrapScore="0" minCrapScore="0" visitedClasses="0" numClasses="0" visitedMethods="1" numMethods="1" />
              <MetadataToken>100663327</MetadataToken>
              <Name>System.Collections.Generic.List[Int32] Piece::get_NeighborIndices()</Name>
              <FileRef uid="38" />
              <SequencePoints>
                <SequencePoint vc="6" uspid="19947" ordinal="0" offset="0" sl="32" sc="41" el="32" ec="41" bec="0" bev="0" fileid="38" />
              </SequencePoints>
              <BranchPoints />
            </Method>
            <Method visited="true" cyclomaticComplexity="0" nPathComplexity="0" sequenceCoverage="100.0" branchCoverage="0" crapScore="0" isConstructor="false" isStatic="false" isGetter="false" isSetter="false">
              <Summary numSequencePoints="2" visitedSequencePoints="2" numBranchPoints="0" visitedBranchPoints="0" sequenceCoverage="100.0" branchCoverage="0" maxCyclomaticComplexity="0" minCyclomaticComplexity="0" maxCrapScore="0" minCrapScore="0" visitedClasses="0" numClasses="0" visitedMethods="1" numMethods="1" />
              <MetadataToken>100663331</MetadataToken>
              <Name>System.Void Piece::Awake()</Name>
              <FileRef uid="38" />
              <SequencePoints>
                <SequencePoint vc="27" uspid="19949" ordinal="0" offset="0" sl="38" sc="5" el="38" ec="5" bec="0" bev="0" fileid="38" />
                <SequencePoint vc="27" uspid="19950" ordinal="0" offset="1" sl="42" sc="5" el="42" ec="5" bec="0" bev="0" fileid="38" />
              </SequencePoints>
              <BranchPoints />
            </Method>
            <Method visited="true" cyclomaticComplexity="0" nPathComplexity="0" sequenceCoverage="100.0" branchCoverage="0" crapScore="0" isConstructor="false" isStatic="false" isGetter="false" isSetter="false">
              <Summary numSequencePoints="25" visitedSequencePoints="25" numBranchPoints="0" visitedBranchPoints="0" sequenceCoverage="100.0" branchCoverage="0" maxCyclomaticComplexity="0" minCyclomaticComplexity="0" maxCrapScore="0" minCrapScore="0" visitedClasses="0" numClasses="0" visitedMethods="1" numMethods="1" />
              <MetadataToken>100663334</MetadataToken>
              <Name>System.Void Piece::InitializePiece(PuzzleGeneration.PieceCut, Persistence.PuzzleSaveData)</Name>
              <FileRef uid="38" />
              <SequencePoints>
                <SequencePoint vc="77" uspid="19957" ordinal="0" offset="0" sl="58" sc="5" el="58" ec="5" bec="0" bev="0" fileid="38" />
                <SequencePoint vc="77" uspid="19958" ordinal="0" offset="1" sl="59" sc="9" el="59" ec="9" bec="0" bev="0" fileid="38" />
                <SequencePoint vc="77" uspid="19959" ordinal="0" offset="14" sl="61" sc="9" el="61" ec="9" bec="0" bev="0" fileid="38" />
                <SequencePoint vc="77" uspid="19960" ordinal="0" offset="26" sl="63" sc="9" el="63" ec="9" bec="0" bev="0" fileid="38" />
                <SequencePoint vc="77" uspid="19961" ordinal="0" offset="39" sl="65" sc="9" el="65" ec="9" bec="0" bev="0" fileid="38" />
                <SequencePoint vc="77" uspid="19962" ordinal="0" offset="64" sl="70" sc="9" el="70" ec="9" bec="0" bev="0" fileid="38" />
                <SequencePoint vc="77" uspid="19963" ordinal="0" offset="71" sl="71" sc="9" el="71" ec="9" bec="0" bev="0" fileid="38" />
                <SequencePoint vc="77" uspid="19964" ordinal="0" offset="78" sl="72" sc="9" el="72" ec="9" bec="0" bev="0" fileid="38" />
                <SequencePoint vc="77" uspid="19965" ordinal="0" offset="105" sl="73" sc="9" el="73" ec="9" bec="0" bev="0" fileid="38" />
                <SequencePoint vc="77" uspid="19966" ordinal="0" offset="132" sl="74" sc="9" el="74" ec="9" bec="0" bev="0" fileid="38" />
                <SequencePoint vc="77" uspid="19967" ordinal="0" offset="140" sl="76" sc="9" el="76" ec="9" bec="0" bev="0" fileid="38" />
                <SequencePoint vc="77" uspid="19968" ordinal="0" offset="180" sl="78" sc="9" el="78" ec="9" bec="0" bev="0" fileid="38" />
                <SequencePoint vc="77" uspid="19969" ordinal="0" offset="207" sl="79" sc="9" el="79" ec="9" bec="0" bev="0" fileid="38" />
                <SequencePoint vc="77" uspid="19970" ordinal="0" offset="268" sl="84" sc="9" el="84" ec="9" bec="0" bev="0" fileid="38" />
                <SequencePoint vc="77" uspid="19971" ordinal="0" offset="302" sl="86" sc="9" el="86" ec="9" bec="0" bev="0" fileid="38" />
                <SequencePoint vc="77" uspid="19972" ordinal="0" offset="311" sl="87" sc="9" el="87" ec="9" bec="0" bev="0" fileid="38" />
                <SequencePoint vc="77" uspid="19973" ordinal="0" offset="320" sl="89" sc="9" el="89" ec="9" bec="0" bev="0" fileid="38" />
                <SequencePoint vc="77" uspid="19974" ordinal="0" offset="345" sl="94" sc="9" el="94" ec="9" bec="0" bev="0" fileid="38" />
                <SequencePoint vc="77" uspid="19975" ordinal="0" offset="366" sl="95" sc="9" el="95" ec="9" bec="0" bev="0" fileid="38" />
                <SequencePoint vc="77" uspid="19976" ordinal="0" offset="384" sl="97" sc="9" el="97" ec="9" bec="0" bev="0" fileid="38" />
                <SequencePoint vc="77" uspid="19977" ordinal="0" offset="392" sl="98" sc="9" el="98" ec="9" bec="0" bev="0" fileid="38" />
                <SequencePoint vc="77" uspid="19978" ordinal="0" offset="405" sl="99" sc="9" el="99" ec="9" bec="0" bev="0" fileid="38" />
                <SequencePoint vc="77" uspid="19979" ordinal="0" offset="420" sl="100" sc="9" el="100" ec="9" bec="0" bev="0" fileid="38" />
                <SequencePoint vc="77" uspid="19980" ordinal="0" offset="435" sl="102" sc="9" el="102" ec="9" bec="0" bev="0" fileid="38" />
                <SequencePoint vc="77" uspid="19981" ordinal="0" offset="442" sl="103" sc="5" el="103" ec="5" bec="0" bev="0" fileid="38" />
              </SequencePoints>
              <BranchPoints />
            </Method>
            <Method visited="true" cyclomaticComplexity="0" nPathComplexity="0" sequenceCoverage="100.0" branchCoverage="0" crapScore="0" isConstructor="false" isStatic="false" isGetter="false" isSetter="false">
              <Summary numSequencePoints="3" visitedSequencePoints="3" numBranchPoints="0" visitedBranchPoints="0" sequenceCoverage="100.0" branchCoverage="0" maxCyclomaticComplexity="0" minCyclomaticComplexity="0" maxCrapScore="0" minCrapScore="0" visitedClasses="0" numClasses="0" visitedMethods="1" numMethods="1" />
              <MetadataToken>100663335</MetadataToken>
              <Name>UnityEngine.Vector3[] Piece::Vertices()</Name>
              <FileRef uid="38" />
              <SequencePoints>
                <SequencePoint vc="34" uspid="19982" ordinal="0" offset="0" sl="106" sc="5" el="106" ec="5" bec="0" bev="0" fileid="38" />
                <SequencePoint vc="34" uspid="19983" ordinal="0" offset="1" sl="107" sc="9" el="107" ec="9" bec="0" bev="0" fileid="38" />
                <SequencePoint vc="34" uspid="19984" ordinal="0" offset="42" sl="112" sc="5" el="112" ec="5" bec="0" bev="0" fileid="38" />
              </SequencePoints>
              <BranchPoints />
            </Method>
            <Method visited="true" cyclomaticComplexity="0" nPathComplexity="0" sequenceCoverage="100.0" branchCoverage="0" crapScore="0" isConstructor="false" isStatic="false" isGetter="false" isSetter="false">
              <Summary numSequencePoints="16" visitedSequencePoints="16" numBranchPoints="0" visitedBranchPoints="0" sequenceCoverage="100.0" branchCoverage="0" maxCyclomaticComplexity="0" minCyclomaticComplexity="0" maxCrapScore="0" minCrapScore="0" visitedClasses="0" numClasses="0" visitedMethods="1" numMethods="1" />
              <MetadataToken>100663336</MetadataToken>
              <Name>UnityEngine.Bounds Piece::GetVertexBounds()</Name>
              <FileRef uid="38" />
              <SequencePoints>
                <SequencePoint vc="34" uspid="19985" ordinal="0" offset="0" sl="115" sc="5" el="115" ec="5" bec="0" bev="0" fileid="38" />
                <SequencePoint vc="34" uspid="19986" ordinal="0" offset="1" sl="116" sc="9" el="116" ec="9" bec="0" bev="0" fileid="38" />
                <SequencePoint vc="34" uspid="19987" ordinal="0" offset="8" sl="117" sc="9" el="117" ec="9" bec="0" bev="0" fileid="38" />
                <SequencePoint vc="34" uspid="19988" ordinal="0" offset="16" sl="118" sc="9" el="118" ec="9" bec="0" bev="0" fileid="38" />
                <SequencePoint vc="34" uspid="19989" ordinal="0" offset="24" sl="120" sc="9" el="120" ec="9" bec="0" bev="0" fileid="38" />
                <SequencePoint vc="34" uspid="19990" ordinal="0" offset="25" sl="120" sc="27" el="120" ec="27" bec="0" bev="0" fileid="38" />
                <SequencePoint vc="272" uspid="19991" ordinal="0" offset="33" sl="120" sc="18" el="120" ec="18" bec="0" bev="0" fileid="38" />
                <SequencePoint vc="272" uspid="19992" ordinal="0" offset="44" sl="121" sc="9" el="121" ec="9" bec="0" bev="0" fileid="38" />
                <SequencePoint vc="272" uspid="19993" ordinal="0" offset="45" sl="122" sc="13" el="122" ec="13" bec="0" bev="0" fileid="38" />
                <SequencePoint vc="272" uspid="19994" ordinal="0" offset="54" sl="123" sc="13" el="123" ec="13" bec="0" bev="0" fileid="38" />
                <SequencePoint vc="272" uspid="19995" ordinal="0" offset="63" sl="124" sc="9" el="124" ec="9" bec="0" bev="0" fileid="38" />
                <SequencePoint vc="306" uspid="19996" ordinal="0" offset="70" sl="120" sc="24" el="120" ec="24" bec="0" bev="0" fileid="38" />
                <SequencePoint vc="34" uspid="19997" ordinal="0" offset="78" sl="126" sc="9" el="126" ec="9" bec="0" bev="0" fileid="38" />
                <SequencePoint vc="34" uspid="19998" ordinal="0" offset="86" sl="127" sc="9" el="127" ec="9" bec="0" bev="0" fileid="38" />
                <SequencePoint vc="34" uspid="19999" ordinal="0" offset="96" sl="128" sc="9" el="128" ec="9" bec="0" bev="0" fileid="38" />
                <SequencePoint vc="34" uspid="20000" ordinal="0" offset="101" sl="129" sc="5" el="129" ec="5" bec="0" bev="0" fileid="38" />
              </SequencePoints>
              <BranchPoints />
            </Method>
            <Method visited="true" cyclomaticComplexity="0" nPathComplexity="0" sequenceCoverage="80.00" branchCoverage="0" crapScore="0" isConstructor="false" isStatic="false" isGetter="false" isSetter="false">
              <Summary numSequencePoints="5" visitedSequencePoints="4" numBranchPoints="0" visitedBranchPoints="0" sequenceCoverage="80.00" branchCoverage="0" maxCyclomaticComplexity="0" minCyclomaticComplexity="0" maxCrapScore="0" minCrapScore="0" visitedClasses="0" numClasses="0" visitedMethods="1" numMethods="1" />
              <MetadataToken>100663337</MetadataToken>
              <Name>System.Boolean Piece::IsNeighbor(Piece)</Name>
              <FileRef uid="38" />
              <SequencePoints>
                <SequencePoint vc="9" uspid="20001" ordinal="0" offset="0" sl="132" sc="5" el="132" ec="5" bec="0" bev="0" fileid="38" />
                <SequencePoint vc="9" uspid="20002" ordinal="0" offset="1" sl="133" sc="9" el="133" ec="9" bec="0" bev="0" fileid="38" />
                <SequencePoint vc="0" uspid="20003" ordinal="0" offset="34" sl="133" sc="49" el="133" ec="49" bec="0" bev="0" fileid="38" />
                <SequencePoint vc="9" uspid="20004" ordinal="0" offset="38" sl="135" sc="9" el="135" ec="9" bec="0" bev="0" fileid="38" />
                <SequencePoint vc="9" uspid="20005" ordinal="0" offset="68" sl="136" sc="5" el="136" ec="5" bec="0" bev="0" fileid="38" />
              </SequencePoints>
              <BranchPoints />
            </Method>
            <Method visited="true" cyclomaticComplexity="0" nPathComplexity="0" sequenceCoverage="100.0" branchCoverage="0" crapScore="0" isConstructor="false" isStatic="false" isGetter="false" isSetter="false">
              <Summary numSequencePoints="3" visitedSequencePoints="3" numBranchPoints="0" visitedBranchPoints="0" sequenceCoverage="100.0" branchCoverage="0" maxCyclomaticComplexity="0" minCyclomaticComplexity="0" maxCrapScore="0" minCrapScore="0" visitedClasses="0" numClasses="0" visitedMethods="1" numMethods="1" />
              <MetadataToken>100663338</MetadataToken>
              <Name>UnityEngine.Vector3 Piece::SolutionOffset(Piece)</Name>
              <FileRef uid="38" />
              <SequencePoints>
                <SequencePoint vc="16" uspid="20006" ordinal="0" offset="0" sl="139" sc="5" el="139" ec="5" bec="0" bev="0" fileid="38" />
                <SequencePoint vc="16" uspid="20007" ordinal="0" offset="1" sl="140" sc="9" el="140" ec="9" bec="0" bev="0" fileid="38" />
                <SequencePoint vc="16" uspid="20008" ordinal="0" offset="26" sl="141" sc="5" el="141" ec="5" bec="0" bev="0" fileid="38" />
              </SequencePoints>
              <BranchPoints />
            </Method>
            <Method visited="true" cyclomaticComplexity="0" nPathComplexity="0" sequenceCoverage="100.0" branchCoverage="0" crapScore="0" isConstructor="false" isStatic="false" isGetter="false" isSetter="false">
              <Summary numSequencePoints="3" visitedSequencePoints="3" numBranchPoints="0" visitedBranchPoints="0" sequenceCoverage="100.0" branchCoverage="0" maxCyclomaticComplexity="0" minCyclomaticComplexity="0" maxCrapScore="0" minCrapScore="0" visitedClasses="0" numClasses="0" visitedMethods="1" numMethods="1" />
              <MetadataToken>100663339</MetadataToken>
              <Name>UnityEngine.Vector3 Piece::ExpectedPosition(Piece)</Name>
              <FileRef uid="38" />
              <SequencePoints>
                <SequencePoint vc="16" uspid="20009" ordinal="0" offset="0" sl="144" sc="5" el="144" ec="5" bec="0" bev="0" fileid="38" />
                <SequencePoint vc="16" uspid="20010" ordinal="0" offset="1" sl="145" sc="9" el="145" ec="9" bec="0" bev="0" fileid="38" />
                <SequencePoint vc="16" uspid="20011" ordinal="0" offset="43" sl="146" sc="5" el="146" ec="5" bec="0" bev="0" fileid="38" />
              </SequencePoints>
              <BranchPoints />
            </Method>
            <Method visited="true" cyclomaticComplexity="0" nPathComplexity="0" sequenceCoverage="85.71" branchCoverage="0" crapScore="0" isConstructor="false" isStatic="false" isGetter="false" isSetter="false">
              <Summary numSequencePoints="7" visitedSequencePoints="6" numBranchPoints="0" visitedBranchPoints="0" sequenceCoverage="85.71" branchCoverage="0" maxCyclomaticComplexity="0" minCyclomaticComplexity="0" maxCrapScore="0" minCrapScore="0" visitedClasses="0" numClasses="0" visitedMethods="1" numMethods="1" />
              <MetadataToken>100663340</MetadataToken>
              <Name>System.Boolean Piece::IsCloseEnough(Piece)</Name>
              <FileRef uid="38" />
              <SequencePoints>
                <SequencePoint vc="9" uspid="20012" ordinal="0" offset="0" sl="149" sc="5" el="149" ec="5" bec="0" bev="0" fileid="38" />
                <SequencePoint vc="9" uspid="20013" ordinal="0" offset="1" sl="150" sc="9" el="150" ec="9" bec="0" bev="0" fileid="38" />
                <SequencePoint vc="0" uspid="20014" ordinal="0" offset="15" sl="150" sc="33" el="150" ec="33" bec="0" bev="0" fileid="38" />
                <SequencePoint vc="9" uspid="20015" ordinal="0" offset="19" sl="152" sc="9" el="152" ec="9" bec="0" bev="0" fileid="38" />
                <SequencePoint vc="9" uspid="20016" ordinal="0" offset="27" sl="153" sc="9" el="153" ec="9" bec="0" bev="0" fileid="38" />
                <SequencePoint vc="9" uspid="20017" ordinal="0" offset="39" sl="155" sc="9" el="155" ec="9" bec="0" bev="0" fileid="38" />
                <SequencePoint vc="9" uspid="20018" ordinal="0" offset="93" sl="157" sc="5" el="157" ec="5" bec="0" bev="0" fileid="38" />
              </SequencePoints>
              <BranchPoints />
            </Method>
            <Method visited="true" cyclomaticComplexity="0" nPathComplexity="0" sequenceCoverage="100.0" branchCoverage="0" crapScore="0" isConstructor="false" isStatic="false" isGetter="false" isSetter="false">
              <Summary numSequencePoints="4" visitedSequencePoints="4" numBranchPoints="0" visitedBranchPoints="0" sequenceCoverage="100.0" branchCoverage="0" maxCyclomaticComplexity="0" minCyclomaticComplexity="0" maxCrapScore="0" minCrapScore="0" visitedClasses="0" numClasses="0" visitedMethods="1" numMethods="1" />
              <MetadataToken>100663341</MetadataToken>
              <Name>System.Void Piece::SnapIntoPlace(Piece)</Name>
              <FileRef uid="38" />
              <SequencePoints>
                <SequencePoint vc="7" uspid="20019" ordinal="0" offset="0" sl="160" sc="5" el="160" ec="5" bec="0" bev="0" fileid="38" />
                <SequencePoint vc="7" uspid="20020" ordinal="0" offset="1" sl="161" sc="9" el="161" ec="9" bec="0" bev="0" fileid="38" />
                <SequencePoint vc="7" uspid="20021" ordinal="0" offset="20" sl="162" sc="9" el="162" ec="9" bec="0" bev="0" fileid="38" />
                <SequencePoint vc="7" uspid="20022" ordinal="0" offset="43" sl="163" sc="5" el="163" ec="5" bec="0" bev="0" fileid="38" />
              </SequencePoints>
              <BranchPoints />
            </Method>
            <Method visited="true" cyclomaticComplexity="0" nPathComplexity="0" sequenceCoverage="100.0" branchCoverage="0" crapScore="0" isConstructor="false" isStatic="false" isGetter="false" isSetter="false">
              <Summary numSequencePoints="7" visitedSequencePoints="7" numBranchPoints="0" visitedBranchPoints="0" sequenceCoverage="100.0" branchCoverage="0" maxCyclomaticComplexity="0" minCyclomaticComplexity="0" maxCrapScore="0" minCrapScore="0" visitedClasses="0" numClasses="0" visitedMethods="1" numMethods="1" />
              <MetadataToken>100663345</MetadataToken>
              <Name>System.Void Piece::OnPointerEvent(Oculus.Interaction.PointerEvent)</Name>
              <FileRef uid="38" />
              <SequencePoints>
                <SequencePoint vc="1" uspid="20038" ordinal="0" offset="0" sl="190" sc="5" el="190" ec="5" bec="0" bev="0" fileid="38" />
                <SequencePoint vc="1" uspid="20039" ordinal="0" offset="1" sl="191" sc="9" el="191" ec="9" bec="0" bev="0" fileid="38" />
                <SequencePoint vc="1" uspid="20040" ordinal="0" offset="15" sl="192" sc="9" el="192" ec="9" bec="0" bev="0" fileid="38" />
                <SequencePoint vc="1" uspid="20041" ordinal="0" offset="16" sl="193" sc="13" el="193" ec="13" bec="0" bev="0" fileid="38" />
                <SequencePoint vc="1" uspid="20042" ordinal="0" offset="27" sl="194" sc="13" el="194" ec="13" bec="0" bev="0" fileid="38" />
                <SequencePoint vc="1" uspid="20043" ordinal="0" offset="45" sl="195" sc="9" el="195" ec="9" bec="0" bev="0" fileid="38" />
                <SequencePoint vc="1" uspid="20044" ordinal="0" offset="46" sl="196" sc="5" el="196" ec="5" bec="0" bev="0" fileid="38" />
              </SequencePoints>
              <BranchPoints />
            </Method>
            <Method visited="true" cyclomaticComplexity="0" nPathComplexity="0" sequenceCoverage="100.0" branchCoverage="0" crapScore="0" isConstructor="false" isStatic="false" isGetter="false" isSetter="false">
              <Summary numSequencePoints="4" visitedSequencePoints="4" numBranchPoints="0" visitedBranchPoints="0" sequenceCoverage="100.0" branchCoverage="0" maxCyclomaticComplexity="0" minCyclomaticComplexity="0" maxCrapScore="0" minCrapScore="0" visitedClasses="0" numClasses="0" visitedMethods="1" numMethods="1" />
              <MetadataToken>100663346</MetadataToken>
              <Name>Persistence.PieceSaveData Piece::ToData()</Name>
              <FileRef uid="38" />
              <SequencePoints>
                <SequencePoint vc="10" uspid="20045" ordinal="0" offset="0" sl="199" sc="5" el="199" ec="5" bec="0" bev="0" fileid="38" />
                <SequencePoint vc="10" uspid="20046" ordinal="0" offset="1" sl="200" sc="9" el="200" ec="9" bec="0" bev="0" fileid="38" />
                <SequencePoint vc="10" uspid="20047" ordinal="0" offset="33" sl="202" sc="9" el="202" ec="9" bec="0" bev="0" fileid="38" />
                <SequencePoint vc="10" uspid="20048" ordinal="0" offset="92" sl="208" sc="5" el="208" ec="5" bec="0" bev="0" fileid="38" />
              </SequencePoints>
              <BranchPoints />
            </Method>
            <Method visited="true" cyclomaticComplexity="0" nPathComplexity="0" sequenceCoverage="100.0" branchCoverage="0" crapScore="0" isConstructor="false" isStatic="false" isGetter="false" isSetter="false">
              <Summary numSequencePoints="1" visitedSequencePoints="1" numBranchPoints="0" visitedBranchPoints="0" sequenceCoverage="100.0" branchCoverage="0" maxCyclomaticComplexity="0" minCyclomaticComplexity="0" maxCrapScore="0" minCrapScore="0" visitedClasses="0" numClasses="0" visitedMethods="1" numMethods="1" />
              <MetadataToken>100663348</MetadataToken>
              <Name>UnityEngine.Vector3 Piece::&lt;Vertices&gt;b__27_0(UnityEngine.Vector3)</Name>
              <FileRef uid="38" />
              <SequencePoints>
                <SequencePoint vc="272" uspid="20049" ordinal="0" offset="0" sl="110" sc="31" el="110" ec="31" bec="0" bev="0" fileid="38" />
              </SequencePoints>
              <BranchPoints />
            </Method>
          </Methods>
        </Class>
        <Class>
          <Summary numSequencePoints="4" visitedSequencePoints="4" numBranchPoints="0" visitedBranchPoints="0" sequenceCoverage="100.0" branchCoverage="0.0" maxCyclomaticComplexity="0" minCyclomaticComplexity="0" maxCrapScore="0" minCrapScore="0" visitedClasses="1" numClasses="1" visitedMethods="1" numMethods="1" />
          <FullName>PieceMissingConnections</FullName>
          <Methods>
            <Method visited="true" cyclomaticComplexity="0" nPathComplexity="0" sequenceCoverage="100.0" branchCoverage="0" crapScore="0" isConstructor="true" isStatic="false" isGetter="false" isSetter="false">
              <Summary numSequencePoints="4" visitedSequencePoints="4" numBranchPoints="0" visitedBranchPoints="0" sequenceCoverage="100.0" branchCoverage="0" maxCyclomaticComplexity="0" minCyclomaticComplexity="0" maxCrapScore="0" minCrapScore="0" visitedClasses="0" numClasses="0" visitedMethods="1" numMethods="1" />
              <MetadataToken>100663349</MetadataToken>
              <Name>PieceMissingConnections::PieceMissingConnections(Piece, System.Collections.Generic.List[Int32])</Name>
              <FileRef uid="39" />
              <SequencePoints>
                <SequencePoint vc="1" uspid="20050" ordinal="0" offset="0" sl="9" sc="5" el="9" ec="5" bec="0" bev="0" fileid="39" />
                <SequencePoint vc="1" uspid="20051" ordinal="0" offset="1" sl="10" sc="9" el="10" ec="9" bec="0" bev="0" fileid="39" />
                <SequencePoint vc="1" uspid="20052" ordinal="0" offset="8" sl="11" sc="9" el="11" ec="9" bec="0" bev="0" fileid="39" />
                <SequencePoint vc="1" uspid="20053" ordinal="0" offset="15" sl="12" sc="5" el="12" ec="5" bec="0" bev="0" fileid="39" />
              </SequencePoints>
              <BranchPoints />
            </Method>
          </Methods>
        </Class>
        <Class>
          <Summary numSequencePoints="116" visitedSequencePoints="108" numBranchPoints="0" visitedBranchPoints="0" sequenceCoverage="93.10" branchCoverage="0.0" maxCyclomaticComplexity="0" minCyclomaticComplexity="0" maxCrapScore="0" minCrapScore="0" visitedClasses="1" numClasses="1" visitedMethods="16" numMethods="16" />
          <FullName>Puzzle</FullName>
          <Methods>
            <Method visited="true" cyclomaticComplexity="0" nPathComplexity="0" sequenceCoverage="100.0" branchCoverage="0" crapScore="0" isConstructor="false" isStatic="false" isGetter="true" isSetter="false">
              <Summary numSequencePoints="1" visitedSequencePoints="1" numBranchPoints="0" visitedBranchPoints="0" sequenceCoverage="100.0" branchCoverage="0" maxCyclomaticComplexity="0" minCyclomaticComplexity="0" maxCrapScore="0" minCrapScore="0" visitedClasses="0" numClasses="0" visitedMethods="1" numMethods="1" />
              <MetadataToken>100663352</MetadataToken>
              <Name>Chunk[] Puzzle::get_Chunks()</Name>
              <FileRef uid="41" />
              <SequencePoints>
                <SequencePoint vc="39" uspid="20057" ordinal="0" offset="0" sl="30" sc="30" el="30" ec="30" bec="0" bev="0" fileid="41" />
              </SequencePoints>
              <BranchPoints />
            </Method>
            <Method visited="true" cyclomaticComplexity="0" nPathComplexity="0" sequenceCoverage="100.0" branchCoverage="0" crapScore="0" isConstructor="false" isStatic="false" isGetter="true" isSetter="false">
              <Summary numSequencePoints="1" visitedSequencePoints="1" numBranchPoints="0" visitedBranchPoints="0" sequenceCoverage="100.0" branchCoverage="0" maxCyclomaticComplexity="0" minCyclomaticComplexity="0" maxCrapScore="0" minCrapScore="0" visitedClasses="0" numClasses="0" visitedMethods="1" numMethods="1" />
              <MetadataToken>100663353</MetadataToken>
              <Name>System.Single Puzzle::get_ElapsedTime()</Name>
              <FileRef uid="41" />
              <SequencePoints>
                <SequencePoint vc="8" uspid="20058" ordinal="0" offset="0" sl="32" sc="32" el="32" ec="32" bec="0" bev="0" fileid="41" />
              </SequencePoints>
              <BranchPoints />
            </Method>
            <Method visited="true" cyclomaticComplexity="0" nPathComplexity="0" sequenceCoverage="100.0" branchCoverage="0" crapScore="0" isConstructor="false" isStatic="false" isGetter="false" isSetter="true">
              <Summary numSequencePoints="1" visitedSequencePoints="1" numBranchPoints="0" visitedBranchPoints="0" sequenceCoverage="100.0" branchCoverage="0" maxCyclomaticComplexity="0" minCyclomaticComplexity="0" maxCrapScore="0" minCrapScore="0" visitedClasses="0" numClasses="0" visitedMethods="1" numMethods="1" />
              <MetadataToken>100663354</MetadataToken>
              <Name>System.Void Puzzle::set_ElapsedTime(System.Single)</Name>
              <FileRef uid="41" />
              <SequencePoints>
                <SequencePoint vc="22" uspid="20059" ordinal="0" offset="0" sl="32" sc="37" el="32" ec="37" bec="0" bev="0" fileid="41" />
              </SequencePoints>
              <BranchPoints />
            </Method>
            <Method visited="true" cyclomaticComplexity="0" nPathComplexity="0" sequenceCoverage="100.0" branchCoverage="0" crapScore="0" isConstructor="false" isStatic="false" isGetter="true" isSetter="false">
              <Summary numSequencePoints="1" visitedSequencePoints="1" numBranchPoints="0" visitedBranchPoints="0" sequenceCoverage="100.0" branchCoverage="0" maxCyclomaticComplexity="0" minCyclomaticComplexity="0" maxCrapScore="0" minCrapScore="0" visitedClasses="0" numClasses="0" visitedMethods="1" numMethods="1" />
              <MetadataToken>100663355</MetadataToken>
              <Name>System.Int64 Puzzle::get_CurrentConnections()</Name>
              <FileRef uid="41" />
              <SequencePoints>
                <SequencePoint vc="46" uspid="20060" ordinal="0" offset="0" sl="35" sc="38" el="35" ec="38" bec="0" bev="0" fileid="41" />
              </SequencePoints>
              <BranchPoints />
            </Method>
            <Method visited="true" cyclomaticComplexity="0" nPathComplexity="0" sequenceCoverage="100.0" branchCoverage="0" crapScore="0" isConstructor="false" isStatic="false" isGetter="false" isSetter="true">
              <Summary numSequencePoints="1" visitedSequencePoints="1" numBranchPoints="0" visitedBranchPoints="0" sequenceCoverage="100.0" branchCoverage="0" maxCyclomaticComplexity="0" minCyclomaticComplexity="0" maxCrapScore="0" minCrapScore="0" visitedClasses="0" numClasses="0" visitedMethods="1" numMethods="1" />
              <MetadataToken>100663356</MetadataToken>
              <Name>System.Void Puzzle::set_CurrentConnections(System.Int64)</Name>
              <FileRef uid="41" />
              <SequencePoints>
                <SequencePoint vc="7" uspid="20061" ordinal="0" offset="0" sl="35" sc="43" el="35" ec="43" bec="0" bev="0" fileid="41" />
              </SequencePoints>
              <BranchPoints />
            </Method>
            <Method visited="true" cyclomaticComplexity="0" nPathComplexity="0" sequenceCoverage="100.0" branchCoverage="0" crapScore="0" isConstructor="false" isStatic="false" isGetter="true" isSetter="false">
              <Summary numSequencePoints="1" visitedSequencePoints="1" numBranchPoints="0" visitedBranchPoints="0" sequenceCoverage="100.0" branchCoverage="0" maxCyclomaticComplexity="0" minCyclomaticComplexity="0" maxCrapScore="0" minCrapScore="0" visitedClasses="0" numClasses="0" visitedMethods="1" numMethods="1" />
              <MetadataToken>100663357</MetadataToken>
              <Name>System.Int64 Puzzle::get_GoalConnections()</Name>
              <FileRef uid="41" />
              <SequencePoints>
                <SequencePoint vc="33" uspid="20062" ordinal="0" offset="0" sl="36" sc="36" el="36" ec="36" bec="0" bev="0" fileid="41" />
              </SequencePoints>
              <BranchPoints />
            </Method>
            <Method visited="true" cyclomaticComplexity="0" nPathComplexity="0" sequenceCoverage="100.0" branchCoverage="0" crapScore="0" isConstructor="false" isStatic="false" isGetter="true" isSetter="false">
              <Summary numSequencePoints="1" visitedSequencePoints="1" numBranchPoints="0" visitedBranchPoints="0" sequenceCoverage="100.0" branchCoverage="0" maxCyclomaticComplexity="0" minCyclomaticComplexity="0" maxCrapScore="0" minCrapScore="0" visitedClasses="0" numClasses="0" visitedMethods="1" numMethods="1" />
              <MetadataToken>100663358</MetadataToken>
              <Name>System.Single Puzzle::get_PercentComplete()</Name>
              <FileRef uid="41" />
              <SequencePoints>
                <SequencePoint vc="4" uspid="20063" ordinal="0" offset="0" sl="37" sc="37" el="37" ec="37" bec="0" bev="0" fileid="41" />
              </SequencePoints>
              <BranchPoints />
            </Method>
            <Method visited="true" cyclomaticComplexity="0" nPathComplexity="0" sequenceCoverage="100.0" branchCoverage="0" crapScore="0" isConstructor="false" isStatic="false" isGetter="true" isSetter="false">
              <Summary numSequencePoints="1" visitedSequencePoints="1" numBranchPoints="0" visitedBranchPoints="0" sequenceCoverage="100.0" branchCoverage="0" maxCyclomaticComplexity="0" minCyclomaticComplexity="0" maxCrapScore="0" minCrapScore="0" visitedClasses="0" numClasses="0" visitedMethods="1" numMethods="1" />
              <MetadataToken>100663359</MetadataToken>
              <Name>System.Boolean Puzzle::get_IsCompleted()</Name>
              <FileRef uid="41" />
              <SequencePoints>
                <SequencePoint vc="24" uspid="20064" ordinal="0" offset="0" sl="38" sc="32" el="38" ec="32" bec="0" bev="0" fileid="41" />
              </SequencePoints>
              <BranchPoints />
            </Method>
            <Method visited="true" cyclomaticComplexity="0" nPathComplexity="0" sequenceCoverage="100.0" branchCoverage="0" crapScore="0" isConstructor="false" isStatic="false" isGetter="true" isSetter="false">
              <Summary numSequencePoints="1" visitedSequencePoints="1" numBranchPoints="0" visitedBranchPoints="0" sequenceCoverage="100.0" branchCoverage="0" maxCyclomaticComplexity="0" minCyclomaticComplexity="0" maxCrapScore="0" minCrapScore="0" visitedClasses="0" numClasses="0" visitedMethods="1" numMethods="1" />
              <MetadataToken>100663360</MetadataToken>
              <Name>System.Boolean Puzzle::get_IsOnline()</Name>
              <FileRef uid="41" />
              <SequencePoints>
                <SequencePoint vc="3" uspid="20065" ordinal="0" offset="0" sl="40" sc="29" el="40" ec="29" bec="0" bev="0" fileid="41" />
              </SequencePoints>
              <BranchPoints />
            </Method>
            <Method visited="true" cyclomaticComplexity="0" nPathComplexity="0" sequenceCoverage="100.0" branchCoverage="0" crapScore="0" isConstructor="false" isStatic="false" isGetter="false" isSetter="false">
              <Summary numSequencePoints="6" visitedSequencePoints="6" numBranchPoints="0" visitedBranchPoints="0" sequenceCoverage="100.0" branchCoverage="0" maxCyclomaticComplexity="0" minCyclomaticComplexity="0" maxCrapScore="0" minCrapScore="0" visitedClasses="0" numClasses="0" visitedMethods="1" numMethods="1" />
              <MetadataToken>100663368</MetadataToken>
              <Name>System.Void Puzzle::InitializePuzzle(Persistence.PuzzleSaveData)</Name>
              <FileRef uid="41" />
              <SequencePoints>
                <SequencePoint vc="22" uspid="20067" ordinal="0" offset="0" sl="49" sc="5" el="49" ec="5" bec="0" bev="0" fileid="41" />
                <SequencePoint vc="22" uspid="20068" ordinal="0" offset="1" sl="50" sc="9" el="50" ec="9" bec="0" bev="0" fileid="41" />
                <SequencePoint vc="22" uspid="20069" ordinal="0" offset="8" sl="52" sc="9" el="52" ec="9" bec="0" bev="0" fileid="41" />
                <SequencePoint vc="22" uspid="20070" ordinal="0" offset="16" sl="54" sc="9" el="54" ec="9" bec="0" bev="0" fileid="41" />
                <SequencePoint vc="22" uspid="20071" ordinal="0" offset="29" sl="55" sc="9" el="55" ec="9" bec="0" bev="0" fileid="41" />
                <SequencePoint vc="22" uspid="20072" ordinal="0" offset="44" sl="56" sc="5" el="56" ec="5" bec="0" bev="0" fileid="41" />
              </SequencePoints>
              <BranchPoints />
            </Method>
            <Method visited="true" cyclomaticComplexity="0" nPathComplexity="0" sequenceCoverage="100.0" branchCoverage="0" crapScore="0" isConstructor="false" isStatic="false" isGetter="false" isSetter="false">
              <Summary numSequencePoints="16" visitedSequencePoints="16" numBranchPoints="0" visitedBranchPoints="0" sequenceCoverage="100.0" branchCoverage="0" maxCyclomaticComplexity="0" minCyclomaticComplexity="0" maxCrapScore="0" minCrapScore="0" visitedClasses="0" numClasses="0" visitedMethods="1" numMethods="1" />
              <MetadataToken>100663370</MetadataToken>
              <Name>System.Void Puzzle::InitializeChunks(Persistence.PuzzleSaveData)</Name>
              <FileRef uid="41" />
              <SequencePoints>
                <SequencePoint vc="22" uspid="20079" ordinal="0" offset="0" sl="68" sc="5" el="68" ec="5" bec="0" bev="0" fileid="41" />
                <SequencePoint vc="22" uspid="20080" ordinal="0" offset="1" sl="69" sc="9" el="69" ec="9" bec="0" bev="0" fileid="41" />
                <SequencePoint vc="19" uspid="20081" ordinal="0" offset="30" sl="70" sc="9" el="70" ec="9" bec="0" bev="0" fileid="41" />
                <SequencePoint vc="19" uspid="20082" ordinal="0" offset="31" sl="71" sc="13" el="71" ec="13" bec="0" bev="0" fileid="41" />
                <SequencePoint vc="19" uspid="20083" ordinal="0" offset="39" sl="72" sc="9" el="72" ec="9" bec="0" bev="0" fileid="41" />
                <SequencePoint vc="3" uspid="20084" ordinal="0" offset="42" sl="74" sc="9" el="74" ec="9" bec="0" bev="0" fileid="41" />
                <SequencePoint vc="3" uspid="20085" ordinal="0" offset="43" sl="75" sc="13" el="75" ec="13" bec="0" bev="0" fileid="41" />
                <SequencePoint vc="3" uspid="20086" ordinal="0" offset="51" sl="76" sc="9" el="76" ec="9" bec="0" bev="0" fileid="41" />
                <SequencePoint vc="22" uspid="20087" ordinal="0" offset="52" sl="78" sc="9" el="78" ec="9" bec="0" bev="0" fileid="41" />
                <SequencePoint vc="22" uspid="20088" ordinal="0" offset="53" sl="78" sc="31" el="78" ec="31" bec="0" bev="0" fileid="41" />
                <SequencePoint vc="37" uspid="20089" ordinal="0" offset="64" sl="78" sc="18" el="78" ec="18" bec="0" bev="0" fileid="41" />
                <SequencePoint vc="37" uspid="20090" ordinal="0" offset="68" sl="79" sc="9" el="79" ec="9" bec="0" bev="0" fileid="41" />
                <SequencePoint vc="37" uspid="20091" ordinal="0" offset="69" sl="80" sc="13" el="80" ec="13" bec="0" bev="0" fileid="41" />
                <SequencePoint vc="37" uspid="20092" ordinal="0" offset="88" sl="81" sc="9" el="81" ec="9" bec="0" bev="0" fileid="41" />
                <SequencePoint vc="59" uspid="20093" ordinal="0" offset="93" sl="78" sc="28" el="78" ec="28" bec="0" bev="0" fileid="41" />
                <SequencePoint vc="22" uspid="20094" ordinal="0" offset="99" sl="82" sc="5" el="82" ec="5" bec="0" bev="0" fileid="41" />
              </SequencePoints>
              <BranchPoints />
            </Method>
            <Method visited="true" cyclomaticComplexity="0" nPathComplexity="0" sequenceCoverage="100.0" branchCoverage="0" crapScore="0" isConstructor="false" isStatic="false" isGetter="false" isSetter="false">
              <Summary numSequencePoints="13" visitedSequencePoints="13" numBranchPoints="0" visitedBranchPoints="0" sequenceCoverage="100.0" branchCoverage="0" maxCyclomaticComplexity="0" minCyclomaticComplexity="0" maxCrapScore="0" minCrapScore="0" visitedClasses="0" numClasses="0" visitedMethods="1" numMethods="1" />
              <MetadataToken>100663372</MetadataToken>
              <Name>System.Void Puzzle::InitializeSinglePieceChunks(Persistence.PuzzleSaveData)</Name>
              <FileRef uid="41" />
              <SequencePoints>
                <SequencePoint vc="19" uspid="20104" ordinal="0" offset="0" sl="93" sc="5" el="93" ec="5" bec="0" bev="0" fileid="41" />
                <SequencePoint vc="19" uspid="20105" ordinal="0" offset="1" sl="94" sc="9" el="94" ec="9" bec="0" bev="0" fileid="41" />
                <SequencePoint vc="19" uspid="20106" ordinal="0" offset="13" sl="95" sc="9" el="95" ec="9" bec="0" bev="0" fileid="41" />
                <SequencePoint vc="19" uspid="20107" ordinal="0" offset="20" sl="97" sc="9" el="97" ec="9" bec="0" bev="0" fileid="41" />
                <SequencePoint vc="19" uspid="20108" ordinal="0" offset="27" sl="98" sc="9" el="98" ec="9" bec="0" bev="0" fileid="41" />
                <SequencePoint vc="19" uspid="20109" ordinal="0" offset="39" sl="100" sc="9" el="100" ec="9" bec="0" bev="0" fileid="41" />
                <SequencePoint vc="19" uspid="20110" ordinal="0" offset="74" sl="102" sc="14" el="102" ec="14" bec="0" bev="0" fileid="41" />
                <SequencePoint vc="34" uspid="20111" ordinal="0" offset="79" sl="103" sc="9" el="103" ec="9" bec="0" bev="0" fileid="41" />
                <SequencePoint vc="34" uspid="20112" ordinal="0" offset="80" sl="104" sc="13" el="104" ec="13" bec="0" bev="0" fileid="41" />
                <SequencePoint vc="34" uspid="20113" ordinal="0" offset="110" sl="105" sc="9" el="105" ec="9" bec="0" bev="0" fileid="41" />
                <SequencePoint vc="34" uspid="20114" ordinal="0" offset="111" sl="102" sc="48" el="102" ec="48" bec="0" bev="0" fileid="41" />
                <SequencePoint vc="53" uspid="20115" ordinal="0" offset="117" sl="102" sc="25" el="102" ec="25" bec="0" bev="0" fileid="41" />
                <SequencePoint vc="19" uspid="20116" ordinal="0" offset="133" sl="106" sc="5" el="106" ec="5" bec="0" bev="0" fileid="41" />
              </SequencePoints>
              <BranchPoints />
            </Method>
            <Method visited="true" cyclomaticComplexity="0" nPathComplexity="0" sequenceCoverage="100.0" branchCoverage="0" crapScore="0" isConstructor="false" isStatic="false" isGetter="false" isSetter="false">
              <Summary numSequencePoints="8" visitedSequencePoints="8" numBranchPoints="0" visitedBranchPoints="0" sequenceCoverage="100.0" branchCoverage="0" maxCyclomaticComplexity="0" minCyclomaticComplexity="0" maxCrapScore="0" minCrapScore="0" visitedClasses="0" numClasses="0" visitedMethods="1" numMethods="1" />
              <MetadataToken>100663373</MetadataToken>
              <Name>System.Void Puzzle::PlacePieceInCell(PuzzleGeneration.PieceCut, PuzzlePlacement/Cell, PuzzlePlacement/BoundingGrid, Persistence.PuzzleSaveData)</Name>
              <FileRef uid="41" />
              <SequencePoints>
                <SequencePoint vc="34" uspid="20117" ordinal="0" offset="0" sl="114" sc="5" el="114" ec="5" bec="0" bev="0" fileid="41" />
                <SequencePoint vc="34" uspid="20118" ordinal="0" offset="1" sl="115" sc="9" el="115" ec="9" bec="0" bev="0" fileid="41" />
                <SequencePoint vc="34" uspid="20119" ordinal="0" offset="7" sl="116" sc="9" el="116" ec="9" bec="0" bev="0" fileid="41" />
                <SequencePoint vc="34" uspid="20120" ordinal="0" offset="31" sl="117" sc="9" el="117" ec="9" bec="0" bev="0" fileid="41" />
                <SequencePoint vc="34" uspid="20121" ordinal="0" offset="41" sl="119" sc="9" el="119" ec="9" bec="0" bev="0" fileid="41" />
                <SequencePoint vc="34" uspid="20122" ordinal="0" offset="48" sl="120" sc="9" el="120" ec="9" bec="0" bev="0" fileid="41" />
                <SequencePoint vc="34" uspid="20123" ordinal="0" offset="57" sl="121" sc="9" el="121" ec="9" bec="0" bev="0" fileid="41" />
                <SequencePoint vc="34" uspid="20124" ordinal="0" offset="70" sl="122" sc="5" el="122" ec="5" bec="0" bev="0" fileid="41" />
              </SequencePoints>
              <BranchPoints />
            </Method>
            <Method visited="true" cyclomaticComplexity="0" nPathComplexity="0" sequenceCoverage="100.0" branchCoverage="0" crapScore="0" isConstructor="false" isStatic="false" isGetter="false" isSetter="false">
              <Summary numSequencePoints="17" visitedSequencePoints="17" numBranchPoints="0" visitedBranchPoints="0" sequenceCoverage="100.0" branchCoverage="0" maxCyclomaticComplexity="0" minCyclomaticComplexity="0" maxCrapScore="0" minCrapScore="0" visitedClasses="0" numClasses="0" visitedMethods="1" numMethods="1" />
              <MetadataToken>100663374</MetadataToken>
              <Name>System.Void Puzzle::InitializeSavedChunkStates(Persistence.PuzzleSaveData)</Name>
              <FileRef uid="41" />
              <SequencePoints>
                <SequencePoint vc="3" uspid="20125" ordinal="0" offset="0" sl="125" sc="5" el="125" ec="5" bec="0" bev="0" fileid="41" />
                <SequencePoint vc="3" uspid="20126" ordinal="0" offset="1" sl="126" sc="9" el="126" ec="9" bec="0" bev="0" fileid="41" />
                <SequencePoint vc="3" uspid="20127" ordinal="0" offset="21" sl="129" sc="9" el="129" ec="9" bec="0" bev="0" fileid="41" />
                <SequencePoint vc="3" uspid="20128" ordinal="0" offset="22" sl="129" sc="39" el="129" ec="39" bec="0" bev="0" fileid="41" />
                <SequencePoint vc="3" uspid="20129" ordinal="0" offset="36" sl="129" sc="18" el="129" ec="18" bec="0" bev="0" fileid="41" />
                <SequencePoint vc="3" uspid="20130" ordinal="0" offset="44" sl="130" sc="9" el="130" ec="9" bec="0" bev="0" fileid="41" />
                <SequencePoint vc="3" uspid="20131" ordinal="0" offset="45" sl="131" sc="13" el="131" ec="13" bec="0" bev="0" fileid="41" />
                <SequencePoint vc="3" uspid="20132" ordinal="0" offset="75" sl="138" sc="13" el="138" ec="13" bec="0" bev="0" fileid="41" />
                <SequencePoint vc="3" uspid="20133" ordinal="0" offset="103" sl="140" sc="13" el="140" ec="13" bec="0" bev="0" fileid="41" />
                <SequencePoint vc="3" uspid="20134" ordinal="0" offset="112" sl="141" sc="9" el="141" ec="9" bec="0" bev="0" fileid="41" />
                <SequencePoint vc="6" uspid="20135" ordinal="0" offset="113" sl="129" sc="36" el="129" ec="36" bec="0" bev="0" fileid="41" />
                <SequencePoint vc="3" uspid="20136" ordinal="0" offset="139" sl="143" sc="9" el="143" ec="9" bec="0" bev="0" fileid="41" />
                <SequencePoint vc="3" uspid="20137" ordinal="0" offset="166" sl="145" sc="9" el="145" ec="9" bec="0" bev="0" fileid="41" />
                <SequencePoint vc="3" uspid="20138" ordinal="0" offset="180" sl="146" sc="9" el="146" ec="9" bec="0" bev="0" fileid="41" />
                <SequencePoint vc="3" uspid="20139" ordinal="0" offset="181" sl="147" sc="13" el="147" ec="13" bec="0" bev="0" fileid="41" />
                <SequencePoint vc="3" uspid="20140" ordinal="0" offset="201" sl="148" sc="9" el="148" ec="9" bec="0" bev="0" fileid="41" />
                <SequencePoint vc="3" uspid="20141" ordinal="0" offset="202" sl="149" sc="5" el="149" ec="5" bec="0" bev="0" fileid="41" />
              </SequencePoints>
              <BranchPoints />
            </Method>
            <Method visited="true" cyclomaticComplexity="0" nPathComplexity="0" sequenceCoverage="81.82" branchCoverage="0" crapScore="0" isConstructor="false" isStatic="false" isGetter="false" isSetter="false">
              <Summary numSequencePoints="44" visitedSequencePoints="36" numBranchPoints="0" visitedBranchPoints="0" sequenceCoverage="81.82" branchCoverage="0" maxCyclomaticComplexity="0" minCyclomaticComplexity="0" maxCrapScore="0" minCrapScore="0" visitedClasses="0" numClasses="0" visitedMethods="1" numMethods="1" />
              <MetadataToken>100663377</MetadataToken>
              <Name>System.Void Puzzle::OnChunkDropped(Chunk)</Name>
              <FileRef uid="41" />
              <SequencePoints>
                <SequencePoint vc="1" uspid="20164" ordinal="0" offset="0" sl="180" sc="5" el="180" ec="5" bec="0" bev="0" fileid="41" />
                <SequencePoint vc="1" uspid="20165" ordinal="0" offset="1" sl="181" sc="9" el="181" ec="9" bec="0" bev="0" fileid="41" />
                <SequencePoint vc="1" uspid="20166" ordinal="0" offset="12" sl="183" sc="9" el="183" ec="9" bec="0" bev="0" fileid="41" />
                <SequencePoint vc="1" uspid="20167" ordinal="0" offset="13" sl="183" sc="36" el="183" ec="36" bec="0" bev="0" fileid="41" />
                <SequencePoint vc="2" uspid="20168" ordinal="0" offset="27" sl="183" sc="18" el="183" ec="18" bec="0" bev="0" fileid="41" />
                <SequencePoint vc="2" uspid="20169" ordinal="0" offset="31" sl="184" sc="9" el="184" ec="9" bec="0" bev="0" fileid="41" />
                <SequencePoint vc="2" uspid="20170" ordinal="0" offset="32" sl="185" sc="13" el="185" ec="13" bec="0" bev="0" fileid="41" />
                <SequencePoint vc="1" uspid="20171" ordinal="0" offset="60" sl="185" sc="74" el="185" ec="74" bec="0" bev="0" fileid="41" />
                <SequencePoint vc="1" uspid="20172" ordinal="0" offset="65" sl="187" sc="13" el="187" ec="13" bec="0" bev="0" fileid="41" />
                <SequencePoint vc="1" uspid="20173" ordinal="0" offset="76" sl="189" sc="13" el="189" ec="13" bec="0" bev="0" fileid="41" />
[...]
              <MetadataToken>100663468</MetadataToken>
              <Name>System.Void Tests.RectanglePuzzleGeneratorTests/&lt;GeneratesCorrectPieceDimensions&gt;d__5::MoveNext()</Name>
              <FileRef uid="95" />
              <SequencePoints>
                <SequencePoint vc="1" uspid="23023" ordinal="0" offset="14" sl="33" sc="9" el="33" ec="9" bec="0" bev="0" fileid="95" />
                <SequencePoint vc="1" uspid="23024" ordinal="0" offset="15" sl="34" sc="13" el="34" ec="13" bec="0" bev="0" fileid="95" />
                <SequencePoint vc="1" uspid="23025" ordinal="0" offset="22" sl="35" sc="13" el="35" ec="13" bec="0" bev="0" fileid="95" />
                <SequencePoint vc="1" uspid="23026" ordinal="0" offset="29" sl="37" sc="13" el="37" ec="13" bec="0" bev="0" fileid="95" />
                <SequencePoint vc="0" uspid="23027" ordinal="0" offset="97" sl="37" sc="13" el="37" ec="13" bec="0" bev="0" fileid="95" />
                <SequencePoint vc="0" uspid="23028" ordinal="0" offset="127" sl="37" sc="13" el="37" ec="13" bec="0" bev="0" fileid="95" />
                <SequencePoint vc="1" uspid="23029" ordinal="0" offset="187" sl="38" sc="13" el="38" ec="13" bec="0" bev="0" fileid="95" />
                <SequencePoint vc="1" uspid="23030" ordinal="0" offset="204" sl="40" sc="13" el="40" ec="13" bec="0" bev="0" fileid="95" />
                <SequencePoint vc="1" uspid="23031" ordinal="0" offset="240" sl="41" sc="13" el="41" ec="13" bec="0" bev="0" fileid="95" />
                <SequencePoint vc="1" uspid="23032" ordinal="0" offset="316" sl="42" sc="9" el="42" ec="9" bec="0" bev="0" fileid="95" />
              </SequencePoints>
              <BranchPoints />
            </Method>
          </Methods>
        </Class>
        <Class>
          <Summary numSequencePoints="9" visitedSequencePoints="7" numBranchPoints="0" visitedBranchPoints="0" sequenceCoverage="77.78" branchCoverage="0.0" maxCyclomaticComplexity="0" minCyclomaticComplexity="0" maxCrapScore="0" minCrapScore="0" visitedClasses="1" numClasses="1" visitedMethods="1" numMethods="1" />
          <FullName>Tests.RectanglePuzzleGeneratorTests/&lt;GeneratesCorrectShape&gt;d__7</FullName>
          <Methods>
            <Method visited="true" cyclomaticComplexity="0" nPathComplexity="0" sequenceCoverage="77.78" branchCoverage="0" crapScore="0" isConstructor="false" isStatic="false" isGetter="false" isSetter="false">
              <Summary numSequencePoints="9" visitedSequencePoints="7" numBranchPoints="0" visitedBranchPoints="0" sequenceCoverage="77.78" branchCoverage="0" maxCyclomaticComplexity="0" minCyclomaticComplexity="0" maxCrapScore="0" minCrapScore="0" visitedClasses="0" numClasses="0" visitedMethods="1" numMethods="1" />
              <MetadataToken>100663471</MetadataToken>
              <Name>System.Void Tests.RectanglePuzzleGeneratorTests/&lt;GeneratesCorrectShape&gt;d__7::MoveNext()</Name>
              <FileRef uid="95" />
              <SequencePoints>
                <SequencePoint vc="1" uspid="23033" ordinal="0" offset="14" sl="58" sc="9" el="58" ec="9" bec="0" bev="0" fileid="95" />
                <SequencePoint vc="1" uspid="23034" ordinal="0" offset="15" sl="59" sc="13" el="59" ec="13" bec="0" bev="0" fileid="95" />
                <SequencePoint vc="1" uspid="23035" ordinal="0" offset="22" sl="60" sc="13" el="60" ec="13" bec="0" bev="0" fileid="95" />
                <SequencePoint vc="1" uspid="23036" ordinal="0" offset="29" sl="62" sc="13" el="62" ec="13" bec="0" bev="0" fileid="95" />
                <SequencePoint vc="0" uspid="23037" ordinal="0" offset="97" sl="62" sc="13" el="62" ec="13" bec="0" bev="0" fileid="95" />
                <SequencePoint vc="0" uspid="23038" ordinal="0" offset="127" sl="62" sc="13" el="62" ec="13" bec="0" bev="0" fileid="95" />
                <SequencePoint vc="1" uspid="23039" ordinal="0" offset="187" sl="63" sc="13" el="63" ec="13" bec="0" bev="0" fileid="95" />
                <SequencePoint vc="1" uspid="23040" ordinal="0" offset="204" sl="65" sc="13" el="65" ec="13" bec="0" bev="0" fileid="95" />
                <SequencePoint vc="1" uspid="23041" ordinal="0" offset="272" sl="66" sc="9" el="66" ec="9" bec="0" bev="0" fileid="95" />
              </SequencePoints>
              <BranchPoints />
            </Method>
          </Methods>
        </Class>
        <Class>
          <Summary numSequencePoints="15" visitedSequencePoints="13" numBranchPoints="0" visitedBranchPoints="0" sequenceCoverage="86.67" branchCoverage="0.0" maxCyclomaticComplexity="0" minCyclomaticComplexity="0" maxCrapScore="0" minCrapScore="0" visitedClasses="1" numClasses="1" visitedMethods="1" numMethods="1" />
          <FullName>Tests.TrianglePuzzleGeneratorTests/&lt;CorrectPieceFaceVerticesCount&gt;d__9</FullName>
          <Methods>
            <Method visited="true" cyclomaticComplexity="0" nPathComplexity="0" sequenceCoverage="86.67" branchCoverage="0" crapScore="0" isConstructor="false" isStatic="false" isGetter="false" isSetter="false">
              <Summary numSequencePoints="15" visitedSequencePoints="13" numBranchPoints="0" visitedBranchPoints="0" sequenceCoverage="86.67" branchCoverage="0" maxCyclomaticComplexity="0" minCyclomaticComplexity="0" maxCrapScore="0" minCrapScore="0" visitedClasses="0" numClasses="0" visitedMethods="1" numMethods="1" />
              <MetadataToken>100663474</MetadataToken>
              <Name>System.Void Tests.TrianglePuzzleGeneratorTests/&lt;CorrectPieceFaceVerticesCount&gt;d__9::MoveNext()</Name>
              <FileRef uid="96" />
              <SequencePoints>
                <SequencePoint vc="1" uspid="23042" ordinal="0" offset="14" sl="94" sc="9" el="94" ec="9" bec="0" bev="0" fileid="96" />
                <SequencePoint vc="1" uspid="23043" ordinal="0" offset="15" sl="95" sc="13" el="95" ec="13" bec="0" bev="0" fileid="96" />
                <SequencePoint vc="1" uspid="23044" ordinal="0" offset="22" sl="96" sc="13" el="96" ec="13" bec="0" bev="0" fileid="96" />
                <SequencePoint vc="1" uspid="23045" ordinal="0" offset="29" sl="97" sc="13" el="97" ec="13" bec="0" bev="0" fileid="96" />
                <SequencePoint vc="0" uspid="23046" ordinal="0" offset="97" sl="97" sc="13" el="97" ec="13" bec="0" bev="0" fileid="96" />
                <SequencePoint vc="0" uspid="23047" ordinal="0" offset="127" sl="97" sc="13" el="97" ec="13" bec="0" bev="0" fileid="96" />
                <SequencePoint vc="1" uspid="23048" ordinal="0" offset="187" sl="98" sc="13" el="98" ec="13" bec="0" bev="0" fileid="96" />
                <SequencePoint vc="1" uspid="23049" ordinal="0" offset="204" sl="100" sc="13" el="100" ec="13" bec="0" bev="0" fileid="96" />
                <SequencePoint vc="1" uspid="23050" ordinal="0" offset="205" sl="100" sc="38" el="100" ec="38" bec="0" bev="0" fileid="96" />
                <SequencePoint vc="16" uspid="23051" ordinal="0" offset="229" sl="100" sc="22" el="100" ec="22" bec="0" bev="0" fileid="96" />
                <SequencePoint vc="16" uspid="23052" ordinal="0" offset="246" sl="101" sc="13" el="101" ec="13" bec="0" bev="0" fileid="96" />
                <SequencePoint vc="16" uspid="23053" ordinal="0" offset="247" sl="102" sc="17" el="102" ec="17" bec="0" bev="0" fileid="96" />
                <SequencePoint vc="16" uspid="23054" ordinal="0" offset="280" sl="103" sc="13" el="103" ec="13" bec="0" bev="0" fileid="96" />
                <SequencePoint vc="17" uspid="23055" ordinal="0" offset="288" sl="100" sc="35" el="100" ec="35" bec="0" bev="0" fileid="96" />
                <SequencePoint vc="1" uspid="23056" ordinal="0" offset="378" sl="104" sc="9" el="104" ec="9" bec="0" bev="0" fileid="96" />
              </SequencePoints>
              <BranchPoints />
            </Method>
          </Methods>
        </Class>
        <Class>
          <Summary numSequencePoints="18" visitedSequencePoints="16" numBranchPoints="0" visitedBranchPoints="0" sequenceCoverage="88.89" branchCoverage="0.0" maxCyclomaticComplexity="0" minCyclomaticComplexity="0" maxCrapScore="0" minCrapScore="0" visitedClasses="1" numClasses="1" visitedMethods="1" numMethods="1" />
          <FullName>Tests.TrianglePuzzleGeneratorTests/&lt;CorrectPieceIndicesAssigned&gt;d__8</FullName>
          <Methods>
            <Method visited="true" cyclomaticComplexity="0" nPathComplexity="0" sequenceCoverage="88.89" branchCoverage="0" crapScore="0" isConstructor="false" isStatic="false" isGetter="false" isSetter="false">
              <Summary numSequencePoints="18" visitedSequencePoints="16" numBranchPoints="0" visitedBranchPoints="0" sequenceCoverage="88.89" branchCoverage="0" maxCyclomaticComplexity="0" minCyclomaticComplexity="0" maxCrapScore="0" minCrapScore="0" visitedClasses="0" numClasses="0" visitedMethods="1" numMethods="1" />
              <MetadataToken>100663477</MetadataToken>
              <Name>System.Void Tests.TrianglePuzzleGeneratorTests/&lt;CorrectPieceIndicesAssigned&gt;d__8::MoveNext()</Name>
              <FileRef uid="96" />
              <SequencePoints>
                <SequencePoint vc="1" uspid="23057" ordinal="0" offset="17" sl="75" sc="9" el="75" ec="9" bec="0" bev="0" fileid="96" />
                <SequencePoint vc="1" uspid="23058" ordinal="0" offset="18" sl="76" sc="13" el="76" ec="13" bec="0" bev="0" fileid="96" />
                <SequencePoint vc="1" uspid="23059" ordinal="0" offset="36" sl="78" sc="13" el="78" ec="13" bec="0" bev="0" fileid="96" />
                <SequencePoint vc="1" uspid="23060" ordinal="0" offset="43" sl="79" sc="13" el="79" ec="13" bec="0" bev="0" fileid="96" />
                <SequencePoint vc="1" uspid="23061" ordinal="0" offset="50" sl="80" sc="13" el="80" ec="13" bec="0" bev="0" fileid="96" />
                <SequencePoint vc="0" uspid="23062" ordinal="0" offset="118" sl="80" sc="13" el="80" ec="13" bec="0" bev="0" fileid="96" />
                <SequencePoint vc="0" uspid="23063" ordinal="0" offset="148" sl="80" sc="13" el="80" ec="13" bec="0" bev="0" fileid="96" />
                <SequencePoint vc="1" uspid="23064" ordinal="0" offset="208" sl="81" sc="13" el="81" ec="13" bec="0" bev="0" fileid="96" />
                <SequencePoint vc="1" uspid="23065" ordinal="0" offset="225" sl="83" sc="13" el="83" ec="13" bec="0" bev="0" fileid="96" />
                <SequencePoint vc="1" uspid="23066" ordinal="0" offset="232" sl="85" sc="13" el="85" ec="13" bec="0" bev="0" fileid="96" />
                <SequencePoint vc="1" uspid="23067" ordinal="0" offset="233" sl="85" sc="38" el="85" ec="38" bec="0" bev="0" fileid="96" />
                <SequencePoint vc="16" uspid="23068" ordinal="0" offset="257" sl="85" sc="22" el="85" ec="22" bec="0" bev="0" fileid="96" />
                <SequencePoint vc="16" uspid="23069" ordinal="0" offset="274" sl="86" sc="13" el="86" ec="13" bec="0" bev="0" fileid="96" />
                <SequencePoint vc="16" uspid="23070" ordinal="0" offset="275" sl="87" sc="17" el="87" ec="17" bec="0" bev="0" fileid="96" />
                <SequencePoint vc="16" uspid="23071" ordinal="0" offset="308" sl="88" sc="17" el="88" ec="17" bec="0" bev="0" fileid="96" />
                <SequencePoint vc="16" uspid="23072" ordinal="0" offset="324" sl="89" sc="13" el="89" ec="13" bec="0" bev="0" fileid="96" />
                <SequencePoint vc="17" uspid="23073" ordinal="0" offset="332" sl="85" sc="35" el="85" ec="35" bec="0" bev="0" fileid="96" />
                <SequencePoint vc="1" uspid="23074" ordinal="0" offset="431" sl="90" sc="9" el="90" ec="9" bec="0" bev="0" fileid="96" />
              </SequencePoints>
              <BranchPoints />
            </Method>
          </Methods>
        </Class>
        <Class>
          <Summary numSequencePoints="9" visitedSequencePoints="7" numBranchPoints="0" visitedBranchPoints="0" sequenceCoverage="77.78" branchCoverage="0.0" maxCyclomaticComplexity="0" minCyclomaticComplexity="0" maxCrapScore="0" minCrapScore="0" visitedClasses="1" numClasses="1" visitedMethods="1" numMethods="1" />
          <FullName>Tests.TrianglePuzzleGeneratorTests/&lt;GeneratesCorrectNumberOfPieces&gt;d__6</FullName>
          <Methods>
            <Method visited="true" cyclomaticComplexity="0" nPathComplexity="0" sequenceCoverage="77.78" branchCoverage="0" crapScore="0" isConstructor="false" isStatic="false" isGetter="false" isSetter="false">
              <Summary numSequencePoints="9" visitedSequencePoints="7" numBranchPoints="0" visitedBranchPoints="0" sequenceCoverage="77.78" branchCoverage="0" maxCyclomaticComplexity="0" minCyclomaticComplexity="0" maxCrapScore="0" minCrapScore="0" visitedClasses="0" numClasses="0" visitedMethods="1" numMethods="1" />
              <MetadataToken>100663480</MetadataToken>
              <Name>System.Void Tests.TrianglePuzzleGeneratorTests/&lt;GeneratesCorrectNumberOfPieces&gt;d__6::MoveNext()</Name>
              <FileRef uid="96" />
              <SequencePoints>
                <SequencePoint vc="1" uspid="23075" ordinal="0" offset="14" sl="47" sc="9" el="47" ec="9" bec="0" bev="0" fileid="96" />
                <SequencePoint vc="1" uspid="23076" ordinal="0" offset="15" sl="48" sc="13" el="48" ec="13" bec="0" bev="0" fileid="96" />
                <SequencePoint vc="1" uspid="23077" ordinal="0" offset="22" sl="49" sc="13" el="49" ec="13" bec="0" bev="0" fileid="96" />
                <SequencePoint vc="1" uspid="23078" ordinal="0" offset="29" sl="51" sc="13" el="51" ec="13" bec="0" bev="0" fileid="96" />
                <SequencePoint vc="0" uspid="23079" ordinal="0" offset="97" sl="51" sc="13" el="51" ec="13" bec="0" bev="0" fileid="96" />
                <SequencePoint vc="0" uspid="23080" ordinal="0" offset="127" sl="51" sc="13" el="51" ec="13" bec="0" bev="0" fileid="96" />
                <SequencePoint vc="1" uspid="23081" ordinal="0" offset="187" sl="52" sc="13" el="52" ec="13" bec="0" bev="0" fileid="96" />
                <SequencePoint vc="1" uspid="23082" ordinal="0" offset="204" sl="54" sc="13" el="54" ec="13" bec="0" bev="0" fileid="96" />
                <SequencePoint vc="1" uspid="23083" ordinal="0" offset="278" sl="55" sc="9" el="55" ec="9" bec="0" bev="0" fileid="96" />
              </SequencePoints>
              <BranchPoints />
            </Method>
          </Methods>
        </Class>
        <Class>
          <Summary numSequencePoints="10" visitedSequencePoints="8" numBranchPoints="0" visitedBranchPoints="0" sequenceCoverage="80.00" branchCoverage="0.0" maxCyclomaticComplexity="0" minCyclomaticComplexity="0" maxCrapScore="0" minCrapScore="0" visitedClasses="1" numClasses="1" visitedMethods="1" numMethods="1" />
          <FullName>Tests.TrianglePuzzleGeneratorTests/&lt;GeneratesCorrectPieceDimensions&gt;d__5</FullName>
          <Methods>
            <Method visited="true" cyclomaticComplexity="0" nPathComplexity="0" sequenceCoverage="80.00" branchCoverage="0" crapScore="0" isConstructor="false" isStatic="false" isGetter="false" isSetter="false">
              <Summary numSequencePoints="10" visitedSequencePoints="8" numBranchPoints="0" visitedBranchPoints="0" sequenceCoverage="80.00" branchCoverage="0" maxCyclomaticComplexity="0" minCyclomaticComplexity="0" maxCrapScore="0" minCrapScore="0" visitedClasses="0" numClasses="0" visitedMethods="1" numMethods="1" />
              <MetadataToken>100663483</MetadataToken>
              <Name>System.Void Tests.TrianglePuzzleGeneratorTests/&lt;GeneratesCorrectPieceDimensions&gt;d__5::MoveNext()</Name>
              <FileRef uid="96" />
              <SequencePoints>
                <SequencePoint vc="1" uspid="23084" ordinal="0" offset="14" sl="34" sc="9" el="34" ec="9" bec="0" bev="0" fileid="96" />
                <SequencePoint vc="1" uspid="23085" ordinal="0" offset="15" sl="35" sc="13" el="35" ec="13" bec="0" bev="0" fileid="96" />
                <SequencePoint vc="1" uspid="23086" ordinal="0" offset="22" sl="36" sc="13" el="36" ec="13" bec="0" bev="0" fileid="96" />
                <SequencePoint vc="1" uspid="23087" ordinal="0" offset="29" sl="38" sc="13" el="38" ec="13" bec="0" bev="0" fileid="96" />
                <SequencePoint vc="0" uspid="23088" ordinal="0" offset="97" sl="38" sc="13" el="38" ec="13" bec="0" bev="0" fileid="96" />
                <SequencePoint vc="0" uspid="23089" ordinal="0" offset="127" sl="38" sc="13" el="38" ec="13" bec="0" bev="0" fileid="96" />
                <SequencePoint vc="1" uspid="23090" ordinal="0" offset="187" sl="39" sc="13" el="39" ec="13" bec="0" bev="0" fileid="96" />
                <SequencePoint vc="1" uspid="23091" ordinal="0" offset="204" sl="41" sc="13" el="41" ec="13" bec="0" bev="0" fileid="96" />
                <SequencePoint vc="1" uspid="23092" ordinal="0" offset="240" sl="42" sc="13" el="42" ec="13" bec="0" bev="0" fileid="96" />
                <SequencePoint vc="1" uspid="23093" ordinal="0" offset="316" sl="43" sc="9" el="43" ec="9" bec="0" bev="0" fileid="96" />
              </SequencePoints>
              <BranchPoints />
            </Method>
          </Methods>
        </Class>
        <Class>
          <Summary numSequencePoints="9" visitedSequencePoints="7" numBranchPoints="0" visitedBranchPoints="0" sequenceCoverage="77.78" branchCoverage="0.0" maxCyclomaticComplexity="0" minCyclomaticComplexity="0" maxCrapScore="0" minCrapScore="0" visitedClasses="1" numClasses="1" visitedMethods="1" numMethods="1" />
          <FullName>Tests.TrianglePuzzleGeneratorTests/&lt;GeneratesCorrectShape&gt;d__7</FullName>
          <Methods>
            <Method visited="true" cyclomaticComplexity="0" nPathComplexity="0" sequenceCoverage="77.78" branchCoverage="0" crapScore="0" isConstructor="false" isStatic="false" isGetter="false" isSetter="false">
              <Summary numSequencePoints="9" visitedSequencePoints="7" numBranchPoints="0" visitedBranchPoints="0" sequenceCoverage="77.78" branchCoverage="0" maxCyclomaticComplexity="0" minCyclomaticComplexity="0" maxCrapScore="0" minCrapScore="0" visitedClasses="0" numClasses="0" visitedMethods="1" numMethods="1" />
              <MetadataToken>100663486</MetadataToken>
              <Name>System.Void Tests.TrianglePuzzleGeneratorTests/&lt;GeneratesCorrectShape&gt;d__7::MoveNext()</Name>
              <FileRef uid="96" />
              <SequencePoints>
                <SequencePoint vc="1" uspid="23094" ordinal="0" offset="14" sl="59" sc="9" el="59" ec="9" bec="0" bev="0" fileid="96" />
                <SequencePoint vc="1" uspid="23095" ordinal="0" offset="15" sl="60" sc="13" el="60" ec="13" bec="0" bev="0" fileid="96" />
                <SequencePoint vc="1" uspid="23096" ordinal="0" offset="22" sl="61" sc="13" el="61" ec="13" bec="0" bev="0" fileid="96" />
                <SequencePoint vc="1" uspid="23097" ordinal="0" offset="29" sl="63" sc="13" el="63" ec="13" bec="0" bev="0" fileid="96" />
                <SequencePoint vc="0" uspid="23098" ordinal="0" offset="97" sl="63" sc="13" el="63" ec="13" bec="0" bev="0" fileid="96" />
                <SequencePoint vc="0" uspid="23099" ordinal="0" offset="127" sl="63" sc="13" el="63" ec="13" bec="0" bev="0" fileid="96" />
                <SequencePoint vc="1" uspid="23100" ordinal="0" offset="187" sl="64" sc="13" el="64" ec="13" bec="0" bev="0" fileid="96" />
                <SequencePoint vc="1" uspid="23101" ordinal="0" offset="204" sl="66" sc="13" el="66" ec="13" bec="0" bev="0" fileid="96" />
                <SequencePoint vc="1" uspid="23102" ordinal="0" offset="272" sl="67" sc="9" el="67" ec="9" bec="0" bev="0" fileid="96" />
              </SequencePoints>
              <BranchPoints />
            </Method>
          </Methods>
        </Class>
      </Classes>
    </Module>
  </Modules>
</CoverageSession>