<?xml version="1.0" encoding="utf-8"?>
<CoverageSession xmlns:xsd="http://www.w3.org/2001/XMLSchema" xmlns:xsi="http://www.w3.org/2001/XMLSchema-instance" Version="0.0.0.0">
  <Summary numSequencePoints="1094" visitedSequencePoints="1073" numBranchPoints="0" visitedBranchPoints="0" sequenceCoverage="98.08" branchCoverage="0.0" maxCyclomaticComplexity="0" minCyclomaticComplexity="0" maxCrapScore="0" minCrapScore="0" visitedClasses="22" numClasses="22" visitedMethods="130" numMethods="130" />
  <Modules>
    <Module>
      <Summary numSequencePoints="536" visitedSequencePoints="517" numBranchPoints="0" visitedBranchPoints="0" sequenceCoverage="96.46" branchCoverage="0.0" maxCyclomaticComplexity="0" minCyclomaticComplexity="0" maxCrapScore="0" minCrapScore="0" visitedClasses="17" numClasses="17" visitedMethods="82" numMethods="82" />
      <ModuleTime>0001-01-01T00:00:00</ModuleTime>
      <ModuleName>PuzzleGameScripts</ModuleName>
      <Files>
        <File uid="36" fullPath="C:/Users/josep/VRPuzzleGame/Assets/Scripts/Chunk.cs" />
        <File uid="37" fullPath="C:/Users/josep/VRPuzzleGame/Assets/Scripts/ChunkFactory.cs" />
        <File uid="38" fullPath="C:/Users/josep/VRPuzzleGame/Assets/Scripts/Piece.cs" />
        <File uid="39" fullPath="C:/Users/josep/VRPuzzleGame/Assets/Scripts/Puzzle.cs" />
        <File uid="40" fullPath="C:/Users/josep/VRPuzzleGame/Assets/Scripts/PuzzleRenderData.cs" />
        <File uid="41" fullPath="C:/Users/josep/VRPuzzleGame/Assets/Scripts/Seeders/PuzzleSeeder.cs" />
        <File uid="42" fullPath="C:/Users/josep/VRPuzzleGame/Assets/Scripts/PuzzleGeneration/PieceCut.cs" />
        <File uid="43" fullPath="C:/Users/josep/VRPuzzleGame/Assets/Scripts/PuzzleGeneration/PieceMeshGenerator.cs" />
        <File uid="44" fullPath="C:/Users/josep/VRPuzzleGame/Assets/Scripts/PuzzleGeneration/PuzzleLayout.cs" />
        <File uid="45" fullPath="C:/Users/josep/VRPuzzleGame/Assets/Scripts/PuzzleGeneration/Rectangle/RectanglePuzzleGenerator.cs" />
        <File uid="46" fullPath="C:/Users/josep/VRPuzzleGame/Assets/Scripts/PuzzleGeneration/Jigsaw/JigsawPieceBorder.cs" />
        <File uid="47" fullPath="C:/Users/josep/VRPuzzleGame/Assets/Scripts/PuzzleGeneration/Jigsaw/JigsawPieceEdgeType.cs" />
        <File uid="48" fullPath="C:/Users/josep/VRPuzzleGame/Assets/Scripts/PuzzleGeneration/Jigsaw/JigsawPuzzleGenerator.cs" />
        <File uid="49" fullPath="C:/Users/josep/VRPuzzleGame/Assets/Scripts/Persistence/LocalSave.cs" />
        <File uid="50" fullPath="C:/Users/josep/VRPuzzleGame/Assets/Scripts/Persistence/LocalSaveInitializer.cs" />
        <File uid="51" fullPath="C:/Users/josep/VRPuzzleGame/Assets/Scripts/Persistence/PuzzleSaveData.cs" />
        <File uid="52" fullPath="C:/Users/josep/VRPuzzleGame/Assets/Scripts/Events/PlayButtonBehaviour.cs" />
      </Files>
      <Classes>
        <Class>
          <Summary numSequencePoints="81" visitedSequencePoints="75" numBranchPoints="0" visitedBranchPoints="0" sequenceCoverage="92.59" branchCoverage="0.0" maxCyclomaticComplexity="0" minCyclomaticComplexity="0" maxCrapScore="0" minCrapScore="0" visitedClasses="1" numClasses="1" visitedMethods="8" numMethods="8" />
          <FullName>Chunk</FullName>
          <Methods>
            <Method visited="true" cyclomaticComplexity="0" nPathComplexity="0" sequenceCoverage="100.0" branchCoverage="0" crapScore="0" isConstructor="false" isStatic="false" isGetter="true" isSetter="false">
              <Summary numSequencePoints="1" visitedSequencePoints="1" numBranchPoints="0" visitedBranchPoints="0" sequenceCoverage="100.0" branchCoverage="0" maxCyclomaticComplexity="0" minCyclomaticComplexity="0" maxCrapScore="0" minCrapScore="0" visitedClasses="0" numClasses="0" visitedMethods="1" numMethods="1" />
              <MetadataToken>100663301</MetadataToken>
              <Name>Piece[] Chunk::get_pieces()</Name>
              <FileRef uid="36" />
              <SequencePoints>
                <SequencePoint vc="20" uspid="6236" ordinal="0" offset="0" sl="18" sc="31" el="18" ec="31" bec="0" bev="0" fileid="36" />
              </SequencePoints>
              <BranchPoints />
            </Method>
            <Method visited="true" cyclomaticComplexity="0" nPathComplexity="0" sequenceCoverage="100.0" branchCoverage="0" crapScore="0" isConstructor="false" isStatic="false" isGetter="true" isSetter="false">
              <Summary numSequencePoints="1" visitedSequencePoints="1" numBranchPoints="0" visitedBranchPoints="0" sequenceCoverage="100.0" branchCoverage="0" maxCyclomaticComplexity="0" minCyclomaticComplexity="0" maxCrapScore="0" minCrapScore="0" visitedClasses="0" numClasses="0" visitedMethods="1" numMethods="1" />
              <MetadataToken>100663302</MetadataToken>
              <Name>System.Int32 Chunk::get_PieceCount()</Name>
              <FileRef uid="36" />
              <SequencePoints>
                <SequencePoint vc="10" uspid="6237" ordinal="0" offset="0" sl="19" sc="30" el="19" ec="30" bec="0" bev="0" fileid="36" />
              </SequencePoints>
              <BranchPoints />
            </Method>
            <Method visited="true" cyclomaticComplexity="0" nPathComplexity="0" sequenceCoverage="100.0" branchCoverage="0" crapScore="0" isConstructor="false" isStatic="false" isGetter="false" isSetter="false">
              <Summary numSequencePoints="7" visitedSequencePoints="7" numBranchPoints="0" visitedBranchPoints="0" sequenceCoverage="100.0" branchCoverage="0" maxCyclomaticComplexity="0" minCyclomaticComplexity="0" maxCrapScore="0" minCrapScore="0" visitedClasses="0" numClasses="0" visitedMethods="1" numMethods="1" />
              <MetadataToken>100663304</MetadataToken>
              <Name>System.Void Chunk::InitializeSinglePieceChunk(PuzzleGeneration.PieceCut, Puzzle)</Name>
              <FileRef uid="36" />
              <SequencePoints>
                <SequencePoint vc="9" uspid="6241" ordinal="0" offset="0" sl="29" sc="5" el="29" ec="5" bec="0" bev="0" fileid="36" />
                <SequencePoint vc="9" uspid="6242" ordinal="0" offset="1" sl="30" sc="9" el="30" ec="9" bec="0" bev="0" fileid="36" />
                <SequencePoint vc="9" uspid="6243" ordinal="0" offset="13" sl="31" sc="9" el="31" ec="9" bec="0" bev="0" fileid="36" />
                <SequencePoint vc="9" uspid="6244" ordinal="0" offset="20" sl="33" sc="9" el="33" ec="9" bec="0" bev="0" fileid="36" />
                <SequencePoint vc="9" uspid="6245" ordinal="0" offset="27" sl="34" sc="9" el="34" ec="9" bec="0" bev="0" fileid="36" />
                <SequencePoint vc="9" uspid="6246" ordinal="0" offset="41" sl="36" sc="9" el="36" ec="9" bec="0" bev="0" fileid="36" />
                <SequencePoint vc="9" uspid="6247" ordinal="0" offset="48" sl="37" sc="5" el="37" ec="5" bec="0" bev="0" fileid="36" />
              </SequencePoints>
              <BranchPoints />
            </Method>
            <Method visited="true" cyclomaticComplexity="0" nPathComplexity="0" sequenceCoverage="61.54" branchCoverage="0" crapScore="0" isConstructor="false" isStatic="false" isGetter="false" isSetter="false">
              <Summary numSequencePoints="13" visitedSequencePoints="8" numBranchPoints="0" visitedBranchPoints="0" sequenceCoverage="61.54" branchCoverage="0" maxCyclomaticComplexity="0" minCyclomaticComplexity="0" maxCrapScore="0" minCrapScore="0" visitedClasses="0" numClasses="0" visitedMethods="1" numMethods="1" />
              <MetadataToken>100663306</MetadataToken>
              <Name>System.Void Chunk::InitializeBoxCollider()</Name>
              <FileRef uid="36" />
              <SequencePoints>
                <SequencePoint vc="9" uspid="6269" ordinal="0" offset="0" sl="69" sc="5" el="69" ec="5" bec="0" bev="0" fileid="36" />
                <SequencePoint vc="9" uspid="6270" ordinal="0" offset="1" sl="70" sc="9" el="70" ec="9" bec="0" bev="0" fileid="36" />
                <SequencePoint vc="9" uspid="6271" ordinal="0" offset="8" sl="72" sc="9" el="72" ec="9" bec="0" bev="0" fileid="36" />
                <SequencePoint vc="9" uspid="6272" ordinal="0" offset="22" sl="74" sc="14" el="74" ec="14" bec="0" bev="0" fileid="36" />
                <SequencePoint vc="0" uspid="6273" ordinal="0" offset="26" sl="75" sc="9" el="75" ec="9" bec="0" bev="0" fileid="36" />
                <SequencePoint vc="0" uspid="6274" ordinal="0" offset="27" sl="76" sc="13" el="76" ec="13" bec="0" bev="0" fileid="36" />
                <SequencePoint vc="0" uspid="6275" ordinal="0" offset="41" sl="77" sc="13" el="77" ec="13" bec="0" bev="0" fileid="36" />
                <SequencePoint vc="0" uspid="6276" ordinal="0" offset="50" sl="78" sc="9" el="78" ec="9" bec="0" bev="0" fileid="36" />
                <SequencePoint vc="0" uspid="6277" ordinal="0" offset="51" sl="74" sc="51" el="74" ec="51" bec="0" bev="0" fileid="36" />
                <SequencePoint vc="9" uspid="6278" ordinal="0" offset="55" sl="74" sc="25" el="74" ec="25" bec="0" bev="0" fileid="36" />
                <SequencePoint vc="9" uspid="6279" ordinal="0" offset="67" sl="80" sc="9" el="80" ec="9" bec="0" bev="0" fileid="36" />
                <SequencePoint vc="9" uspid="6280" ordinal="0" offset="97" sl="81" sc="9" el="81" ec="9" bec="0" bev="0" fileid="36" />
                <SequencePoint vc="9" uspid="6281" ordinal="0" offset="136" sl="82" sc="5" el="82" ec="5" bec="0" bev="0" fileid="36" />
              </SequencePoints>
              <BranchPoints />
            </Method>
            <Method visited="true" cyclomaticComplexity="0" nPathComplexity="0" sequenceCoverage="100.0" branchCoverage="0" crapScore="0" isConstructor="false" isStatic="false" isGetter="false" isSetter="false">
              <Summary numSequencePoints="14" visitedSequencePoints="14" numBranchPoints="0" visitedBranchPoints="0" sequenceCoverage="100.0" branchCoverage="0" maxCyclomaticComplexity="0" minCyclomaticComplexity="0" maxCrapScore="0" minCrapScore="0" visitedClasses="0" numClasses="0" visitedMethods="1" numMethods="1" />
              <MetadataToken>100663307</MetadataToken>
              <Name>System.Void Chunk::UpdateBoxCollider(Piece[])</Name>
              <FileRef uid="36" />
              <SequencePoints>
                <SequencePoint vc="3" uspid="6282" ordinal="0" offset="0" sl="85" sc="5" el="85" ec="5" bec="0" bev="0" fileid="36" />
                <SequencePoint vc="3" uspid="6283" ordinal="0" offset="1" sl="86" sc="9" el="86" ec="9" bec="0" bev="0" fileid="36" />
                <SequencePoint vc="3" uspid="6284" ordinal="0" offset="39" sl="87" sc="9" el="87" ec="9" bec="0" bev="0" fileid="36" />
                <SequencePoint vc="3" uspid="6285" ordinal="0" offset="51" sl="89" sc="9" el="89" ec="9" bec="0" bev="0" fileid="36" />
                <SequencePoint vc="3" uspid="6286" ordinal="0" offset="52" sl="89" sc="31" el="89" ec="31" bec="0" bev="0" fileid="36" />
                <SequencePoint vc="3" uspid="6287" ordinal="0" offset="58" sl="89" sc="18" el="89" ec="18" bec="0" bev="0" fileid="36" />
                <SequencePoint vc="3" uspid="6288" ordinal="0" offset="62" sl="90" sc="9" el="90" ec="9" bec="0" bev="0" fileid="36" />
                <SequencePoint vc="3" uspid="6289" ordinal="0" offset="63" sl="91" sc="13" el="91" ec="13" bec="0" bev="0" fileid="36" />
                <SequencePoint vc="3" uspid="6290" ordinal="0" offset="76" sl="92" sc="13" el="92" ec="13" bec="0" bev="0" fileid="36" />
                <SequencePoint vc="3" uspid="6291" ordinal="0" offset="86" sl="93" sc="9" el="93" ec="9" bec="0" bev="0" fileid="36" />
                <SequencePoint vc="6" uspid="6292" ordinal="0" offset="91" sl="89" sc="28" el="89" ec="28" bec="0" bev="0" fileid="36" />
                <SequencePoint vc="3" uspid="6293" ordinal="0" offset="97" sl="95" sc="9" el="95" ec="9" bec="0" bev="0" fileid="36" />
                <SequencePoint vc="3" uspid="6294" ordinal="0" offset="127" sl="96" sc="9" el="96" ec="9" bec="0" bev="0" fileid="36" />
                <SequencePoint vc="3" uspid="6295" ordinal="0" offset="166" sl="97" sc="5" el="97" ec="5" bec="0" bev="0" fileid="36" />
              </SequencePoints>
              <BranchPoints />
            </Method>
            <Method visited="true" cyclomaticComplexity="0" nPathComplexity="0" sequenceCoverage="100.0" branchCoverage="0" crapScore="0" isConstructor="false" isStatic="true" isGetter="false" isSetter="false">
              <Summary numSequencePoints="11" visitedSequencePoints="11" numBranchPoints="0" visitedBranchPoints="0" sequenceCoverage="100.0" branchCoverage="0" maxCyclomaticComplexity="0" minCyclomaticComplexity="0" maxCrapScore="0" minCrapScore="0" visitedClasses="0" numClasses="0" visitedMethods="1" numMethods="1" />
              <MetadataToken>100663308</MetadataToken>
              <Name>static UnityEngine.Bounds Chunk::VertexBounds(UnityEngine.Vector3[])</Name>
              <FileRef uid="36" />
              <SequencePoints>
                <SequencePoint vc="12" uspid="6296" ordinal="0" offset="0" sl="100" sc="5" el="100" ec="5" bec="0" bev="0" fileid="36" />
                <SequencePoint vc="12" uspid="6297" ordinal="0" offset="1" sl="101" sc="9" el="101" ec="9" bec="0" bev="0" fileid="36" />
                <SequencePoint vc="12" uspid="6298" ordinal="0" offset="20" sl="103" sc="9" el="103" ec="9" bec="0" bev="0" fileid="36" />
                <SequencePoint vc="12" uspid="6299" ordinal="0" offset="21" sl="103" sc="32" el="103" ec="32" bec="0" bev="0" fileid="36" />
                <SequencePoint vc="96" uspid="6300" ordinal="0" offset="27" sl="103" sc="18" el="103" ec="18" bec="0" bev="0" fileid="36" />
                <SequencePoint vc="96" uspid="6301" ordinal="0" offset="35" sl="104" sc="9" el="104" ec="9" bec="0" bev="0" fileid="36" />
                <SequencePoint vc="96" uspid="6302" ordinal="0" offset="36" sl="105" sc="13" el="105" ec="13" bec="0" bev="0" fileid="36" />
                <SequencePoint vc="96" uspid="6303" ordinal="0" offset="45" sl="106" sc="9" el="106" ec="9" bec="0" bev="0" fileid="36" />
                <SequencePoint vc="108" uspid="6304" ordinal="0" offset="50" sl="103" sc="29" el="103" ec="29" bec="0" bev="0" fileid="36" />
                <SequencePoint vc="12" uspid="6305" ordinal="0" offset="56" sl="108" sc="9" el="108" ec="9" bec="0" bev="0" fileid="36" />
                <SequencePoint vc="12" uspid="6306" ordinal="0" offset="61" sl="109" sc="5" el="109" ec="5" bec="0" bev="0" fileid="36" />
              </SequencePoints>
              <BranchPoints />
            </Method>
            <Method visited="true" cyclomaticComplexity="0" nPathComplexity="0" sequenceCoverage="94.44" branchCoverage="0" crapScore="0" isConstructor="false" isStatic="false" isGetter="false" isSetter="false">
              <Summary numSequencePoints="18" visitedSequencePoints="17" numBranchPoints="0" visitedBranchPoints="0" sequenceCoverage="94.44" branchCoverage="0" maxCyclomaticComplexity="0" minCyclomaticComplexity="0" maxCrapScore="0" minCrapScore="0" visitedClasses="0" numClasses="0" visitedMethods="1" numMethods="1" />
              <MetadataToken>100663309</MetadataToken>
              <Name>System.Void Chunk::Merge(Chunk)</Name>
              <FileRef uid="36" />
              <SequencePoints>
                <SequencePoint vc="2" uspid="6307" ordinal="0" offset="0" sl="112" sc="5" el="112" ec="5" bec="0" bev="0" fileid="36" />
                <SequencePoint vc="2" uspid="6308" ordinal="0" offset="1" sl="113" sc="9" el="113" ec="9" bec="0" bev="0" fileid="36" />
                <SequencePoint vc="2" uspid="6309" ordinal="0" offset="14" sl="115" sc="9" el="115" ec="9" bec="0" bev="0" fileid="36" />
                <SequencePoint vc="2" uspid="6310" ordinal="0" offset="23" sl="118" sc="9" el="118" ec="9" bec="0" bev="0" fileid="36" />
                <SequencePoint vc="2" uspid="6311" ordinal="0" offset="30" sl="120" sc="14" el="120" ec="14" bec="0" bev="0" fileid="36" />
                <SequencePoint vc="2" uspid="6312" ordinal="0" offset="34" sl="121" sc="9" el="121" ec="9" bec="0" bev="0" fileid="36" />
                <SequencePoint vc="2" uspid="6313" ordinal="0" offset="35" sl="122" sc="13" el="122" ec="13" bec="0" bev="0" fileid="36" />
                <SequencePoint vc="2" uspid="6314" ordinal="0" offset="44" sl="124" sc="13" el="124" ec="13" bec="0" bev="0" fileid="36" />
                <SequencePoint vc="2" uspid="6315" ordinal="0" offset="52" sl="125" sc="13" el="125" ec="13" bec="0" bev="0" fileid="36" />
                <SequencePoint vc="2" uspid="6316" ordinal="0" offset="70" sl="126" sc="9" el="126" ec="9" bec="0" bev="0" fileid="36" />
                <SequencePoint vc="2" uspid="6317" ordinal="0" offset="71" sl="120" sc="42" el="120" ec="42" bec="0" bev="0" fileid="36" />
                <SequencePoint vc="4" uspid="6318" ordinal="0" offset="75" sl="120" sc="25" el="120" ec="25" bec="0" bev="0" fileid="36" />
                <SequencePoint vc="2" uspid="6319" ordinal="0" offset="85" sl="128" sc="9" el="128" ec="9" bec="0" bev="0" fileid="36" />
                <SequencePoint vc="2" uspid="6320" ordinal="0" offset="98" sl="131" sc="9" el="131" ec="9" bec="0" bev="0" fileid="36" />
                <SequencePoint vc="0" uspid="6321" ordinal="0" offset="109" sl="132" sc="13" el="132" ec="13" bec="0" bev="0" fileid="36" />
                <SequencePoint vc="2" uspid="6322" ordinal="0" offset="123" sl="134" sc="13" el="134" ec="13" bec="0" bev="0" fileid="36" />
                <SequencePoint vc="2" uspid="6323" ordinal="0" offset="135" sl="139" sc="9" el="139" ec="9" bec="0" bev="0" fileid="36" />
                <SequencePoint vc="2" uspid="6324" ordinal="0" offset="157" sl="140" sc="5" el="140" ec="5" bec="0" bev="0" fileid="36" />
              </SequencePoints>
              <BranchPoints />
            </Method>
            <Method visited="true" cyclomaticComplexity="0" nPathComplexity="0" sequenceCoverage="100.0" branchCoverage="0" crapScore="0" isConstructor="false" isStatic="false" isGetter="false" isSetter="false">
              <Summary numSequencePoints="16" visitedSequencePoints="16" numBranchPoints="0" visitedBranchPoints="0" sequenceCoverage="100.0" branchCoverage="0" maxCyclomaticComplexity="0" minCyclomaticComplexity="0" maxCrapScore="0" minCrapScore="0" visitedClasses="0" numClasses="0" visitedMethods="1" numMethods="1" />
              <MetadataToken>100663310</MetadataToken>
              <Name>System.Void Chunk::OnTriggerStay(UnityEngine.Collider)</Name>
              <FileRef uid="36" />
              <SequencePoints>
                <SequencePoint vc="4" uspid="6325" ordinal="0" offset="0" sl="143" sc="5" el="143" ec="5" bec="0" bev="0" fileid="36" />
                <SequencePoint vc="4" uspid="6326" ordinal="0" offset="1" sl="144" sc="9" el="144" ec="9" bec="0" bev="0" fileid="36" />
                <SequencePoint vc="4" uspid="6327" ordinal="0" offset="12" sl="146" sc="9" el="146" ec="9" bec="0" bev="0" fileid="36" />
                <SequencePoint vc="4" uspid="6328" ordinal="0" offset="19" sl="148" sc="9" el="148" ec="9" bec="0" bev="0" fileid="36" />
                <SequencePoint vc="4" uspid="6329" ordinal="0" offset="30" sl="149" sc="9" el="149" ec="9" bec="0" bev="0" fileid="36" />
                <SequencePoint vc="4" uspid="6330" ordinal="0" offset="31" sl="150" sc="13" el="150" ec="13" bec="0" bev="0" fileid="36" />
                <SequencePoint vc="4" uspid="6331" ordinal="0" offset="42" sl="153" sc="13" el="153" ec="13" bec="0" bev="0" fileid="36" />
                <SequencePoint vc="2" uspid="6332" ordinal="0" offset="65" sl="153" sc="64" el="153" ec="64" bec="0" bev="0" fileid="36" />
                <SequencePoint vc="2" uspid="6333" ordinal="0" offset="67" sl="155" sc="13" el="155" ec="13" bec="0" bev="0" fileid="36" />
                <SequencePoint vc="2" uspid="6334" ordinal="0" offset="76" sl="156" sc="13" el="156" ec="13" bec="0" bev="0" fileid="36" />
                <SequencePoint vc="2" uspid="6335" ordinal="0" offset="85" sl="158" sc="13" el="158" ec="13" bec="0" bev="0" fileid="36" />
                <SequencePoint vc="1" uspid="6336" ordinal="0" offset="98" sl="159" sc="13" el="159" ec="13" bec="0" bev="0" fileid="36" />
                <SequencePoint vc="1" uspid="6337" ordinal="0" offset="99" sl="160" sc="17" el="160" ec="17" bec="0" bev="0" fileid="36" />
                <SequencePoint vc="1" uspid="6338" ordinal="0" offset="107" sl="161" sc="13" el="161" ec="13" bec="0" bev="0" fileid="36" />
                <SequencePoint vc="2" uspid="6339" ordinal="0" offset="108" sl="162" sc="9" el="162" ec="9" bec="0" bev="0" fileid="36" />
                <SequencePoint vc="4" uspid="6340" ordinal="0" offset="109" sl="163" sc="5" el="163" ec="5" bec="0" bev="0" fileid="36" />
              </SequencePoints>
              <BranchPoints />
            </Method>
          </Methods>
        </Class>
        <Class>
          <Summary numSequencePoints="5" visitedSequencePoints="5" numBranchPoints="0" visitedBranchPoints="0" sequenceCoverage="100.0" branchCoverage="0.0" maxCyclomaticComplexity="0" minCyclomaticComplexity="0" maxCrapScore="0" minCrapScore="0" visitedClasses="1" numClasses="1" visitedMethods="1" numMethods="1" />
          <FullName>ChunkFactory</FullName>
          <Methods>
            <Method visited="true" cyclomaticComplexity="0" nPathComplexity="0" sequenceCoverage="100.0" branchCoverage="0" crapScore="0" isConstructor="false" isStatic="false" isGetter="false" isSetter="false">
              <Summary numSequencePoints="5" visitedSequencePoints="5" numBranchPoints="0" visitedBranchPoints="0" sequenceCoverage="100.0" branchCoverage="0" maxCyclomaticComplexity="0" minCyclomaticComplexity="0" maxCrapScore="0" minCrapScore="0" visitedClasses="0" numClasses="0" visitedMethods="1" numMethods="1" />
              <MetadataToken>100663316</MetadataToken>
              <Name>Chunk ChunkFactory::CreateSinglePieceChunk(UnityEngine.Vector3, UnityEngine.Quaternion, PuzzleGeneration.PieceCut, Puzzle)</Name>
              <FileRef uid="37" />
              <SequencePoints>
                <SequencePoint vc="9" uspid="6349" ordinal="0" offset="0" sl="23" sc="7" el="23" ec="7" bec="0" bev="0" fileid="37" />
                <SequencePoint vc="9" uspid="6350" ordinal="0" offset="1" sl="24" sc="9" el="24" ec="9" bec="0" bev="0" fileid="37" />
                <SequencePoint vc="9" uspid="6351" ordinal="0" offset="15" sl="26" sc="9" el="26" ec="9" bec="0" bev="0" fileid="37" />
                <SequencePoint vc="9" uspid="6352" ordinal="0" offset="25" sl="28" sc="9" el="28" ec="9" bec="0" bev="0" fileid="37" />
                <SequencePoint vc="9" uspid="6353" ordinal="0" offset="29" sl="29" sc="5" el="29" ec="5" bec="0" bev="0" fileid="37" />
              </SequencePoints>
              <BranchPoints />
            </Method>
          </Methods>
        </Class>
        <Class>
          <Summary numSequencePoints="43" visitedSequencePoints="43" numBranchPoints="0" visitedBranchPoints="0" sequenceCoverage="100.0" branchCoverage="0.0" maxCyclomaticComplexity="0" minCyclomaticComplexity="0" maxCrapScore="0" minCrapScore="0" visitedClasses="1" numClasses="1" visitedMethods="8" numMethods="8" />
          <FullName>Piece</FullName>
          <Methods>
            <Method visited="true" cyclomaticComplexity="0" nPathComplexity="0" sequenceCoverage="100.0" branchCoverage="0" crapScore="0" isConstructor="false" isStatic="false" isGetter="true" isSetter="false">
              <Summary numSequencePoints="1" visitedSequencePoints="1" numBranchPoints="0" visitedBranchPoints="0" sequenceCoverage="100.0" branchCoverage="0" maxCyclomaticComplexity="0" minCyclomaticComplexity="0" maxCrapScore="0" minCrapScore="0" visitedClasses="0" numClasses="0" visitedMethods="1" numMethods="1" />
              <MetadataToken>100663319</MetadataToken>
              <Name>UnityEngine.Vector2 Piece::get_SolutionLocation()</Name>
              <FileRef uid="38" />
              <SequencePoints>
                <SequencePoint vc="34" uspid="6359" ordinal="0" offset="0" sl="17" sc="41" el="17" ec="41" bec="0" bev="0" fileid="38" />
              </SequencePoints>
              <BranchPoints />
            </Method>
            <Method visited="true" cyclomaticComplexity="0" nPathComplexity="0" sequenceCoverage="100.0" branchCoverage="0" crapScore="0" isConstructor="false" isStatic="false" isGetter="false" isSetter="false">
              <Summary numSequencePoints="23" visitedSequencePoints="23" numBranchPoints="0" visitedBranchPoints="0" sequenceCoverage="100.0" branchCoverage="0" maxCyclomaticComplexity="0" minCyclomaticComplexity="0" maxCrapScore="0" minCrapScore="0" visitedClasses="0" numClasses="0" visitedMethods="1" numMethods="1" />
              <MetadataToken>100663320</MetadataToken>
              <Name>System.Void Piece::InitializePiece(PuzzleGeneration.PieceCut, PuzzleRenderData)</Name>
              <FileRef uid="38" />
              <SequencePoints>
                <SequencePoint vc="36" uspid="6360" ordinal="0" offset="0" sl="23" sc="5" el="23" ec="5" bec="0" bev="0" fileid="38" />
                <SequencePoint vc="36" uspid="6361" ordinal="0" offset="1" sl="24" sc="9" el="24" ec="9" bec="0" bev="0" fileid="38" />
                <SequencePoint vc="36" uspid="6362" ordinal="0" offset="13" sl="26" sc="9" el="26" ec="9" bec="0" bev="0" fileid="38" />
                <SequencePoint vc="36" uspid="6363" ordinal="0" offset="25" sl="27" sc="9" el="27" ec="9" bec="0" bev="0" fileid="38" />
                <SequencePoint vc="36" uspid="6364" ordinal="0" offset="33" sl="29" sc="9" el="29" ec="9" bec="0" bev="0" fileid="38" />
                <SequencePoint vc="36" uspid="6365" ordinal="0" offset="45" sl="31" sc="9" el="31" ec="9" bec="0" bev="0" fileid="38" />
                <SequencePoint vc="36" uspid="6366" ordinal="0" offset="61" sl="32" sc="9" el="32" ec="9" bec="0" bev="0" fileid="38" />
                <SequencePoint vc="36" uspid="6367" ordinal="0" offset="74" sl="34" sc="9" el="34" ec="9" bec="0" bev="0" fileid="38" />
                <SequencePoint vc="36" uspid="6368" ordinal="0" offset="82" sl="35" sc="9" el="35" ec="9" bec="0" bev="0" fileid="38" />
                <SequencePoint vc="36" uspid="6369" ordinal="0" offset="90" sl="36" sc="9" el="36" ec="9" bec="0" bev="0" fileid="38" />
                <SequencePoint vc="36" uspid="6370" ordinal="0" offset="117" sl="37" sc="9" el="37" ec="9" bec="0" bev="0" fileid="38" />
                <SequencePoint vc="36" uspid="6371" ordinal="0" offset="144" sl="38" sc="9" el="38" ec="9" bec="0" bev="0" fileid="38" />
                <SequencePoint vc="36" uspid="6372" ordinal="0" offset="152" sl="40" sc="9" el="40" ec="9" bec="0" bev="0" fileid="38" />
                <SequencePoint vc="36" uspid="6373" ordinal="0" offset="179" sl="41" sc="9" el="41" ec="9" bec="0" bev="0" fileid="38" />
                <SequencePoint vc="36" uspid="6374" ordinal="0" offset="242" sl="46" sc="9" el="46" ec="9" bec="0" bev="0" fileid="38" />
                <SequencePoint vc="36" uspid="6375" ordinal="0" offset="251" sl="47" sc="9" el="47" ec="9" bec="0" bev="0" fileid="38" />
                <SequencePoint vc="36" uspid="6376" ordinal="0" offset="260" sl="49" sc="9" el="49" ec="9" bec="0" bev="0" fileid="38" />
                <SequencePoint vc="36" uspid="6377" ordinal="0" offset="286" sl="51" sc="9" el="51" ec="9" bec="0" bev="0" fileid="38" />
                <SequencePoint vc="36" uspid="6378" ordinal="0" offset="294" sl="52" sc="9" el="52" ec="9" bec="0" bev="0" fileid="38" />
                <SequencePoint vc="36" uspid="6379" ordinal="0" offset="307" sl="53" sc="9" el="53" ec="9" bec="0" bev="0" fileid="38" />
                <SequencePoint vc="36" uspid="6380" ordinal="0" offset="322" sl="54" sc="9" el="54" ec="9" bec="0" bev="0" fileid="38" />
                <SequencePoint vc="36" uspid="6381" ordinal="0" offset="337" sl="56" sc="9" el="56" ec="9" bec="0" bev="0" fileid="38" />
                <SequencePoint vc="36" uspid="6382" ordinal="0" offset="344" sl="57" sc="5" el="57" ec="5" bec="0" bev="0" fileid="38" />
              </SequencePoints>
              <BranchPoints />
            </Method>
            <Method visited="true" cyclomaticComplexity="0" nPathComplexity="0" sequenceCoverage="100.0" branchCoverage="0" crapScore="0" isConstructor="false" isStatic="false" isGetter="false" isSetter="false">
              <Summary numSequencePoints="3" visitedSequencePoints="3" numBranchPoints="0" visitedBranchPoints="0" sequenceCoverage="100.0" branchCoverage="0" maxCyclomaticComplexity="0" minCyclomaticComplexity="0" maxCrapScore="0" minCrapScore="0" visitedClasses="0" numClasses="0" visitedMethods="1" numMethods="1" />
              <MetadataToken>100663321</MetadataToken>
              <Name>UnityEngine.Vector3[] Piece::Vertices()</Name>
              <FileRef uid="38" />
              <SequencePoints>
                <SequencePoint vc="12" uspid="6383" ordinal="0" offset="0" sl="60" sc="5" el="60" ec="5" bec="0" bev="0" fileid="38" />
                <SequencePoint vc="12" uspid="6384" ordinal="0" offset="1" sl="61" sc="9" el="61" ec="9" bec="0" bev="0" fileid="38" />
                <SequencePoint vc="12" uspid="6385" ordinal="0" offset="47" sl="67" sc="5" el="67" ec="5" bec="0" bev="0" fileid="38" />
              </SequencePoints>
              <BranchPoints />
            </Method>
            <Method visited="true" cyclomaticComplexity="0" nPathComplexity="0" sequenceCoverage="100.0" branchCoverage="0" crapScore="0" isConstructor="false" isStatic="false" isGetter="false" isSetter="false">
              <Summary numSequencePoints="3" visitedSequencePoints="3" numBranchPoints="0" visitedBranchPoints="0" sequenceCoverage="100.0" branchCoverage="0" maxCyclomaticComplexity="0" minCyclomaticComplexity="0" maxCrapScore="0" minCrapScore="0" visitedClasses="0" numClasses="0" visitedMethods="1" numMethods="1" />
              <MetadataToken>100663322</MetadataToken>
              <Name>UnityEngine.Vector3 Piece::SolutionOffset(Piece)</Name>
              <FileRef uid="38" />
              <SequencePoints>
                <SequencePoint vc="17" uspid="6386" ordinal="0" offset="0" sl="70" sc="5" el="70" ec="5" bec="0" bev="0" fileid="38" />
                <SequencePoint vc="17" uspid="6387" ordinal="0" offset="1" sl="71" sc="9" el="71" ec="9" bec="0" bev="0" fileid="38" />
                <SequencePoint vc="17" uspid="6388" ordinal="0" offset="26" sl="72" sc="5" el="72" ec="5" bec="0" bev="0" fileid="38" />
              </SequencePoints>
              <BranchPoints />
            </Method>
            <Method visited="true" cyclomaticComplexity="0" nPathComplexity="0" sequenceCoverage="100.0" branchCoverage="0" crapScore="0" isConstructor="false" isStatic="false" isGetter="false" isSetter="false">
              <Summary numSequencePoints="3" visitedSequencePoints="3" numBranchPoints="0" visitedBranchPoints="0" sequenceCoverage="100.0" branchCoverage="0" maxCyclomaticComplexity="0" minCyclomaticComplexity="0" maxCrapScore="0" minCrapScore="0" visitedClasses="0" numClasses="0" visitedMethods="1" numMethods="1" />
              <MetadataToken>100663323</MetadataToken>
              <Name>UnityEngine.Vector3 Piece::ExpectedPosition(Piece)</Name>
              <FileRef uid="38" />
              <SequencePoints>
                <SequencePoint vc="17" uspid="6389" ordinal="0" offset="0" sl="75" sc="5" el="75" ec="5" bec="0" bev="0" fileid="38" />
                <SequencePoint vc="17" uspid="6390" ordinal="0" offset="1" sl="76" sc="9" el="76" ec="9" bec="0" bev="0" fileid="38" />
                <SequencePoint vc="17" uspid="6391" ordinal="0" offset="43" sl="77" sc="5" el="77" ec="5" bec="0" bev="0" fileid="38" />
              </SequencePoints>
              <BranchPoints />
            </Method>
            <Method visited="true" cyclomaticComplexity="0" nPathComplexity="0" sequenceCoverage="100.0" branchCoverage="0" crapScore="0" isConstructor="false" isStatic="false" isGetter="false" isSetter="false">
              <Summary numSequencePoints="5" visitedSequencePoints="5" numBranchPoints="0" visitedBranchPoints="0" sequenceCoverage="100.0" branchCoverage="0" maxCyclomaticComplexity="0" minCyclomaticComplexity="0" maxCrapScore="0" minCrapScore="0" visitedClasses="0" numClasses="0" visitedMethods="1" numMethods="1" />
              <MetadataToken>100663324</MetadataToken>
              <Name>System.Boolean Piece::IsRelativelyClose(Piece)</Name>
              <FileRef uid="38" />
              <SequencePoints>
                <SequencePoint vc="10" uspid="6392" ordinal="0" offset="0" sl="80" sc="5" el="80" ec="5" bec="0" bev="0" fileid="38" />
                <SequencePoint vc="10" uspid="6393" ordinal="0" offset="1" sl="81" sc="9" el="81" ec="9" bec="0" bev="0" fileid="38" />
                <SequencePoint vc="10" uspid="6394" ordinal="0" offset="9" sl="82" sc="9" el="82" ec="9" bec="0" bev="0" fileid="38" />
                <SequencePoint vc="10" uspid="6395" ordinal="0" offset="21" sl="84" sc="9" el="84" ec="9" bec="0" bev="0" fileid="38" />
                <SequencePoint vc="10" uspid="6396" ordinal="0" offset="75" sl="86" sc="5" el="86" ec="5" bec="0" bev="0" fileid="38" />
              </SequencePoints>
              <BranchPoints />
            </Method>
            <Method visited="true" cyclomaticComplexity="0" nPathComplexity="0" sequenceCoverage="100.0" branchCoverage="0" crapScore="0" isConstructor="false" isStatic="false" isGetter="false" isSetter="false">
              <Summary numSequencePoints="4" visitedSequencePoints="4" numBranchPoints="0" visitedBranchPoints="0" sequenceCoverage="100.0" branchCoverage="0" maxCyclomaticComplexity="0" minCyclomaticComplexity="0" maxCrapScore="0" minCrapScore="0" visitedClasses="0" numClasses="0" visitedMethods="1" numMethods="1" />
              <MetadataToken>100663325</MetadataToken>
              <Name>System.Void Piece::SnapIntoPlace(Piece)</Name>
              <FileRef uid="38" />
              <SequencePoints>
                <SequencePoint vc="7" uspid="6397" ordinal="0" offset="0" sl="89" sc="5" el="89" ec="5" bec="0" bev="0" fileid="38" />
                <SequencePoint vc="7" uspid="6398" ordinal="0" offset="1" sl="90" sc="9" el="90" ec="9" bec="0" bev="0" fileid="38" />
                <SequencePoint vc="7" uspid="6399" ordinal="0" offset="20" sl="91" sc="9" el="91" ec="9" bec="0" bev="0" fileid="38" />
                <SequencePoint vc="7" uspid="6400" ordinal="0" offset="43" sl="92" sc="5" el="92" ec="5" bec="0" bev="0" fileid="38" />
              </SequencePoints>
              <BranchPoints />
            </Method>
            <Method visited="true" cyclomaticComplexity="0" nPathComplexity="0" sequenceCoverage="100.0" branchCoverage="0" crapScore="0" isConstructor="false" isStatic="false" isGetter="false" isSetter="false">
              <Summary numSequencePoints="1" visitedSequencePoints="1" numBranchPoints="0" visitedBranchPoints="0" sequenceCoverage="100.0" branchCoverage="0" maxCyclomaticComplexity="0" minCyclomaticComplexity="0" maxCrapScore="0" minCrapScore="0" visitedClasses="0" numClasses="0" visitedMethods="1" numMethods="1" />
              <MetadataToken>100663328</MetadataToken>
              <Name>UnityEngine.Vector3 Piece::&lt;Vertices&gt;b__6_0(UnityEngine.Vector3)</Name>
              <FileRef uid="38" />
              <SequencePoints>
                <SequencePoint vc="96" uspid="6404" ordinal="0" offset="0" sl="65" sc="31" el="65" ec="31" bec="0" bev="0" fileid="38" />
              </SequencePoints>
              <BranchPoints />
            </Method>
          </Methods>
        </Class>
        <Class>
          <Summary numSequencePoints="9" visitedSequencePoints="9" numBranchPoints="0" visitedBranchPoints="0" sequenceCoverage="100.0" branchCoverage="0.0" maxCyclomaticComplexity="0" minCyclomaticComplexity="0" maxCrapScore="0" minCrapScore="0" visitedClasses="1" numClasses="1" visitedMethods="3" numMethods="3" />
          <FullName>Puzzle</FullName>
          <Methods>
            <Method visited="true" cyclomaticComplexity="0" nPathComplexity="0" sequenceCoverage="100.0" branchCoverage="0" crapScore="0" isConstructor="false" isStatic="false" isGetter="true" isSetter="false">
              <Summary numSequencePoints="1" visitedSequencePoints="1" numBranchPoints="0" visitedBranchPoints="0" sequenceCoverage="100.0" branchCoverage="0" maxCyclomaticComplexity="0" minCyclomaticComplexity="0" maxCrapScore="0" minCrapScore="0" visitedClasses="0" numClasses="0" visitedMethods="1" numMethods="1" />
              <MetadataToken>100663340</MetadataToken>
              <Name>PuzzleRenderData Puzzle::get_RenderData()</Name>
              <FileRef uid="39" />
              <SequencePoints>
                <SequencePoint vc="9" uspid="6416" ordinal="0" offset="0" sl="24" sc="42" el="24" ec="42" bec="0" bev="0" fileid="39" />
              </SequencePoints>
              <BranchPoints />
            </Method>
            <Method visited="true" cyclomaticComplexity="0" nPathComplexity="0" sequenceCoverage="100.0" branchCoverage="0" crapScore="0" isConstructor="false" isStatic="false" isGetter="false" isSetter="false">
              <Summary numSequencePoints="3" visitedSequencePoints="3" numBranchPoints="0" visitedBranchPoints="0" sequenceCoverage="100.0" branchCoverage="0" maxCyclomaticComplexity="0" minCyclomaticComplexity="0" maxCrapScore="0" minCrapScore="0" visitedClasses="0" numClasses="0" visitedMethods="1" numMethods="1" />
              <MetadataToken>100663346</MetadataToken>
              <Name>System.Void Puzzle::RemoveChunk(Chunk)</Name>
              <FileRef uid="39" />
              <SequencePoints>
                <SequencePoint vc="2" uspid="6447" ordinal="0" offset="0" sl="90" sc="5" el="90" ec="5" bec="0" bev="0" fileid="39" />
                <SequencePoint vc="2" uspid="6448" ordinal="0" offset="1" sl="91" sc="9" el="91" ec="9" bec="0" bev="0" fileid="39" />
                <SequencePoint vc="2" uspid="6449" ordinal="0" offset="14" sl="92" sc="5" el="92" ec="5" bec="0" bev="0" fileid="39" />
              </SequencePoints>
              <BranchPoints />
            </Method>
            <Method visited="true" cyclomaticComplexity="0" nPathComplexity="0" sequenceCoverage="100.0" branchCoverage="0" crapScore="0" isConstructor="true" isStatic="false" isGetter="false" isSetter="false">
              <Summary numSequencePoints="5" visitedSequencePoints="5" numBranchPoints="0" visitedBranchPoints="0" sequenceCoverage="100.0" branchCoverage="0" maxCyclomaticComplexity="0" minCyclomaticComplexity="0" maxCrapScore="0" minCrapScore="0" visitedClasses="0" numClasses="0" visitedMethods="1" numMethods="1" />
              <MetadataToken>100663341</MetadataToken>
              <Name>Puzzle::Puzzle(PuzzleRenderData)</Name>
              <FileRef uid="39" />
              <SequencePoints>
                <SequencePoint vc="6" uspid="6453" ordinal="0" offset="0" sl="26" sc="5" el="26" ec="5" bec="0" bev="0" fileid="39" />
                <SequencePoint vc="6" uspid="6454" ordinal="0" offset="7" sl="27" sc="5" el="27" ec="5" bec="0" bev="0" fileid="39" />
                <SequencePoint vc="6" uspid="6455" ordinal="0" offset="8" sl="28" sc="9" el="28" ec="9" bec="0" bev="0" fileid="39" />
                <SequencePoint vc="6" uspid="6456" ordinal="0" offset="19" sl="29" sc="9" el="29" ec="9" bec="0" bev="0" fileid="39" />
                <SequencePoint vc="6" uspid="6457" ordinal="0" offset="26" sl="30" sc="5" el="30" ec="5" bec="0" bev="0" fileid="39" />
              </SequencePoints>
              <BranchPoints />
            </Method>
          </Methods>
        </Class>
        <Class>
          <Summary numSequencePoints="7" visitedSequencePoints="7" numBranchPoints="0" visitedBranchPoints="0" sequenceCoverage="100.0" branchCoverage="0.0" maxCyclomaticComplexity="0" minCyclomaticComplexity="0" maxCrapScore="0" minCrapScore="0" visitedClasses="1" numClasses="1" visitedMethods="4" numMethods="4" />
          <FullName>PuzzleRenderData</FullName>
          <Methods>
            <Method visited="true" cyclomaticComplexity="0" nPathComplexity="0" sequenceCoverage="100.0" branchCoverage="0" crapScore="0" isConstructor="false" isStatic="false" isGetter="true" isSetter="false">
              <Summary numSequencePoints="1" visitedSequencePoints="1" numBranchPoints="0" visitedBranchPoints="0" sequenceCoverage="100.0" branchCoverage="0" maxCyclomaticComplexity="0" minCyclomaticComplexity="0" maxCrapScore="0" minCrapScore="0" visitedClasses="0" numClasses="0" visitedMethods="1" numMethods="1" />
              <MetadataToken>100663350</MetadataToken>
              <Name>UnityEngine.Texture2D PuzzleRenderData::get_PuzzleImage()</Name>
              <FileRef uid="40" />
              <SequencePoints>
                <SequencePoint vc="36" uspid="6470" ordinal="0" offset="0" sl="6" sc="36" el="6" ec="36" bec="0" bev="0" fileid="40" />
              </SequencePoints>
              <BranchPoints />
            </Method>
            <Method visited="true" cyclomaticComplexity="0" nPathComplexity="0" sequenceCoverage="100.0" branchCoverage="0" crapScore="0" isConstructor="false" isStatic="false" isGetter="true" isSetter="false">
              <Summary numSequencePoints="1" visitedSequencePoints="1" numBranchPoints="0" visitedBranchPoints="0" sequenceCoverage="100.0" branchCoverage="0" maxCyclomaticComplexity="0" minCyclomaticComplexity="0" maxCrapScore="0" minCrapScore="0" visitedClasses="0" numClasses="0" visitedMethods="1" numMethods="1" />
              <MetadataToken>100663351</MetadataToken>
              <Name>UnityEngine.Material PuzzleRenderData::get_BackAndSidesMaterial()</Name>
              <FileRef uid="40" />
              <SequencePoints>
                <SequencePoint vc="36" uspid="6471" ordinal="0" offset="0" sl="7" sc="44" el="7" ec="44" bec="0" bev="0" fileid="40" />
              </SequencePoints>
              <BranchPoints />
            </Method>
            <Method visited="true" cyclomaticComplexity="0" nPathComplexity="0" sequenceCoverage="100.0" branchCoverage="0" crapScore="0" isConstructor="false" isStatic="false" isGetter="true" isSetter="false">
              <Summary numSequencePoints="1" visitedSequencePoints="1" numBranchPoints="0" visitedBranchPoints="0" sequenceCoverage="100.0" branchCoverage="0" maxCyclomaticComplexity="0" minCyclomaticComplexity="0" maxCrapScore="0" minCrapScore="0" visitedClasses="0" numClasses="0" visitedMethods="1" numMethods="1" />
              <MetadataToken>100663352</MetadataToken>
              <Name>PuzzleGeneration.PuzzleLayout PuzzleRenderData::get_Layout()</Name>
              <FileRef uid="40" />
              <SequencePoints>
                <SequencePoint vc="36" uspid="6472" ordinal="0" offset="0" sl="8" sc="34" el="8" ec="34" bec="0" bev="0" fileid="40" />
              </SequencePoints>
              <BranchPoints />
            </Method>
            <Method visited="true" cyclomaticComplexity="0" nPathComplexity="0" sequenceCoverage="100.0" branchCoverage="0" crapScore="0" isConstructor="true" isStatic="false" isGetter="false" isSetter="false">
              <Summary numSequencePoints="4" visitedSequencePoints="4" numBranchPoints="0" visitedBranchPoints="0" sequenceCoverage="100.0" branchCoverage="0" maxCyclomaticComplexity="0" minCyclomaticComplexity="0" maxCrapScore="0" minCrapScore="0" visitedClasses="0" numClasses="0" visitedMethods="1" numMethods="1" />
              <MetadataToken>100663348</MetadataToken>
              <Name>PuzzleRenderData::PuzzleRenderData(UnityEngine.Texture2D, UnityEngine.Material, PuzzleGeneration.PuzzleLayout)</Name>
              <FileRef uid="40" />
              <SequencePoints>
                <SequencePoint vc="20" uspid="6473" ordinal="0" offset="0" sl="6" sc="45" el="6" ec="45" bec="0" bev="0" fileid="40" />
                <SequencePoint vc="20" uspid="6474" ordinal="0" offset="7" sl="7" sc="53" el="7" ec="53" bec="0" bev="0" fileid="40" />
                <SequencePoint vc="20" uspid="6475" ordinal="0" offset="14" sl="8" sc="43" el="8" ec="43" bec="0" bev="0" fileid="40" />
                <SequencePoint vc="20" uspid="6476" ordinal="0" offset="21" sl="4" sc="1" el="4" ec="1" bec="0" bev="0" fileid="40" />
              </SequencePoints>
              <BranchPoints />
            </Method>
          </Methods>
        </Class>
        <Class>
          <Summary numSequencePoints="6" visitedSequencePoints="6" numBranchPoints="0" visitedBranchPoints="0" sequenceCoverage="100.0" branchCoverage="0.0" maxCyclomaticComplexity="0" minCyclomaticComplexity="0" maxCrapScore="0" minCrapScore="0" visitedClasses="1" numClasses="1" visitedMethods="1" numMethods="1" />
          <FullName>PuzzleGeneration.PieceCut</FullName>
          <Methods>
            <Method visited="true" cyclomaticComplexity="0" nPathComplexity="0" sequenceCoverage="100.0" branchCoverage="0" crapScore="0" isConstructor="true" isStatic="false" isGetter="false" isSetter="false">
              <Summary numSequencePoints="6" visitedSequencePoints="6" numBranchPoints="0" visitedBranchPoints="0" sequenceCoverage="100.0" branchCoverage="0" maxCyclomaticComplexity="0" minCyclomaticComplexity="0" maxCrapScore="0" minCrapScore="0" visitedClasses="0" numClasses="0" visitedMethods="1" numMethods="1" />
              <MetadataToken>100663374</MetadataToken>
              <Name>PuzzleGeneration.PieceCut::PieceCut(System.Int32, UnityEngine.Vector3, System.Collections.Generic.List[Vector2])</Name>
              <FileRef uid="42" />
              <SequencePoints>
                <SequencePoint vc="135" uspid="6515" ordinal="0" offset="0" sl="15" sc="9" el="15" ec="9" bec="0" bev="0" fileid="42" />
                <SequencePoint vc="135" uspid="6516" ordinal="0" offset="7" sl="16" sc="9" el="16" ec="9" bec="0" bev="0" fileid="42" />
                <SequencePoint vc="135" uspid="6517" ordinal="0" offset="8" sl="17" sc="13" el="17" ec="13" bec="0" bev="0" fileid="42" />
                <SequencePoint vc="135" uspid="6518" ordinal="0" offset="15" sl="18" sc="13" el="18" ec="13" bec="0" bev="0" fileid="42" />
                <SequencePoint vc="135" uspid="6519" ordinal="0" offset="22" sl="19" sc="13" el="19" ec="13" bec="0" bev="0" fileid="42" />
                <SequencePoint vc="135" uspid="6520" ordinal="0" offset="29" sl="20" sc="9" el="20" ec="9" bec="0" bev="0" fileid="42" />
              </SequencePoints>
              <BranchPoints />
            </Method>
          </Methods>
        </Class>
        <Class>
          <Summary numSequencePoints="137" visitedSequencePoints="131" numBranchPoints="0" visitedBranchPoints="0" sequenceCoverage="95.62" branchCoverage="0.0" maxCyclomaticComplexity="0" minCyclomaticComplexity="0" maxCrapScore="0" minCrapScore="0" visitedClasses="1" numClasses="1" visitedMethods="12" numMethods="12" />
          <FullName>PuzzleGeneration.PieceMeshGenerator</FullName>
          <Methods>
            <Method visited="true" cyclomaticComplexity="0" nPathComplexity="0" sequenceCoverage="100.0" branchCoverage="0" crapScore="0" isConstructor="false" isStatic="true" isGetter="false" isSetter="false">
              <Summary numSequencePoints="11" visitedSequencePoints="11" numBranchPoints="0" visitedBranchPoints="0" sequenceCoverage="100.0" branchCoverage="0" maxCyclomaticComplexity="0" minCyclomaticComplexity="0" maxCrapScore="0" minCrapScore="0" visitedClasses="0" numClasses="0" visitedMethods="1" numMethods="1" />
              <MetadataToken>100663384</MetadataToken>
              <Name>static UnityEngine.Mesh PuzzleGeneration.PieceMeshGenerator::PieceMesh(System.Collections.Generic.List[Vector2])</Name>
              <FileRef uid="43" />
              <SequencePoints>
                <SequencePoint vc="36" uspid="6521" ordinal="0" offset="0" sl="10" sc="9" el="10" ec="9" bec="0" bev="0" fileid="43" />
                <SequencePoint vc="36" uspid="6522" ordinal="0" offset="1" sl="11" sc="13" el="11" ec="13" bec="0" bev="0" fileid="43" />
                <SequencePoint vc="36" uspid="6523" ordinal="0" offset="7" sl="12" sc="13" el="12" ec="13" bec="0" bev="0" fileid="43" />
                <SequencePoint vc="36" uspid="6524" ordinal="0" offset="20" sl="14" sc="13" el="14" ec="13" bec="0" bev="0" fileid="43" />
                <SequencePoint vc="36" uspid="6525" ordinal="0" offset="27" sl="15" sc="13" el="15" ec="13" bec="0" bev="0" fileid="43" />
                <SequencePoint vc="36" uspid="6526" ordinal="0" offset="35" sl="17" sc="13" el="17" ec="13" bec="0" bev="0" fileid="43" />
                <SequencePoint vc="36" uspid="6527" ordinal="0" offset="43" sl="18" sc="13" el="18" ec="13" bec="0" bev="0" fileid="43" />
                <SequencePoint vc="36" uspid="6528" ordinal="0" offset="52" sl="19" sc="13" el="19" ec="13" bec="0" bev="0" fileid="43" />
                <SequencePoint vc="36" uspid="6529" ordinal="0" offset="61" sl="21" sc="13" el="21" ec="13" bec="0" bev="0" fileid="43" />
                <SequencePoint vc="36" uspid="6530" ordinal="0" offset="68" sl="23" sc="13" el="23" ec="13" bec="0" bev="0" fileid="43" />
                <SequencePoint vc="36" uspid="6531" ordinal="0" offset="72" sl="24" sc="9" el="24" ec="9" bec="0" bev="0" fileid="43" />
              </SequencePoints>
              <BranchPoints />
            </Method>
            <Method visited="true" cyclomaticComplexity="0" nPathComplexity="0" sequenceCoverage="100.0" branchCoverage="0" crapScore="0" isConstructor="false" isStatic="true" isGetter="false" isSetter="false">
              <Summary numSequencePoints="15" visitedSequencePoints="15" numBranchPoints="0" visitedBranchPoints="0" sequenceCoverage="100.0" branchCoverage="0" maxCyclomaticComplexity="0" minCyclomaticComplexity="0" maxCrapScore="0" minCrapScore="0" visitedClasses="0" numClasses="0" visitedMethods="1" numMethods="1" />
              <MetadataToken>100663385</MetadataToken>
              <Name>static UnityEngine.Vector3[] PuzzleGeneration.PieceMeshGenerator::Vertices(System.Collections.Generic.List[Vector2])</Name>
              <FileRef uid="43" />
              <SequencePoints>
                <SequencePoint vc="36" uspid="6532" ordinal="0" offset="0" sl="27" sc="9" el="27" ec="9" bec="0" bev="0" fileid="43" />
                <SequencePoint vc="36" uspid="6533" ordinal="0" offset="1" sl="28" sc="13" el="28" ec="13" bec="0" bev="0" fileid="43" />
                <SequencePoint vc="36" uspid="6534" ordinal="0" offset="8" sl="29" sc="13" el="29" ec="13" bec="0" bev="0" fileid="43" />
                <SequencePoint vc="36" uspid="6535" ordinal="0" offset="22" sl="31" sc="18" el="31" ec="18" bec="0" bev="0" fileid="43" />
                <SequencePoint vc="144" uspid="6536" ordinal="0" offset="26" sl="32" sc="13" el="32" ec="13" bec="0" bev="0" fileid="43" />
                <SequencePoint vc="144" uspid="6537" ordinal="0" offset="27" sl="33" sc="17" el="33" ec="17" bec="0" bev="0" fileid="43" />
                <SequencePoint vc="144" uspid="6538" ordinal="0" offset="35" sl="34" sc="17" el="34" ec="17" bec="0" bev="0" fileid="43" />
                <SequencePoint vc="144" uspid="6539" ordinal="0" offset="43" sl="35" sc="17" el="35" ec="17" bec="0" bev="0" fileid="43" />
                <SequencePoint vc="144" uspid="6540" ordinal="0" offset="51" sl="37" sc="17" el="37" ec="17" bec="0" bev="0" fileid="43" />
                <SequencePoint vc="144" uspid="6541" ordinal="0" offset="72" sl="38" sc="17" el="38" ec="17" bec="0" bev="0" fileid="43" />
                <SequencePoint vc="144" uspid="6542" ordinal="0" offset="95" sl="39" sc="13" el="39" ec="13" bec="0" bev="0" fileid="43" />
                <SequencePoint vc="144" uspid="6543" ordinal="0" offset="96" sl="31" sc="53" el="31" ec="53" bec="0" bev="0" fileid="43" />
                <SequencePoint vc="180" uspid="6544" ordinal="0" offset="100" sl="31" sc="29" el="31" ec="29" bec="0" bev="0" fileid="43" />
                <SequencePoint vc="36" uspid="6545" ordinal="0" offset="115" sl="41" sc="13" el="41" ec="13" bec="0" bev="0" fileid="43" />
                <SequencePoint vc="36" uspid="6546" ordinal="0" offset="120" sl="42" sc="9" el="42" ec="9" bec="0" bev="0" fileid="43" />
              </SequencePoints>
              <BranchPoints />
            </Method>
            <Method visited="true" cyclomaticComplexity="0" nPathComplexity="0" sequenceCoverage="100.0" branchCoverage="0" crapScore="0" isConstructor="false" isStatic="true" isGetter="false" isSetter="false">
              <Summary numSequencePoints="5" visitedSequencePoints="5" numBranchPoints="0" visitedBranchPoints="0" sequenceCoverage="100.0" branchCoverage="0" maxCyclomaticComplexity="0" minCyclomaticComplexity="0" maxCrapScore="0" minCrapScore="0" visitedClasses="0" numClasses="0" visitedMethods="1" numMethods="1" />
              <MetadataToken>100663386</MetadataToken>
              <Name>static System.Void PuzzleGeneration.PieceMeshGenerator::ConfigureUVMapping(UnityEngine.Mesh)</Name>
              <FileRef uid="43" />
              <SequencePoints>
                <SequencePoint vc="36" uspid="6547" ordinal="0" offset="6" sl="45" sc="9" el="45" ec="9" bec="0" bev="0" fileid="43" />
                <SequencePoint vc="36" uspid="6548" ordinal="0" offset="7" sl="46" sc="13" el="46" ec="13" bec="0" bev="0" fileid="43" />
                <SequencePoint vc="36" uspid="6549" ordinal="0" offset="27" sl="47" sc="13" el="47" ec="13" bec="0" bev="0" fileid="43" />
                <SequencePoint vc="36" uspid="6550" ordinal="0" offset="47" sl="49" sc="13" el="49" ec="13" bec="0" bev="0" fileid="43" />
                <SequencePoint vc="36" uspid="6551" ordinal="0" offset="82" sl="53" sc="9" el="53" ec="9" bec="0" bev="0" fileid="43" />
              </SequencePoints>
              <BranchPoints />
            </Method>
            <Method visited="true" cyclomaticComplexity="0" nPathComplexity="0" sequenceCoverage="100.0" branchCoverage="0" crapScore="0" isConstructor="false" isStatic="true" isGetter="false" isSetter="false">
              <Summary numSequencePoints="25" visitedSequencePoints="25" numBranchPoints="0" visitedBranchPoints="0" sequenceCoverage="100.0" branchCoverage="0" maxCyclomaticComplexity="0" minCyclomaticComplexity="0" maxCrapScore="0" minCrapScore="0" visitedClasses="0" numClasses="0" visitedMethods="1" numMethods="1" />
              <MetadataToken>100663387</MetadataToken>
              <Name>static System.Int32[] PuzzleGeneration.PieceMeshGenerator::TriangulateFront(System.Collections.Generic.List[Vector2])</Name>
              <FileRef uid="43" />
              <SequencePoints>
                <SequencePoint vc="36" uspid="6552" ordinal="0" offset="0" sl="60" sc="9" el="60" ec="9" bec="0" bev="0" fileid="43" />
                <SequencePoint vc="36" uspid="6553" ordinal="0" offset="1" sl="61" sc="13" el="61" ec="13" bec="0" bev="0" fileid="43" />
                <SequencePoint vc="36" uspid="6554" ordinal="0" offset="8" sl="63" sc="13" el="63" ec="13" bec="0" bev="0" fileid="43" />
                <SequencePoint vc="36" uspid="6555" ordinal="0" offset="21" sl="64" sc="13" el="64" ec="13" bec="0" bev="0" fileid="43" />
                <SequencePoint vc="36" uspid="6556" ordinal="0" offset="32" sl="65" sc="13" el="65" ec="13" bec="0" bev="0" fileid="43" />
                <SequencePoint vc="36" uspid="6557" ordinal="0" offset="36" sl="68" sc="13" el="68" ec="13" bec="0" bev="0" fileid="43" />
                <SequencePoint vc="36" uspid="6558" ordinal="0" offset="37" sl="69" sc="17" el="69" ec="17" bec="0" bev="0" fileid="43" />
                <SequencePoint vc="36" uspid="6559" ordinal="0" offset="46" sl="70" sc="17" el="70" ec="17" bec="0" bev="0" fileid="43" />
                <SequencePoint vc="36" uspid="6560" ordinal="0" offset="65" sl="72" sc="17" el="72" ec="17" bec="0" bev="0" fileid="43" />
                <SequencePoint vc="36" uspid="6561" ordinal="0" offset="78" sl="73" sc="17" el="73" ec="17" bec="0" bev="0" fileid="43" />
                <SequencePoint vc="36" uspid="6562" ordinal="0" offset="91" sl="75" sc="17" el="75" ec="17" bec="0" bev="0" fileid="43" />
                <SequencePoint vc="36" uspid="6563" ordinal="0" offset="106" sl="76" sc="17" el="76" ec="17" bec="0" bev="0" fileid="43" />
                <SequencePoint vc="36" uspid="6564" ordinal="0" offset="121" sl="77" sc="17" el="77" ec="17" bec="0" bev="0" fileid="43" />
                <SequencePoint vc="36" uspid="6565" ordinal="0" offset="136" sl="79" sc="17" el="79" ec="17" bec="0" bev="0" fileid="43" />
                <SequencePoint vc="36" uspid="6566" ordinal="0" offset="145" sl="80" sc="13" el="80" ec="13" bec="0" bev="0" fileid="43" />
                <SequencePoint vc="72" uspid="6567" ordinal="0" offset="146" sl="67" sc="13" el="67" ec="13" bec="0" bev="0" fileid="43" />
                <SequencePoint vc="36" uspid="6568" ordinal="0" offset="161" sl="82" sc="13" el="82" ec="13" bec="0" bev="0" fileid="43" />
                <SequencePoint vc="36" uspid="6569" ordinal="0" offset="162" sl="82" sc="36" el="82" ec="36" bec="0" bev="0" fileid="43" />
                <SequencePoint vc="108" uspid="6570" ordinal="0" offset="172" sl="82" sc="22" el="82" ec="22" bec="0" bev="0" fileid="43" />
                <SequencePoint vc="108" uspid="6571" ordinal="0" offset="181" sl="83" sc="13" el="83" ec="13" bec="0" bev="0" fileid="43" />
                <SequencePoint vc="108" uspid="6572" ordinal="0" offset="182" sl="84" sc="17" el="84" ec="17" bec="0" bev="0" fileid="43" />
                <SequencePoint vc="108" uspid="6573" ordinal="0" offset="191" sl="85" sc="13" el="85" ec="13" bec="0" bev="0" fileid="43" />
                <SequencePoint vc="144" uspid="6574" ordinal="0" offset="192" sl="82" sc="33" el="82" ec="33" bec="0" bev="0" fileid="43" />
                <SequencePoint vc="36" uspid="6575" ordinal="0" offset="218" sl="87" sc="13" el="87" ec="13" bec="0" bev="0" fileid="43" />
                <SequencePoint vc="36" uspid="6576" ordinal="0" offset="223" sl="88" sc="9" el="88" ec="9" bec="0" bev="0" fileid="43" />
              </SequencePoints>
              <BranchPoints />
            </Method>
            <Method visited="true" cyclomaticComplexity="0" nPathComplexity="0" sequenceCoverage="80.00" branchCoverage="0" crapScore="0" isConstructor="false" isStatic="true" isGetter="false" isSetter="false">
              <Summary numSequencePoints="15" visitedSequencePoints="12" numBranchPoints="0" visitedBranchPoints="0" sequenceCoverage="80.00" branchCoverage="0" maxCyclomaticComplexity="0" minCyclomaticComplexity="0" maxCrapScore="0" minCrapScore="0" visitedClasses="0" numClasses="0" visitedMethods="1" numMethods="1" />
              <MetadataToken>100663388</MetadataToken>
              <Name>static System.Int32 PuzzleGeneration.PieceMeshGenerator::MakeTriangle(System.Collections.Generic.List[Vector2], System.Collections.Generic.List[Int32])</Name>
              <FileRef uid="43" />
              <SequencePoints>
                <SequencePoint vc="36" uspid="6577" ordinal="0" offset="0" sl="91" sc="9" el="91" ec="9" bec="0" bev="0" fileid="43" />
                <SequencePoint vc="36" uspid="6578" ordinal="0" offset="1" sl="92" sc="13" el="92" ec="13" bec="0" bev="0" fileid="43" />
                <SequencePoint vc="36" uspid="6579" ordinal="0" offset="8" sl="94" sc="18" el="94" ec="18" bec="0" bev="0" fileid="43" />
                <SequencePoint vc="36" uspid="6580" ordinal="0" offset="12" sl="95" sc="13" el="95" ec="13" bec="0" bev="0" fileid="43" />
                <SequencePoint vc="36" uspid="6581" ordinal="0" offset="13" sl="96" sc="17" el="96" ec="17" bec="0" bev="0" fileid="43" />
                <SequencePoint vc="36" uspid="6582" ordinal="0" offset="19" sl="97" sc="17" el="97" ec="17" bec="0" bev="0" fileid="43" />
                <SequencePoint vc="36" uspid="6583" ordinal="0" offset="25" sl="99" sc="17" el="99" ec="17" bec="0" bev="0" fileid="43" />
                <SequencePoint vc="36" uspid="6584" ordinal="0" offset="37" sl="101" sc="17" el="101" ec="17" bec="0" bev="0" fileid="43" />
                <SequencePoint vc="36" uspid="6585" ordinal="0" offset="45" sl="102" sc="17" el="102" ec="17" bec="0" bev="0" fileid="43" />
                <SequencePoint vc="36" uspid="6586" ordinal="0" offset="46" sl="103" sc="21" el="103" ec="21" bec="0" bev="0" fileid="43" />
                <SequencePoint vc="0" uspid="6587" ordinal="0" offset="51" sl="105" sc="13" el="105" ec="13" bec="0" bev="0" fileid="43" />
                <SequencePoint vc="0" uspid="6588" ordinal="0" offset="52" sl="94" sc="59" el="94" ec="59" bec="0" bev="0" fileid="43" />
                <SequencePoint vc="36" uspid="6589" ordinal="0" offset="56" sl="94" sc="30" el="94" ec="30" bec="0" bev="0" fileid="43" />
                <SequencePoint vc="0" uspid="6590" ordinal="0" offset="66" sl="107" sc="13" el="107" ec="13" bec="0" bev="0" fileid="43" />
                <SequencePoint vc="36" uspid="6591" ordinal="0" offset="71" sl="108" sc="9" el="108" ec="9" bec="0" bev="0" fileid="43" />
              </SequencePoints>
              <BranchPoints />
            </Method>
            <Method visited="true" cyclomaticComplexity="0" nPathComplexity="0" sequenceCoverage="84.21" branchCoverage="0" crapScore="0" isConstructor="false" isStatic="true" isGetter="false" isSetter="false">
              <Summary numSequencePoints="19" visitedSequencePoints="16" numBranchPoints="0" visitedBranchPoints="0" sequenceCoverage="84.21" branchCoverage="0" maxCyclomaticComplexity="0" minCyclomaticComplexity="0" maxCrapScore="0" minCrapScore="0" visitedClasses="0" numClasses="0" visitedMethods="1" numMethods="1" />
              <MetadataToken>100663389</MetadataToken>
              <Name>static System.Boolean PuzzleGeneration.PieceMeshGenerator::ValidTriangle(System.Int32, System.Int32, System.Int32, System.Collections.Generic.List[Vector2], System.Collections.Generic.List[Int32])</Name>
              <FileRef uid="43" />
              <SequencePoints>
                <SequencePoint vc="36" uspid="6592" ordinal="0" offset="0" sl="111" sc="9" el="111" ec="9" bec="0" bev="0" fileid="43" />
                <SequencePoint vc="36" uspid="6593" ordinal="0" offset="1" sl="112" sc="13" el="112" ec="13" bec="0" bev="0" fileid="43" />
                <SequencePoint vc="36" uspid="6594" ordinal="0" offset="16" sl="113" sc="13" el="113" ec="13" bec="0" bev="0" fileid="43" />
                <SequencePoint vc="36" uspid="6595" ordinal="0" offset="31" sl="114" sc="13" el="114" ec="13" bec="0" bev="0" fileid="43" />
                <SequencePoint vc="36" uspid="6596" ordinal="0" offset="46" sl="116" sc="13" el="116" ec="13" bec="0" bev="0" fileid="43" />
                <SequencePoint vc="0" uspid="6597" ordinal="0" offset="58" sl="116" sc="40" el="116" ec="40" bec="0" bev="0" fileid="43" />
                <SequencePoint vc="36" uspid="6598" ordinal="0" offset="63" sl="118" sc="18" el="118" ec="18" bec="0" bev="0" fileid="43" />
                <SequencePoint vc="144" uspid="6599" ordinal="0" offset="68" sl="119" sc="13" el="119" ec="13" bec="0" bev="0" fileid="43" />
                <SequencePoint vc="144" uspid="6600" ordinal="0" offset="69" sl="120" sc="17" el="120" ec="17" bec="0" bev="0" fileid="43" />
                <SequencePoint vc="108" uspid="6601" ordinal="0" offset="93" sl="120" sc="52" el="120" ec="52" bec="0" bev="0" fileid="43" />
                <SequencePoint vc="36" uspid="6602" ordinal="0" offset="95" sl="122" sc="17" el="122" ec="17" bec="0" bev="0" fileid="43" />
                <SequencePoint vc="36" uspid="6603" ordinal="0" offset="112" sl="124" sc="17" el="124" ec="17" bec="0" bev="0" fileid="43" />
                <SequencePoint vc="0" uspid="6604" ordinal="0" offset="128" sl="125" sc="17" el="125" ec="17" bec="0" bev="0" fileid="43" />
                <SequencePoint vc="0" uspid="6605" ordinal="0" offset="129" sl="126" sc="21" el="126" ec="21" bec="0" bev="0" fileid="43" />
                <SequencePoint vc="36" uspid="6606" ordinal="0" offset="134" sl="128" sc="13" el="128" ec="13" bec="0" bev="0" fileid="43" />
                <SequencePoint vc="144" uspid="6607" ordinal="0" offset="135" sl="118" sc="58" el="118" ec="58" bec="0" bev="0" fileid="43" />
                <SequencePoint vc="180" uspid="6608" ordinal="0" offset="141" sl="118" sc="29" el="118" ec="29" bec="0" bev="0" fileid="43" />
                <SequencePoint vc="36" uspid="6609" ordinal="0" offset="158" sl="130" sc="13" el="130" ec="13" bec="0" bev="0" fileid="43" />
                <SequencePoint vc="36" uspid="6610" ordinal="0" offset="163" sl="131" sc="9" el="131" ec="9" bec="0" bev="0" fileid="43" />
              </SequencePoints>
              <BranchPoints />
            </Method>
            <Method visited="true" cyclomaticComplexity="0" nPathComplexity="0" sequenceCoverage="100.0" branchCoverage="0" crapScore="0" isConstructor="false" isStatic="true" isGetter="false" isSetter="false">
              <Summary numSequencePoints="3" visitedSequencePoints="3" numBranchPoints="0" visitedBranchPoints="0" sequenceCoverage="100.0" branchCoverage="0" maxCyclomaticComplexity="0" minCyclomaticComplexity="0" maxCrapScore="0" minCrapScore="0" visitedClasses="0" numClasses="0" visitedMethods="1" numMethods="1" />
              <MetadataToken>100663390</MetadataToken>
              <Name>static System.Single PuzzleGeneration.PieceMeshGenerator::CrossProduct(UnityEngine.Vector2, UnityEngine.Vector2, UnityEngine.Vector2)</Name>
              <FileRef uid="43" />
              <SequencePoints>
                <SequencePoint vc="144" uspid="6611" ordinal="0" offset="0" sl="134" sc="9" el="134" ec="9" bec="0" bev="0" fileid="43" />
                <SequencePoint vc="144" uspid="6612" ordinal="0" offset="1" sl="135" sc="13" el="135" ec="13" bec="0" bev="0" fileid="43" />
                <SequencePoint vc="144" uspid="6613" ordinal="0" offset="59" sl="136" sc="9" el="136" ec="9" bec="0" bev="0" fileid="43" />
              </SequencePoints>
              <BranchPoints />
            </Method>
            <Method visited="true" cyclomaticComplexity="0" nPathComplexity="0" sequenceCoverage="100.0" branchCoverage="0" crapScore="0" isConstructor="false" isStatic="true" isGetter="false" isSetter="false">
              <Summary numSequencePoints="3" visitedSequencePoints="3" numBranchPoints="0" visitedBranchPoints="0" sequenceCoverage="100.0" branchCoverage="0" maxCyclomaticComplexity="0" minCyclomaticComplexity="0" maxCrapScore="0" minCrapScore="0" visitedClasses="0" numClasses="0" visitedMethods="1" numMethods="1" />
              <MetadataToken>100663391</MetadataToken>
              <Name>static System.Boolean PuzzleGeneration.PieceMeshGenerator::IsConcave(UnityEngine.Vector2, UnityEngine.Vector2, UnityEngine.Vector2)</Name>
              <FileRef uid="43" />
              <SequencePoints>
                <SequencePoint vc="36" uspid="6614" ordinal="0" offset="0" sl="140" sc="9" el="140" ec="9" bec="0" bev="0" fileid="43" />
                <SequencePoint vc="36" uspid="6615" ordinal="0" offset="1" sl="141" sc="13" el="141" ec="13" bec="0" bev="0" fileid="43" />
                <SequencePoint vc="36" uspid="6616" ordinal="0" offset="19" sl="142" sc="9" el="142" ec="9" bec="0" bev="0" fileid="43" />
              </SequencePoints>
              <BranchPoints />
            </Method>
            <Method visited="true" cyclomaticComplexity="0" nPathComplexity="0" sequenceCoverage="100.0" branchCoverage="0" crapScore="0" isConstructor="false" isStatic="true" isGetter="false" isSetter="false">
              <Summary numSequencePoints="6" visitedSequencePoints="6" numBranchPoints="0" visitedBranchPoints="0" sequenceCoverage="100.0" branchCoverage="0" maxCyclomaticComplexity="0" minCyclomaticComplexity="0" maxCrapScore="0" minCrapScore="0" visitedClasses="0" numClasses="0" visitedMethods="1" numMethods="1" />
              <MetadataToken>100663392</MetadataToken>
              <Name>static System.Boolean PuzzleGeneration.PieceMeshGenerator::InsideTriangle(UnityEngine.Vector2, UnityEngine.Vector2, UnityEngine.Vector2, UnityEngine.Vector2)</Name>
              <FileRef uid="43" />
              <SequencePoints>
                <SequencePoint vc="36" uspid="6617" ordinal="0" offset="0" sl="145" sc="9" el="145" ec="9" bec="0" bev="0" fileid="43" />
                <SequencePoint vc="36" uspid="6618" ordinal="0" offset="1" sl="146" sc="13" el="146" ec="13" bec="0" bev="0" fileid="43" />
                <SequencePoint vc="36" uspid="6619" ordinal="0" offset="10" sl="147" sc="13" el="147" ec="13" bec="0" bev="0" fileid="43" />
                <SequencePoint vc="36" uspid="6620" ordinal="0" offset="19" sl="148" sc="13" el="148" ec="13" bec="0" bev="0" fileid="43" />
                <SequencePoint vc="36" uspid="6621" ordinal="0" offset="28" sl="150" sc="13" el="150" ec="13" bec="0" bev="0" fileid="43" />
                <SequencePoint vc="36" uspid="6622" ordinal="0" offset="85" sl="152" sc="9" el="152" ec="9" bec="0" bev="0" fileid="43" />
              </SequencePoints>
              <BranchPoints />
            </Method>
            <Method visited="true" cyclomaticComplexity="0" nPathComplexity="0" sequenceCoverage="100.0" branchCoverage="0" crapScore="0" isConstructor="false" isStatic="true" isGetter="false" isSetter="false">
              <Summary numSequencePoints="8" visitedSequencePoints="8" numBranchPoints="0" visitedBranchPoints="0" sequenceCoverage="100.0" branchCoverage="0" maxCyclomaticComplexity="0" minCyclomaticComplexity="0" maxCrapScore="0" minCrapScore="0" visitedClasses="0" numClasses="0" visitedMethods="1" numMethods="1" />
              <MetadataToken>100663393</MetadataToken>
              <Name>static System.Int32[] PuzzleGeneration.PieceMeshGenerator::TriangulateBackAndSides(System.Collections.Generic.List[Vector2], System.Int32[])</Name>
              <FileRef uid="43" />
              <SequencePoints>
                <SequencePoint vc="36" uspid="6623" ordinal="0" offset="0" sl="155" sc="9" el="155" ec="9" bec="0" bev="0" fileid="43" />
                <SequencePoint vc="36" uspid="6624" ordinal="0" offset="1" sl="156" sc="13" el="156" ec="13" bec="0" bev="0" fileid="43" />
                <SequencePoint vc="36" uspid="6625" ordinal="0" offset="8" sl="157" sc="13" el="157" ec="13" bec="0" bev="0" fileid="43" />
                <SequencePoint vc="36" uspid="6626" ordinal="0" offset="12" sl="159" sc="13" el="159" ec="13" bec="0" bev="0" fileid="43" />
                <SequencePoint vc="36" uspid="6627" ordinal="0" offset="23" sl="161" sc="13" el="161" ec="13" bec="0" bev="0" fileid="43" />
                <SequencePoint vc="36" uspid="6628" ordinal="0" offset="32" sl="162" sc="13" el="162" ec="13" bec="0" bev="0" fileid="43" />
                <SequencePoint vc="36" uspid="6629" ordinal="0" offset="41" sl="164" sc="13" el="164" ec="13" bec="0" bev="0" fileid="43" />
                <SequencePoint vc="36" uspid="6630" ordinal="0" offset="45" sl="165" sc="9" el="165" ec="9" bec="0" bev="0" fileid="43" />
              </SequencePoints>
              <BranchPoints />
            </Method>
            <Method visited="true" cyclomaticComplexity="0" nPathComplexity="0" sequenceCoverage="100.0" branchCoverage="0" crapScore="0" isConstructor="false" isStatic="true" isGetter="false" isSetter="false">
              <Summary numSequencePoints="12" visitedSequencePoints="12" numBranchPoints="0" visitedBranchPoints="0" sequenceCoverage="100.0" branchCoverage="0" maxCyclomaticComplexity="0" minCyclomaticComplexity="0" maxCrapScore="0" minCrapScore="0" visitedClasses="0" numClasses="0" visitedMethods="1" numMethods="1" />
              <MetadataToken>100663394</MetadataToken>
              <Name>static System.Void PuzzleGeneration.PieceMeshGenerator::TriangulateBack(System.Int32[], System.Collections.Generic.List[Vector2], System.Int32[])</Name>
              <FileRef uid="43" />
              <SequencePoints>
                <SequencePoint vc="36" uspid="6631" ordinal="0" offset="0" sl="168" sc="9" el="168" ec="9" bec="0" bev="0" fileid="43" />
                <SequencePoint vc="36" uspid="6632" ordinal="0" offset="1" sl="169" sc="13" el="169" ec="13" bec="0" bev="0" fileid="43" />
                <SequencePoint vc="36" uspid="6633" ordinal="0" offset="8" sl="170" sc="13" el="170" ec="13" bec="0" bev="0" fileid="43" />
                <SequencePoint vc="36" uspid="6634" ordinal="0" offset="12" sl="172" sc="18" el="172" ec="18" bec="0" bev="0" fileid="43" />
                <SequencePoint vc="72" uspid="6635" ordinal="0" offset="16" sl="173" sc="13" el="173" ec="13" bec="0" bev="0" fileid="43" />
                <SequencePoint vc="72" uspid="6636" ordinal="0" offset="17" sl="174" sc="17" el="174" ec="17" bec="0" bev="0" fileid="43" />
                <SequencePoint vc="72" uspid="6637" ordinal="0" offset="27" sl="175" sc="17" el="175" ec="17" bec="0" bev="0" fileid="43" />
                <SequencePoint vc="72" uspid="6638" ordinal="0" offset="39" sl="176" sc="17" el="176" ec="17" bec="0" bev="0" fileid="43" />
                <SequencePoint vc="72" uspid="6639" ordinal="0" offset="49" sl="177" sc="13" el="177" ec="13" bec="0" bev="0" fileid="43" />
                <SequencePoint vc="72" uspid="6640" ordinal="0" offset="50" sl="172" sc="52" el="172" ec="52" bec="0" bev="0" fileid="43" />
                <SequencePoint vc="108" uspid="6641" ordinal="0" offset="54" sl="172" sc="29" el="172" ec="29" bec="0" bev="0" fileid="43" />
                <SequencePoint vc="36" uspid="6642" ordinal="0" offset="62" sl="178" sc="9" el="178" ec="9" bec="0" bev="0" fileid="43" />
              </SequencePoints>
              <BranchPoints />
            </Method>
            <Method visited="true" cyclomaticComplexity="0" nPathComplexity="0" sequenceCoverage="100.0" branchCoverage="0" crapScore="0" isConstructor="false" isStatic="true" isGetter="false" isSetter="false">
              <Summary numSequencePoints="15" visitedSequencePoints="15" numBranchPoints="0" visitedBranchPoints="0" sequenceCoverage="100.0" branchCoverage="0" maxCyclomaticComplexity="0" minCyclomaticComplexity="0" maxCrapScore="0" minCrapScore="0" visitedClasses="0" numClasses="0" visitedMethods="1" numMethods="1" />
              <MetadataToken>100663395</MetadataToken>
              <Name>static System.Void PuzzleGeneration.PieceMeshGenerator::TriangulateSides(System.Int32[], System.Collections.Generic.List[Vector2], System.Int32)</Name>
              <FileRef uid="43" />
              <SequencePoints>
                <SequencePoint vc="36" uspid="6643" ordinal="0" offset="0" sl="181" sc="9" el="181" ec="9" bec="0" bev="0" fileid="43" />
                <SequencePoint vc="36" uspid="6644" ordinal="0" offset="1" sl="182" sc="13" el="182" ec="13" bec="0" bev="0" fileid="43" />
                <SequencePoint vc="36" uspid="6645" ordinal="0" offset="8" sl="184" sc="18" el="184" ec="18" bec="0" bev="0" fileid="43" />
                <SequencePoint vc="144" uspid="6646" ordinal="0" offset="12" sl="185" sc="13" el="185" ec="13" bec="0" bev="0" fileid="43" />
                <SequencePoint vc="144" uspid="6647" ordinal="0" offset="13" sl="186" sc="17" el="186" ec="17" bec="0" bev="0" fileid="43" />
                <SequencePoint vc="144" uspid="6648" ordinal="0" offset="19" sl="188" sc="17" el="188" ec="17" bec="0" bev="0" fileid="43" />
                <SequencePoint vc="144" uspid="6649" ordinal="0" offset="23" sl="189" sc="17" el="189" ec="17" bec="0" bev="0" fileid="43" />
                <SequencePoint vc="144" uspid="6650" ordinal="0" offset="31" sl="190" sc="17" el="190" ec="17" bec="0" bev="0" fileid="43" />
                <SequencePoint vc="144" uspid="6651" ordinal="0" offset="41" sl="192" sc="17" el="192" ec="17" bec="0" bev="0" fileid="43" />
                <SequencePoint vc="144" uspid="6652" ordinal="0" offset="49" sl="193" sc="17" el="193" ec="17" bec="0" bev="0" fileid="43" />
                <SequencePoint vc="144" uspid="6653" ordinal="0" offset="61" sl="194" sc="17" el="194" ec="17" bec="0" bev="0" fileid="43" />
                <SequencePoint vc="144" uspid="6654" ordinal="0" offset="71" sl="195" sc="13" el="195" ec="13" bec="0" bev="0" fileid="43" />
                <SequencePoint vc="144" uspid="6655" ordinal="0" offset="72" sl="184" sc="52" el="184" ec="52" bec="0" bev="0" fileid="43" />
                <SequencePoint vc="180" uspid="6656" ordinal="0" offset="76" sl="184" sc="29" el="184" ec="29" bec="0" bev="0" fileid="43" />
                <SequencePoint vc="36" uspid="6657" ordinal="0" offset="84" sl="196" sc="9" el="196" ec="9" bec="0" bev="0" fileid="43" />
              </SequencePoints>
              <BranchPoints />
            </Method>
          </Methods>
        </Class>
        <Class>
          <Summary numSequencePoints="7" visitedSequencePoints="7" numBranchPoints="0" visitedBranchPoints="0" sequenceCoverage="100.0" branchCoverage="0.0" maxCyclomaticComplexity="0" minCyclomaticComplexity="0" maxCrapScore="0" minCrapScore="0" visitedClasses="1" numClasses="1" visitedMethods="1" numMethods="1" />
          <FullName>PuzzleGeneration.PuzzleLayout</FullName>
          <Methods>
            <Method visited="true" cyclomaticComplexity="0" nPathComplexity="0" sequenceCoverage="100.0" branchCoverage="0" crapScore="0" isConstructor="true" isStatic="false" isGetter="false" isSetter="false">
              <Summary numSequencePoints="7" visitedSequencePoints="7" numBranchPoints="0" visitedBranchPoints="0" sequenceCoverage="100.0" branchCoverage="0" maxCyclomaticComplexity="0" minCyclomaticComplexity="0" maxCrapScore="0" minCrapScore="0" visitedClasses="0" numClasses="0" visitedMethods="1" numMethods="1" />
              <MetadataToken>100663396</MetadataToken>
              <Name>PuzzleGeneration.PuzzleLayout::PuzzleLayout(System.Single, System.Single, PuzzleGeneration.PieceShape, System.Collections.Generic.List[PieceCut])</Name>
              <FileRef uid="44" />
              <SequencePoints>
                <SequencePoint vc="38" uspid="6658" ordinal="0" offset="0" sl="15" sc="9" el="15" ec="9" bec="0" bev="0" fileid="44" />
                <SequencePoint vc="38" uspid="6659" ordinal="0" offset="7" sl="16" sc="9" el="16" ec="9" bec="0" bev="0" fileid="44" />
                <SequencePoint vc="38" uspid="6660" ordinal="0" offset="8" sl="17" sc="13" el="17" ec="13" bec="0" bev="0" fileid="44" />
                <SequencePoint vc="38" uspid="6661" ordinal="0" offset="15" sl="18" sc="13" el="18" ec="13" bec="0" bev="0" fileid="44" />
                <SequencePoint vc="38" uspid="6662" ordinal="0" offset="22" sl="19" sc="13" el="19" ec="13" bec="0" bev="0" fileid="44" />
                <SequencePoint vc="38" uspid="6663" ordinal="0" offset="29" sl="20" sc="13" el="20" ec="13" bec="0" bev="0" fileid="44" />
                <SequencePoint vc="38" uspid="6664" ordinal="0" offset="37" sl="21" sc="9" el="21" ec="9" bec="0" bev="0" fileid="44" />
              </SequencePoints>
              <BranchPoints />
            </Method>
          </Methods>
        </Class>
        <Class>
          <Summary numSequencePoints="36" visitedSequencePoints="36" numBranchPoints="0" visitedBranchPoints="0" sequenceCoverage="100.0" branchCoverage="0.0" maxCyclomaticComplexity="0" minCyclomaticComplexity="0" maxCrapScore="0" minCrapScore="0" visitedClasses="1" numClasses="1" visitedMethods="2" numMethods="2" />
[...]
                <SequencePoint vc="1" uspid="7396" ordinal="0" offset="153" sl="510" sc="13" el="510" ec="13" bec="0" bev="0" fileid="56" />
                <SequencePoint vc="1" uspid="7397" ordinal="0" offset="164" sl="511" sc="13" el="511" ec="13" bec="0" bev="0" fileid="56" />
                <SequencePoint vc="1" uspid="7398" ordinal="0" offset="180" sl="513" sc="13" el="513" ec="13" bec="0" bev="0" fileid="56" />
                <SequencePoint vc="1" uspid="7399" ordinal="0" offset="200" sl="514" sc="13" el="514" ec="13" bec="0" bev="0" fileid="56" />
                <SequencePoint vc="1" uspid="7400" ordinal="0" offset="211" sl="516" sc="13" el="516" ec="13" bec="0" bev="0" fileid="56" />
                <SequencePoint vc="1" uspid="7401" ordinal="0" offset="227" sl="517" sc="13" el="517" ec="13" bec="0" bev="0" fileid="56" />
                <SequencePoint vc="1" uspid="7402" ordinal="0" offset="238" sl="519" sc="13" el="519" ec="13" bec="0" bev="0" fileid="56" />
                <SequencePoint vc="1" uspid="7403" ordinal="0" offset="260" sl="520" sc="13" el="520" ec="13" bec="0" bev="0" fileid="56" />
                <SequencePoint vc="1" uspid="7404" ordinal="0" offset="274" sl="521" sc="13" el="521" ec="13" bec="0" bev="0" fileid="56" />
                <SequencePoint vc="1" uspid="7405" ordinal="0" offset="296" sl="523" sc="13" el="523" ec="13" bec="0" bev="0" fileid="56" />
                <SequencePoint vc="1" uspid="7406" ordinal="0" offset="309" sl="525" sc="13" el="525" ec="13" bec="0" bev="0" fileid="56" />
                <SequencePoint vc="1" uspid="7407" ordinal="0" offset="343" sl="527" sc="13" el="527" ec="13" bec="0" bev="0" fileid="56" />
                <SequencePoint vc="1" uspid="7408" ordinal="0" offset="350" sl="528" sc="9" el="528" ec="9" bec="0" bev="0" fileid="56" />
              </SequencePoints>
              <BranchPoints />
            </Method>
            <Method visited="true" cyclomaticComplexity="0" nPathComplexity="0" sequenceCoverage="100.0" branchCoverage="0" crapScore="0" isConstructor="false" isStatic="false" isGetter="false" isSetter="false">
              <Summary numSequencePoints="24" visitedSequencePoints="24" numBranchPoints="0" visitedBranchPoints="0" sequenceCoverage="100.0" branchCoverage="0" maxCyclomaticComplexity="0" minCyclomaticComplexity="0" maxCrapScore="0" minCrapScore="0" visitedClasses="0" numClasses="0" visitedMethods="1" numMethods="1" />
              <MetadataToken>100663342</MetadataToken>
              <Name>System.Void Tests.PieceTests::SnapIntoPlaceWithOffsetAndRotation()</Name>
              <FileRef uid="56" />
              <SequencePoints>
                <SequencePoint vc="1" uspid="7409" ordinal="0" offset="0" sl="532" sc="9" el="532" ec="9" bec="0" bev="0" fileid="56" />
                <SequencePoint vc="1" uspid="7410" ordinal="0" offset="1" sl="533" sc="13" el="533" ec="13" bec="0" bev="0" fileid="56" />
                <SequencePoint vc="1" uspid="7411" ordinal="0" offset="12" sl="534" sc="13" el="534" ec="13" bec="0" bev="0" fileid="56" />
                <SequencePoint vc="1" uspid="7412" ordinal="0" offset="19" sl="536" sc="13" el="536" ec="13" bec="0" bev="0" fileid="56" />
                <SequencePoint vc="1" uspid="7413" ordinal="0" offset="25" sl="537" sc="13" el="537" ec="13" bec="0" bev="0" fileid="56" />
                <SequencePoint vc="1" uspid="7414" ordinal="0" offset="47" sl="539" sc="13" el="539" ec="13" bec="0" bev="0" fileid="56" />
                <SequencePoint vc="1" uspid="7415" ordinal="0" offset="142" sl="547" sc="13" el="547" ec="13" bec="0" bev="0" fileid="56" />
                <SequencePoint vc="1" uspid="7416" ordinal="0" offset="153" sl="548" sc="13" el="548" ec="13" bec="0" bev="0" fileid="56" />
                <SequencePoint vc="1" uspid="7417" ordinal="0" offset="164" sl="549" sc="13" el="549" ec="13" bec="0" bev="0" fileid="56" />
                <SequencePoint vc="1" uspid="7418" ordinal="0" offset="180" sl="551" sc="13" el="551" ec="13" bec="0" bev="0" fileid="56" />
                <SequencePoint vc="1" uspid="7419" ordinal="0" offset="200" sl="552" sc="13" el="552" ec="13" bec="0" bev="0" fileid="56" />
                <SequencePoint vc="1" uspid="7420" ordinal="0" offset="211" sl="554" sc="13" el="554" ec="13" bec="0" bev="0" fileid="56" />
                <SequencePoint vc="1" uspid="7421" ordinal="0" offset="227" sl="555" sc="13" el="555" ec="13" bec="0" bev="0" fileid="56" />
                <SequencePoint vc="1" uspid="7422" ordinal="0" offset="238" sl="557" sc="13" el="557" ec="13" bec="0" bev="0" fileid="56" />
                <SequencePoint vc="1" uspid="7423" ordinal="0" offset="270" sl="558" sc="13" el="558" ec="13" bec="0" bev="0" fileid="56" />
                <SequencePoint vc="1" uspid="7424" ordinal="0" offset="302" sl="560" sc="13" el="560" ec="13" bec="0" bev="0" fileid="56" />
                <SequencePoint vc="1" uspid="7425" ordinal="0" offset="315" sl="562" sc="13" el="562" ec="13" bec="0" bev="0" fileid="56" />
                <SequencePoint vc="1" uspid="7426" ordinal="0" offset="340" sl="563" sc="13" el="563" ec="13" bec="0" bev="0" fileid="56" />
                <SequencePoint vc="1" uspid="7427" ordinal="0" offset="360" sl="565" sc="13" el="565" ec="13" bec="0" bev="0" fileid="56" />
                <SequencePoint vc="1" uspid="7428" ordinal="0" offset="405" sl="566" sc="13" el="566" ec="13" bec="0" bev="0" fileid="56" />
                <SequencePoint vc="1" uspid="7429" ordinal="0" offset="450" sl="567" sc="13" el="567" ec="13" bec="0" bev="0" fileid="56" />
                <SequencePoint vc="1" uspid="7430" ordinal="0" offset="495" sl="568" sc="13" el="568" ec="13" bec="0" bev="0" fileid="56" />
                <SequencePoint vc="1" uspid="7431" ordinal="0" offset="538" sl="570" sc="13" el="570" ec="13" bec="0" bev="0" fileid="56" />
                <SequencePoint vc="1" uspid="7432" ordinal="0" offset="545" sl="571" sc="9" el="571" ec="9" bec="0" bev="0" fileid="56" />
              </SequencePoints>
              <BranchPoints />
            </Method>
          </Methods>
        </Class>
        <Class>
          <Summary numSequencePoints="54" visitedSequencePoints="54" numBranchPoints="0" visitedBranchPoints="0" sequenceCoverage="100.0" branchCoverage="0.0" maxCyclomaticComplexity="0" minCyclomaticComplexity="0" maxCrapScore="0" minCrapScore="0" visitedClasses="1" numClasses="1" visitedMethods="7" numMethods="7" />
          <FullName>Tests.RectanglePuzzleGeneratorTests</FullName>
          <Methods>
            <Method visited="true" cyclomaticComplexity="0" nPathComplexity="0" sequenceCoverage="100.0" branchCoverage="0" crapScore="0" isConstructor="false" isStatic="false" isGetter="false" isSetter="false">
              <Summary numSequencePoints="4" visitedSequencePoints="4" numBranchPoints="0" visitedBranchPoints="0" sequenceCoverage="100.0" branchCoverage="0" maxCyclomaticComplexity="0" minCyclomaticComplexity="0" maxCrapScore="0" minCrapScore="0" visitedClasses="0" numClasses="0" visitedMethods="1" numMethods="1" />
              <MetadataToken>100663344</MetadataToken>
              <Name>System.Void Tests.RectanglePuzzleGeneratorTests::SetUp()</Name>
              <FileRef uid="57" />
              <SequencePoints>
                <SequencePoint vc="5" uspid="7433" ordinal="0" offset="0" sl="17" sc="9" el="17" ec="9" bec="0" bev="0" fileid="57" />
                <SequencePoint vc="5" uspid="7434" ordinal="0" offset="1" sl="18" sc="13" el="18" ec="13" bec="0" bev="0" fileid="57" />
                <SequencePoint vc="5" uspid="7435" ordinal="0" offset="12" sl="19" sc="13" el="19" ec="13" bec="0" bev="0" fileid="57" />
                <SequencePoint vc="5" uspid="7436" ordinal="0" offset="30" sl="20" sc="9" el="20" ec="9" bec="0" bev="0" fileid="57" />
              </SequencePoints>
              <BranchPoints />
            </Method>
            <Method visited="true" cyclomaticComplexity="0" nPathComplexity="0" sequenceCoverage="100.0" branchCoverage="0" crapScore="0" isConstructor="false" isStatic="false" isGetter="false" isSetter="false">
              <Summary numSequencePoints="3" visitedSequencePoints="3" numBranchPoints="0" visitedBranchPoints="0" sequenceCoverage="100.0" branchCoverage="0" maxCyclomaticComplexity="0" minCyclomaticComplexity="0" maxCrapScore="0" minCrapScore="0" visitedClasses="0" numClasses="0" visitedMethods="1" numMethods="1" />
              <MetadataToken>100663345</MetadataToken>
              <Name>System.Void Tests.RectanglePuzzleGeneratorTests::TearDown()</Name>
              <FileRef uid="57" />
              <SequencePoints>
                <SequencePoint vc="5" uspid="7437" ordinal="0" offset="0" sl="24" sc="9" el="24" ec="9" bec="0" bev="0" fileid="57" />
                <SequencePoint vc="5" uspid="7438" ordinal="0" offset="1" sl="25" sc="13" el="25" ec="13" bec="0" bev="0" fileid="57" />
                <SequencePoint vc="5" uspid="7439" ordinal="0" offset="13" sl="26" sc="9" el="26" ec="9" bec="0" bev="0" fileid="57" />
              </SequencePoints>
              <BranchPoints />
            </Method>
            <Method visited="true" cyclomaticComplexity="0" nPathComplexity="0" sequenceCoverage="100.0" branchCoverage="0" crapScore="0" isConstructor="false" isStatic="false" isGetter="false" isSetter="false">
              <Summary numSequencePoints="6" visitedSequencePoints="6" numBranchPoints="0" visitedBranchPoints="0" sequenceCoverage="100.0" branchCoverage="0" maxCyclomaticComplexity="0" minCyclomaticComplexity="0" maxCrapScore="0" minCrapScore="0" visitedClasses="0" numClasses="0" visitedMethods="1" numMethods="1" />
              <MetadataToken>100663346</MetadataToken>
              <Name>System.Void Tests.RectanglePuzzleGeneratorTests::GeneratesCorrectPieceDimensions()</Name>
              <FileRef uid="57" />
              <SequencePoints>
                <SequencePoint vc="1" uspid="7440" ordinal="0" offset="0" sl="32" sc="9" el="32" ec="9" bec="0" bev="0" fileid="57" />
                <SequencePoint vc="1" uspid="7441" ordinal="0" offset="1" sl="33" sc="13" el="33" ec="13" bec="0" bev="0" fileid="57" />
                <SequencePoint vc="1" uspid="7442" ordinal="0" offset="14" sl="35" sc="13" el="35" ec="13" bec="0" bev="0" fileid="57" />
                <SequencePoint vc="1" uspid="7443" ordinal="0" offset="34" sl="37" sc="13" el="37" ec="13" bec="0" bev="0" fileid="57" />
                <SequencePoint vc="1" uspid="7444" ordinal="0" offset="65" sl="38" sc="13" el="38" ec="13" bec="0" bev="0" fileid="57" />
                <SequencePoint vc="1" uspid="7445" ordinal="0" offset="96" sl="39" sc="9" el="39" ec="9" bec="0" bev="0" fileid="57" />
              </SequencePoints>
              <BranchPoints />
            </Method>
            <Method visited="true" cyclomaticComplexity="0" nPathComplexity="0" sequenceCoverage="100.0" branchCoverage="0" crapScore="0" isConstructor="false" isStatic="false" isGetter="false" isSetter="false">
              <Summary numSequencePoints="7" visitedSequencePoints="7" numBranchPoints="0" visitedBranchPoints="0" sequenceCoverage="100.0" branchCoverage="0" maxCyclomaticComplexity="0" minCyclomaticComplexity="0" maxCrapScore="0" minCrapScore="0" visitedClasses="0" numClasses="0" visitedMethods="1" numMethods="1" />
              <MetadataToken>100663347</MetadataToken>
              <Name>System.Void Tests.RectanglePuzzleGeneratorTests::GeneratesCorrectNumberOfPieces()</Name>
              <FileRef uid="57" />
              <SequencePoints>
                <SequencePoint vc="1" uspid="7446" ordinal="0" offset="0" sl="43" sc="9" el="43" ec="9" bec="0" bev="0" fileid="57" />
                <SequencePoint vc="1" uspid="7447" ordinal="0" offset="1" sl="44" sc="13" el="44" ec="13" bec="0" bev="0" fileid="57" />
                <SequencePoint vc="1" uspid="7448" ordinal="0" offset="14" sl="46" sc="13" el="46" ec="13" bec="0" bev="0" fileid="57" />
                <SequencePoint vc="1" uspid="7449" ordinal="0" offset="16" sl="47" sc="13" el="47" ec="13" bec="0" bev="0" fileid="57" />
                <SequencePoint vc="1" uspid="7450" ordinal="0" offset="18" sl="49" sc="13" el="49" ec="13" bec="0" bev="0" fileid="57" />
                <SequencePoint vc="1" uspid="7451" ordinal="0" offset="38" sl="51" sc="13" el="51" ec="13" bec="0" bev="0" fileid="57" />
                <SequencePoint vc="1" uspid="7452" ordinal="0" offset="66" sl="52" sc="9" el="52" ec="9" bec="0" bev="0" fileid="57" />
              </SequencePoints>
              <BranchPoints />
            </Method>
            <Method visited="true" cyclomaticComplexity="0" nPathComplexity="0" sequenceCoverage="100.0" branchCoverage="0" crapScore="0" isConstructor="false" isStatic="false" isGetter="false" isSetter="false">
              <Summary numSequencePoints="7" visitedSequencePoints="7" numBranchPoints="0" visitedBranchPoints="0" sequenceCoverage="100.0" branchCoverage="0" maxCyclomaticComplexity="0" minCyclomaticComplexity="0" maxCrapScore="0" minCrapScore="0" visitedClasses="0" numClasses="0" visitedMethods="1" numMethods="1" />
              <MetadataToken>100663348</MetadataToken>
              <Name>System.Void Tests.RectanglePuzzleGeneratorTests::GeneratesCorrectShape()</Name>
              <FileRef uid="57" />
              <SequencePoints>
                <SequencePoint vc="1" uspid="7453" ordinal="0" offset="0" sl="56" sc="9" el="56" ec="9" bec="0" bev="0" fileid="57" />
                <SequencePoint vc="1" uspid="7454" ordinal="0" offset="1" sl="57" sc="13" el="57" ec="13" bec="0" bev="0" fileid="57" />
                <SequencePoint vc="1" uspid="7455" ordinal="0" offset="14" sl="59" sc="13" el="59" ec="13" bec="0" bev="0" fileid="57" />
                <SequencePoint vc="1" uspid="7456" ordinal="0" offset="16" sl="60" sc="13" el="60" ec="13" bec="0" bev="0" fileid="57" />
                <SequencePoint vc="1" uspid="7457" ordinal="0" offset="18" sl="62" sc="13" el="62" ec="13" bec="0" bev="0" fileid="57" />
                <SequencePoint vc="1" uspid="7458" ordinal="0" offset="38" sl="64" sc="13" el="64" ec="13" bec="0" bev="0" fileid="57" />
                <SequencePoint vc="1" uspid="7459" ordinal="0" offset="61" sl="65" sc="9" el="65" ec="9" bec="0" bev="0" fileid="57" />
              </SequencePoints>
              <BranchPoints />
            </Method>
            <Method visited="true" cyclomaticComplexity="0" nPathComplexity="0" sequenceCoverage="100.0" branchCoverage="0" crapScore="0" isConstructor="false" isStatic="false" isGetter="false" isSetter="false">
              <Summary numSequencePoints="15" visitedSequencePoints="15" numBranchPoints="0" visitedBranchPoints="0" sequenceCoverage="100.0" branchCoverage="0" maxCyclomaticComplexity="0" minCyclomaticComplexity="0" maxCrapScore="0" minCrapScore="0" visitedClasses="0" numClasses="0" visitedMethods="1" numMethods="1" />
              <MetadataToken>100663349</MetadataToken>
              <Name>System.Void Tests.RectanglePuzzleGeneratorTests::CorrectPieceIndicesAssigned()</Name>
              <FileRef uid="57" />
              <SequencePoints>
                <SequencePoint vc="1" uspid="7460" ordinal="0" offset="0" sl="73" sc="9" el="73" ec="9" bec="0" bev="0" fileid="57" />
                <SequencePoint vc="1" uspid="7461" ordinal="0" offset="1" sl="74" sc="13" el="74" ec="13" bec="0" bev="0" fileid="57" />
                <SequencePoint vc="1" uspid="7462" ordinal="0" offset="14" sl="76" sc="13" el="76" ec="13" bec="0" bev="0" fileid="57" />
                <SequencePoint vc="1" uspid="7463" ordinal="0" offset="16" sl="77" sc="13" el="77" ec="13" bec="0" bev="0" fileid="57" />
                <SequencePoint vc="1" uspid="7464" ordinal="0" offset="18" sl="78" sc="13" el="78" ec="13" bec="0" bev="0" fileid="57" />
                <SequencePoint vc="1" uspid="7465" ordinal="0" offset="38" sl="80" sc="13" el="80" ec="13" bec="0" bev="0" fileid="57" />
                <SequencePoint vc="1" uspid="7466" ordinal="0" offset="41" sl="82" sc="13" el="82" ec="13" bec="0" bev="0" fileid="57" />
                <SequencePoint vc="1" uspid="7467" ordinal="0" offset="42" sl="82" sc="38" el="82" ec="38" bec="0" bev="0" fileid="57" />
                <SequencePoint vc="8" uspid="7468" ordinal="0" offset="57" sl="82" sc="22" el="82" ec="22" bec="0" bev="0" fileid="57" />
                <SequencePoint vc="8" uspid="7469" ordinal="0" offset="66" sl="83" sc="13" el="83" ec="13" bec="0" bev="0" fileid="57" />
                <SequencePoint vc="8" uspid="7470" ordinal="0" offset="67" sl="84" sc="17" el="84" ec="17" bec="0" bev="0" fileid="57" />
                <SequencePoint vc="8" uspid="7471" ordinal="0" offset="92" sl="85" sc="17" el="85" ec="17" bec="0" bev="0" fileid="57" />
                <SequencePoint vc="8" uspid="7472" ordinal="0" offset="98" sl="86" sc="13" el="86" ec="13" bec="0" bev="0" fileid="57" />
                <SequencePoint vc="9" uspid="7473" ordinal="0" offset="99" sl="82" sc="35" el="82" ec="35" bec="0" bev="0" fileid="57" />
                <SequencePoint vc="1" uspid="7474" ordinal="0" offset="125" sl="87" sc="9" el="87" ec="9" bec="0" bev="0" fileid="57" />
              </SequencePoints>
              <BranchPoints />
            </Method>
            <Method visited="true" cyclomaticComplexity="0" nPathComplexity="0" sequenceCoverage="100.0" branchCoverage="0" crapScore="0" isConstructor="false" isStatic="false" isGetter="false" isSetter="false">
              <Summary numSequencePoints="12" visitedSequencePoints="12" numBranchPoints="0" visitedBranchPoints="0" sequenceCoverage="100.0" branchCoverage="0" maxCyclomaticComplexity="0" minCyclomaticComplexity="0" maxCrapScore="0" minCrapScore="0" visitedClasses="0" numClasses="0" visitedMethods="1" numMethods="1" />
              <MetadataToken>100663350</MetadataToken>
              <Name>System.Void Tests.RectanglePuzzleGeneratorTests::CorrectPieceFaceVerticesCount()</Name>
              <FileRef uid="57" />
              <SequencePoints>
                <SequencePoint vc="1" uspid="7475" ordinal="0" offset="0" sl="91" sc="9" el="91" ec="9" bec="0" bev="0" fileid="57" />
                <SequencePoint vc="1" uspid="7476" ordinal="0" offset="1" sl="92" sc="13" el="92" ec="13" bec="0" bev="0" fileid="57" />
                <SequencePoint vc="1" uspid="7477" ordinal="0" offset="3" sl="93" sc="13" el="93" ec="13" bec="0" bev="0" fileid="57" />
                <SequencePoint vc="1" uspid="7478" ordinal="0" offset="5" sl="94" sc="13" el="94" ec="13" bec="0" bev="0" fileid="57" />
                <SequencePoint vc="1" uspid="7479" ordinal="0" offset="30" sl="96" sc="13" el="96" ec="13" bec="0" bev="0" fileid="57" />
                <SequencePoint vc="1" uspid="7480" ordinal="0" offset="31" sl="96" sc="38" el="96" ec="38" bec="0" bev="0" fileid="57" />
                <SequencePoint vc="8" uspid="7481" ordinal="0" offset="45" sl="96" sc="22" el="96" ec="22" bec="0" bev="0" fileid="57" />
                <SequencePoint vc="8" uspid="7482" ordinal="0" offset="54" sl="97" sc="13" el="97" ec="13" bec="0" bev="0" fileid="57" />
                <SequencePoint vc="8" uspid="7483" ordinal="0" offset="55" sl="98" sc="17" el="98" ec="17" bec="0" bev="0" fileid="57" />
                <SequencePoint vc="8" uspid="7484" ordinal="0" offset="84" sl="99" sc="13" el="99" ec="13" bec="0" bev="0" fileid="57" />
                <SequencePoint vc="9" uspid="7485" ordinal="0" offset="85" sl="96" sc="35" el="96" ec="35" bec="0" bev="0" fileid="57" />
                <SequencePoint vc="1" uspid="7486" ordinal="0" offset="111" sl="100" sc="9" el="100" ec="9" bec="0" bev="0" fileid="57" />
              </SequencePoints>
              <BranchPoints />
            </Method>
          </Methods>
        </Class>
      </Classes>
    </Module>
  </Modules>
</CoverageSession>